<?xml version="1.0" encoding="UTF-8"?>
<robot generator="Robot 7.1.1 (Python 3.11.2 on win32)" generated="2024-10-26T14:23:53.991294" rpa="false" schemaversion="5">
<suite id="s1" name="Divisao" source="C:\Iterasys\CalculatorMobile140\tests\mobile\divisao.robot">
<kw name="Sauce Labs Open Application" owner="capabilities" type="SETUP">
<kw name="Open Application" owner="AppiumLibrary">
<arg>${REMOTE_URL}</arg>
<arg>platformName=Android</arg>
<arg>appium:platformVersion=9.0</arg>
<arg>appium:deviceName=Samsung Galaxy S9 FHD GoogleAPI Emulator</arg>
<arg>appium:deviceOrientation=portrait</arg>
<arg>appium:app=storage:filename=Calculator_8.4 (503542421)_APKPure.apk</arg>
<arg>appium:appPackage=com.google.android.calculator</arg>
<arg>appium:appActivity=com.android.calculator2.Calculator</arg>
<arg>appium:ensureWebviewsHavePages=${True}</arg>
<arg>appium:nativeWebScreenshot=${True}</arg>
<arg>appium:newCommandTimeout=${3600}</arg>
<arg>appium:connectHardwareKeyboard=${True}</arg>
<doc>Opens a new application to given Appium server.
Capabilities of appium server, Android and iOS,
Please check https://appium.io/docs/en/2.1/cli/args/
| *Option*            | *Man.* | *Description*     |
| remote_url          | Yes    | Appium server url |
| alias               | no     | alias             |
| strict_ssl          | No     | allows you to send commands to an invalid certificate host like a self-signed one. |</doc>
<status status="PASS" start="2024-10-26T14:23:54.186241" elapsed="40.456613"/>
</kw>
<status status="PASS" start="2024-10-26T14:23:54.186241" elapsed="40.456613"/>
</kw>
<test id="s1-t1" name="TC001" line="12">
<kw name="Divisao dois numeros - 1 digito">
<kw name="Set Variable" owner="BuiltIn">
<msg time="2024-10-26T14:24:34.642854" level="INFO">${n1} = accessibility_id=7</msg>
<var>${n1}</var>
<arg>accessibility_id=${number_1}</arg>
<doc>Returns the given values which can then be assigned to a variables.</doc>
<status status="PASS" start="2024-10-26T14:24:34.642854" elapsed="0.000000"/>
</kw>
<kw name="Click Element" owner="AppiumLibrary">
<msg time="2024-10-26T14:24:34.642854" level="INFO">Clicking element 'accessibility_id=7'.</msg>
<arg>${n1}</arg>
<doc>Click element identified by `locator`.</doc>
<status status="PASS" start="2024-10-26T14:24:34.642854" elapsed="1.760096"/>
</kw>
<kw name="Set Variable" owner="BuiltIn">
<msg time="2024-10-26T14:24:36.402950" level="INFO">${divide} = accessibility_id=divide</msg>
<var>${divide}</var>
<arg>accessibility_id=divide</arg>
<doc>Returns the given values which can then be assigned to a variables.</doc>
<status status="PASS" start="2024-10-26T14:24:36.402950" elapsed="0.000000"/>
</kw>
<kw name="Click Element" owner="AppiumLibrary">
<msg time="2024-10-26T14:24:36.402950" level="INFO">Clicking element 'accessibility_id=divide'.</msg>
<arg>${divide}</arg>
<doc>Click element identified by `locator`.</doc>
<status status="PASS" start="2024-10-26T14:24:36.402950" elapsed="1.378556"/>
</kw>
<kw name="Set Variable" owner="BuiltIn">
<msg time="2024-10-26T14:24:37.781506" level="INFO">${n2} = accessibility_id=1</msg>
<var>${n2}</var>
<arg>accessibility_id=${number_2}</arg>
<doc>Returns the given values which can then be assigned to a variables.</doc>
<status status="PASS" start="2024-10-26T14:24:37.781506" elapsed="0.000000"/>
</kw>
<kw name="Click Element" owner="AppiumLibrary">
<msg time="2024-10-26T14:24:37.781506" level="INFO">Clicking element 'accessibility_id=1'.</msg>
<arg>${n2}</arg>
<doc>Click element identified by `locator`.</doc>
<status status="PASS" start="2024-10-26T14:24:37.781506" elapsed="1.329666"/>
</kw>
<kw name="Set Variable" owner="BuiltIn">
<msg time="2024-10-26T14:24:39.111172" level="INFO">${equals} = accessibility_id=equals</msg>
<var>${equals}</var>
<arg>accessibility_id=equals</arg>
<doc>Returns the given values which can then be assigned to a variables.</doc>
<status status="PASS" start="2024-10-26T14:24:39.111172" elapsed="0.000000"/>
</kw>
<kw name="Click Element" owner="AppiumLibrary">
<msg time="2024-10-26T14:24:39.111172" level="INFO">Clicking element 'accessibility_id=equals'.</msg>
<arg>${equals}</arg>
<doc>Click element identified by `locator`.</doc>
<status status="PASS" start="2024-10-26T14:24:39.111172" elapsed="1.686881"/>
</kw>
<kw name="Set Variable" owner="BuiltIn">
<msg time="2024-10-26T14:24:40.798053" level="INFO">${result} = id=com.google.android.calculator:id/result_final</msg>
<var>${result}</var>
<arg>id=com.google.android.calculator:id/result_final</arg>
<doc>Returns the given values which can then be assigned to a variables.</doc>
<status status="PASS" start="2024-10-26T14:24:40.798053" elapsed="0.000000"/>
</kw>
<kw name="Element Text Should Be" owner="AppiumLibrary">
<msg time="2024-10-26T14:24:40.798053" level="INFO">Verifying element 'id=com.google.android.calculator:id/result_final' contains exactly text '7'.</msg>
<msg time="2024-10-26T14:24:41.299846" level="INFO">criteria is com.google.android.calculator:id/result_final</msg>
<arg>${result}</arg>
<arg>${result_expected}</arg>
<doc>Verifies element identified by ``locator`` exactly contains text ``expected``.</doc>
<status status="PASS" start="2024-10-26T14:24:40.798053" elapsed="0.501793"/>
</kw>
<arg>7</arg>
<arg>1</arg>
<arg>7</arg>
<status status="PASS" start="2024-10-26T14:24:34.642854" elapsed="6.656992"/>
</kw>
<kw name="Limpar calculadora" owner="capabilities" type="TEARDOWN">
<kw name="Set Variable" owner="BuiltIn">
<msg time="2024-10-26T14:24:41.299846" level="INFO">${clear} = accessibility_id=clear</msg>
<var>${clear}</var>
<arg>accessibility_id=clear</arg>
<doc>Returns the given values which can then be assigned to a variables.</doc>
<status status="PASS" start="2024-10-26T14:24:41.299846" elapsed="0.000000"/>
</kw>
<kw name="Click Element" owner="AppiumLibrary">
<msg time="2024-10-26T14:24:41.299846" level="INFO">Clicking element 'accessibility_id=clear'.</msg>
<arg>${clear}</arg>
<doc>Click element identified by `locator`.</doc>
<status status="PASS" start="2024-10-26T14:24:41.299846" elapsed="1.349124"/>
</kw>
<status status="PASS" start="2024-10-26T14:24:41.299846" elapsed="1.349124"/>
</kw>
<status status="PASS" start="2024-10-26T14:24:34.642854" elapsed="8.006116"/>
</test>
<test id="s1-t2" name="TC002" line="13">
<kw name="Divisao dois numeros - 1 digito">
<kw name="Set Variable" owner="BuiltIn">
<msg time="2024-10-26T14:24:42.648970" level="INFO">${n1} = accessibility_id=0</msg>
<var>${n1}</var>
<arg>accessibility_id=${number_1}</arg>
<doc>Returns the given values which can then be assigned to a variables.</doc>
<status status="PASS" start="2024-10-26T14:24:42.648970" elapsed="0.000000"/>
</kw>
<kw name="Click Element" owner="AppiumLibrary">
<msg time="2024-10-26T14:24:42.648970" level="INFO">Clicking element 'accessibility_id=0'.</msg>
<arg>${n1}</arg>
<doc>Click element identified by `locator`.</doc>
<status status="PASS" start="2024-10-26T14:24:42.648970" elapsed="1.321433"/>
</kw>
<kw name="Set Variable" owner="BuiltIn">
<msg time="2024-10-26T14:24:43.970403" level="INFO">${divide} = accessibility_id=divide</msg>
<var>${divide}</var>
<arg>accessibility_id=divide</arg>
<doc>Returns the given values which can then be assigned to a variables.</doc>
<status status="PASS" start="2024-10-26T14:24:43.970403" elapsed="0.000000"/>
</kw>
<kw name="Click Element" owner="AppiumLibrary">
<msg time="2024-10-26T14:24:43.970403" level="INFO">Clicking element 'accessibility_id=divide'.</msg>
<arg>${divide}</arg>
<doc>Click element identified by `locator`.</doc>
<status status="PASS" start="2024-10-26T14:24:43.970403" elapsed="1.303060"/>
</kw>
<kw name="Set Variable" owner="BuiltIn">
<msg time="2024-10-26T14:24:45.274005" level="INFO">${n2} = accessibility_id=3</msg>
<var>${n2}</var>
<arg>accessibility_id=${number_2}</arg>
<doc>Returns the given values which can then be assigned to a variables.</doc>
<status status="PASS" start="2024-10-26T14:24:45.274005" elapsed="0.000000"/>
</kw>
<kw name="Click Element" owner="AppiumLibrary">
<msg time="2024-10-26T14:24:45.275538" level="INFO">Clicking element 'accessibility_id=3'.</msg>
<arg>${n2}</arg>
<doc>Click element identified by `locator`.</doc>
<status status="PASS" start="2024-10-26T14:24:45.274005" elapsed="1.300938"/>
</kw>
<kw name="Set Variable" owner="BuiltIn">
<msg time="2024-10-26T14:24:46.574943" level="INFO">${equals} = accessibility_id=equals</msg>
<var>${equals}</var>
<arg>accessibility_id=equals</arg>
<doc>Returns the given values which can then be assigned to a variables.</doc>
<status status="PASS" start="2024-10-26T14:24:46.574943" elapsed="0.000000"/>
</kw>
<kw name="Click Element" owner="AppiumLibrary">
<msg time="2024-10-26T14:24:46.574943" level="INFO">Clicking element 'accessibility_id=equals'.</msg>
<arg>${equals}</arg>
<doc>Click element identified by `locator`.</doc>
<status status="PASS" start="2024-10-26T14:24:46.574943" elapsed="1.667421"/>
</kw>
<kw name="Set Variable" owner="BuiltIn">
<msg time="2024-10-26T14:24:48.242364" level="INFO">${result} = id=com.google.android.calculator:id/result_final</msg>
<var>${result}</var>
<arg>id=com.google.android.calculator:id/result_final</arg>
<doc>Returns the given values which can then be assigned to a variables.</doc>
<status status="PASS" start="2024-10-26T14:24:48.242364" elapsed="0.000000"/>
</kw>
<kw name="Element Text Should Be" owner="AppiumLibrary">
<msg time="2024-10-26T14:24:48.242364" level="INFO">Verifying element 'id=com.google.android.calculator:id/result_final' contains exactly text '0'.</msg>
<msg time="2024-10-26T14:24:48.707068" level="INFO">criteria is com.google.android.calculator:id/result_final</msg>
<arg>${result}</arg>
<arg>${result_expected}</arg>
<doc>Verifies element identified by ``locator`` exactly contains text ``expected``.</doc>
<status status="PASS" start="2024-10-26T14:24:48.242364" elapsed="0.464704"/>
</kw>
<arg>0</arg>
<arg>3</arg>
<arg>0</arg>
<status status="PASS" start="2024-10-26T14:24:42.648970" elapsed="6.058098"/>
</kw>
<kw name="Limpar calculadora" owner="capabilities" type="TEARDOWN">
<kw name="Set Variable" owner="BuiltIn">
<msg time="2024-10-26T14:24:48.722688" level="INFO">${clear} = accessibility_id=clear</msg>
<var>${clear}</var>
<arg>accessibility_id=clear</arg>
<doc>Returns the given values which can then be assigned to a variables.</doc>
<status status="PASS" start="2024-10-26T14:24:48.707068" elapsed="0.015620"/>
</kw>
<kw name="Click Element" owner="AppiumLibrary">
<msg time="2024-10-26T14:24:48.722688" level="INFO">Clicking element 'accessibility_id=clear'.</msg>
<arg>${clear}</arg>
<doc>Click element identified by `locator`.</doc>
<status status="PASS" start="2024-10-26T14:24:48.722688" elapsed="1.275397"/>
</kw>
<status status="PASS" start="2024-10-26T14:24:48.707068" elapsed="1.291017"/>
</kw>
<status status="PASS" start="2024-10-26T14:24:42.648970" elapsed="7.349115"/>
</test>
<test id="s1-t3" name="TC003" line="14">
<kw name="Divisao dois numeros - 1 digito">
<kw name="Set Variable" owner="BuiltIn">
<msg time="2024-10-26T14:24:49.999786" level="INFO">${n1} = accessibility_id=4</msg>
<var>${n1}</var>
<arg>accessibility_id=${number_1}</arg>
<doc>Returns the given values which can then be assigned to a variables.</doc>
<status status="PASS" start="2024-10-26T14:24:49.999786" elapsed="0.000000"/>
</kw>
<kw name="Click Element" owner="AppiumLibrary">
<msg time="2024-10-26T14:24:50.000843" level="INFO">Clicking element 'accessibility_id=4'.</msg>
<arg>${n1}</arg>
<doc>Click element identified by `locator`.</doc>
<status status="PASS" start="2024-10-26T14:24:49.999786" elapsed="1.283440"/>
</kw>
<kw name="Set Variable" owner="BuiltIn">
<msg time="2024-10-26T14:24:51.283226" level="INFO">${divide} = accessibility_id=divide</msg>
<var>${divide}</var>
<arg>accessibility_id=divide</arg>
<doc>Returns the given values which can then be assigned to a variables.</doc>
<status status="PASS" start="2024-10-26T14:24:51.283226" elapsed="0.000000"/>
</kw>
<kw name="Click Element" owner="AppiumLibrary">
<msg time="2024-10-26T14:24:51.283226" level="INFO">Clicking element 'accessibility_id=divide'.</msg>
<arg>${divide}</arg>
<doc>Click element identified by `locator`.</doc>
<status status="PASS" start="2024-10-26T14:24:51.283226" elapsed="1.291597"/>
</kw>
<kw name="Set Variable" owner="BuiltIn">
<msg time="2024-10-26T14:24:52.574823" level="INFO">${n2} = accessibility_id=2</msg>
<var>${n2}</var>
<arg>accessibility_id=${number_2}</arg>
<doc>Returns the given values which can then be assigned to a variables.</doc>
<status status="PASS" start="2024-10-26T14:24:52.574823" elapsed="0.000000"/>
</kw>
<kw name="Click Element" owner="AppiumLibrary">
<msg time="2024-10-26T14:24:52.574823" level="INFO">Clicking element 'accessibility_id=2'.</msg>
<arg>${n2}</arg>
<doc>Click element identified by `locator`.</doc>
<status status="PASS" start="2024-10-26T14:24:52.574823" elapsed="1.286190"/>
</kw>
<kw name="Set Variable" owner="BuiltIn">
<msg time="2024-10-26T14:24:53.861013" level="INFO">${equals} = accessibility_id=equals</msg>
<var>${equals}</var>
<arg>accessibility_id=equals</arg>
<doc>Returns the given values which can then be assigned to a variables.</doc>
<status status="PASS" start="2024-10-26T14:24:53.861013" elapsed="0.000000"/>
</kw>
<kw name="Click Element" owner="AppiumLibrary">
<msg time="2024-10-26T14:24:53.861013" level="INFO">Clicking element 'accessibility_id=equals'.</msg>
<arg>${equals}</arg>
<doc>Click element identified by `locator`.</doc>
<status status="PASS" start="2024-10-26T14:24:53.861013" elapsed="1.623058"/>
</kw>
<kw name="Set Variable" owner="BuiltIn">
<msg time="2024-10-26T14:24:55.484071" level="INFO">${result} = id=com.google.android.calculator:id/result_final</msg>
<var>${result}</var>
<arg>id=com.google.android.calculator:id/result_final</arg>
<doc>Returns the given values which can then be assigned to a variables.</doc>
<status status="PASS" start="2024-10-26T14:24:55.484071" elapsed="0.000000"/>
</kw>
<kw name="Element Text Should Be" owner="AppiumLibrary">
<msg time="2024-10-26T14:24:55.484071" level="INFO">Verifying element 'id=com.google.android.calculator:id/result_final' contains exactly text '2'.</msg>
<msg time="2024-10-26T14:24:55.979363" level="INFO">criteria is com.google.android.calculator:id/result_final</msg>
<arg>${result}</arg>
<arg>${result_expected}</arg>
<doc>Verifies element identified by ``locator`` exactly contains text ``expected``.</doc>
<status status="PASS" start="2024-10-26T14:24:55.484071" elapsed="0.495292"/>
</kw>
<arg>4</arg>
<arg>2</arg>
<arg>2</arg>
<status status="PASS" start="2024-10-26T14:24:49.999228" elapsed="5.980135"/>
</kw>
<kw name="Limpar calculadora" owner="capabilities" type="TEARDOWN">
<kw name="Set Variable" owner="BuiltIn">
<msg time="2024-10-26T14:24:55.979363" level="INFO">${clear} = accessibility_id=clear</msg>
<var>${clear}</var>
<arg>accessibility_id=clear</arg>
<doc>Returns the given values which can then be assigned to a variables.</doc>
<status status="PASS" start="2024-10-26T14:24:55.979363" elapsed="0.000000"/>
</kw>
<kw name="Click Element" owner="AppiumLibrary">
<msg time="2024-10-26T14:24:55.979363" level="INFO">Clicking element 'accessibility_id=clear'.</msg>
<arg>${clear}</arg>
<doc>Click element identified by `locator`.</doc>
<status status="PASS" start="2024-10-26T14:24:55.979363" elapsed="1.271838"/>
</kw>
<status status="PASS" start="2024-10-26T14:24:55.979363" elapsed="1.271838"/>
</kw>
<status status="PASS" start="2024-10-26T14:24:49.999155" elapsed="7.262075"/>
</test>
<test id="s1-t4" name="TC004" line="15">
<kw name="Divisao dois numeros - 1 digito">
<kw name="Set Variable" owner="BuiltIn">
<msg time="2024-10-26T14:24:57.261230" level="INFO">${n1} = accessibility_id=9</msg>
<var>${n1}</var>
<arg>accessibility_id=${number_1}</arg>
<doc>Returns the given values which can then be assigned to a variables.</doc>
<status status="PASS" start="2024-10-26T14:24:57.261230" elapsed="0.000000"/>
</kw>
<kw name="Click Element" owner="AppiumLibrary">
<msg time="2024-10-26T14:24:57.261230" level="INFO">Clicking element 'accessibility_id=9'.</msg>
<arg>${n1}</arg>
<doc>Click element identified by `locator`.</doc>
<status status="PASS" start="2024-10-26T14:24:57.261230" elapsed="1.284940"/>
</kw>
<kw name="Set Variable" owner="BuiltIn">
<msg time="2024-10-26T14:24:58.546170" level="INFO">${divide} = accessibility_id=divide</msg>
<var>${divide}</var>
<arg>accessibility_id=divide</arg>
<doc>Returns the given values which can then be assigned to a variables.</doc>
<status status="PASS" start="2024-10-26T14:24:58.546170" elapsed="0.000000"/>
</kw>
<kw name="Click Element" owner="AppiumLibrary">
<msg time="2024-10-26T14:24:58.546170" level="INFO">Clicking element 'accessibility_id=divide'.</msg>
<arg>${divide}</arg>
<doc>Click element identified by `locator`.</doc>
<status status="PASS" start="2024-10-26T14:24:58.546170" elapsed="1.251564"/>
</kw>
<kw name="Set Variable" owner="BuiltIn">
<msg time="2024-10-26T14:24:59.797734" level="INFO">${n2} = accessibility_id=3</msg>
<var>${n2}</var>
<arg>accessibility_id=${number_2}</arg>
<doc>Returns the given values which can then be assigned to a variables.</doc>
<status status="PASS" start="2024-10-26T14:24:59.797734" elapsed="0.000000"/>
</kw>
<kw name="Click Element" owner="AppiumLibrary">
<msg time="2024-10-26T14:24:59.813337" level="INFO">Clicking element 'accessibility_id=3'.</msg>
<arg>${n2}</arg>
<doc>Click element identified by `locator`.</doc>
<status status="PASS" start="2024-10-26T14:24:59.813337" elapsed="1.277506"/>
</kw>
<kw name="Set Variable" owner="BuiltIn">
<msg time="2024-10-26T14:25:01.090843" level="INFO">${equals} = accessibility_id=equals</msg>
<var>${equals}</var>
<arg>accessibility_id=equals</arg>
<doc>Returns the given values which can then be assigned to a variables.</doc>
<status status="PASS" start="2024-10-26T14:25:01.090843" elapsed="0.000000"/>
</kw>
<kw name="Click Element" owner="AppiumLibrary">
<msg time="2024-10-26T14:25:01.090843" level="INFO">Clicking element 'accessibility_id=equals'.</msg>
<arg>${equals}</arg>
<doc>Click element identified by `locator`.</doc>
<status status="PASS" start="2024-10-26T14:25:01.090843" elapsed="2.311480"/>
</kw>
<kw name="Set Variable" owner="BuiltIn">
<msg time="2024-10-26T14:25:03.402323" level="INFO">${result} = id=com.google.android.calculator:id/result_final</msg>
<var>${result}</var>
<arg>id=com.google.android.calculator:id/result_final</arg>
<doc>Returns the given values which can then be assigned to a variables.</doc>
<status status="PASS" start="2024-10-26T14:25:03.402323" elapsed="0.000000"/>
</kw>
<kw name="Element Text Should Be" owner="AppiumLibrary">
<msg time="2024-10-26T14:25:03.402323" level="INFO">Verifying element 'id=com.google.android.calculator:id/result_final' contains exactly text '3'.</msg>
<msg time="2024-10-26T14:25:03.883187" level="INFO">criteria is com.google.android.calculator:id/result_final</msg>
<arg>${result}</arg>
<arg>${result_expected}</arg>
<doc>Verifies element identified by ``locator`` exactly contains text ``expected``.</doc>
<status status="PASS" start="2024-10-26T14:25:03.402323" elapsed="0.480864"/>
</kw>
<arg>9</arg>
<arg>3</arg>
<arg>3</arg>
<status status="PASS" start="2024-10-26T14:24:57.261230" elapsed="6.621957"/>
</kw>
<kw name="Limpar calculadora" owner="capabilities" type="TEARDOWN">
<kw name="Set Variable" owner="BuiltIn">
<msg time="2024-10-26T14:25:03.883187" level="INFO">${clear} = accessibility_id=clear</msg>
<var>${clear}</var>
<arg>accessibility_id=clear</arg>
<doc>Returns the given values which can then be assigned to a variables.</doc>
<status status="PASS" start="2024-10-26T14:25:03.883187" elapsed="0.000000"/>
</kw>
<kw name="Click Element" owner="AppiumLibrary">
<msg time="2024-10-26T14:25:03.883187" level="INFO">Clicking element 'accessibility_id=clear'.</msg>
<arg>${clear}</arg>
<doc>Click element identified by `locator`.</doc>
<status status="PASS" start="2024-10-26T14:25:03.883187" elapsed="1.252761"/>
</kw>
<status status="PASS" start="2024-10-26T14:25:03.883187" elapsed="1.252854"/>
</kw>
<status status="PASS" start="2024-10-26T14:24:57.261230" elapsed="7.875066"/>
</test>
<test id="s1-t5" name="TC005" line="16">
<kw name="Divisao dois numeros - 1 digito">
<kw name="Set Variable" owner="BuiltIn">
<msg time="2024-10-26T14:25:05.137893" level="INFO">${n1} = accessibility_id=8</msg>
<var>${n1}</var>
<arg>accessibility_id=${number_1}</arg>
<doc>Returns the given values which can then be assigned to a variables.</doc>
<status status="PASS" start="2024-10-26T14:25:05.137340" elapsed="0.000553"/>
</kw>
<kw name="Click Element" owner="AppiumLibrary">
<msg time="2024-10-26T14:25:05.138920" level="INFO">Clicking element 'accessibility_id=8'.</msg>
<arg>${n1}</arg>
<doc>Click element identified by `locator`.</doc>
<status status="PASS" start="2024-10-26T14:25:05.137893" elapsed="1.295998"/>
</kw>
<kw name="Set Variable" owner="BuiltIn">
<msg time="2024-10-26T14:25:06.433891" level="INFO">${divide} = accessibility_id=divide</msg>
<var>${divide}</var>
<arg>accessibility_id=divide</arg>
<doc>Returns the given values which can then be assigned to a variables.</doc>
<status status="PASS" start="2024-10-26T14:25:06.433891" elapsed="0.000000"/>
</kw>
<kw name="Click Element" owner="AppiumLibrary">
<msg time="2024-10-26T14:25:06.433891" level="INFO">Clicking element 'accessibility_id=divide'.</msg>
<arg>${divide}</arg>
<doc>Click element identified by `locator`.</doc>
<status status="PASS" start="2024-10-26T14:25:06.433891" elapsed="1.293457"/>
</kw>
<kw name="Set Variable" owner="BuiltIn">
<msg time="2024-10-26T14:25:07.727348" level="INFO">${n2} = accessibility_id=4</msg>
<var>${n2}</var>
<arg>accessibility_id=${number_2}</arg>
<doc>Returns the given values which can then be assigned to a variables.</doc>
<status status="PASS" start="2024-10-26T14:25:07.727348" elapsed="0.000000"/>
</kw>
<kw name="Click Element" owner="AppiumLibrary">
<msg time="2024-10-26T14:25:07.727348" level="INFO">Clicking element 'accessibility_id=4'.</msg>
<arg>${n2}</arg>
<doc>Click element identified by `locator`.</doc>
<status status="PASS" start="2024-10-26T14:25:07.727348" elapsed="1.271438"/>
</kw>
<kw name="Set Variable" owner="BuiltIn">
<msg time="2024-10-26T14:25:08.998786" level="INFO">${equals} = accessibility_id=equals</msg>
<var>${equals}</var>
<arg>accessibility_id=equals</arg>
<doc>Returns the given values which can then be assigned to a variables.</doc>
<status status="PASS" start="2024-10-26T14:25:08.998786" elapsed="0.000000"/>
</kw>
<kw name="Click Element" owner="AppiumLibrary">
<msg time="2024-10-26T14:25:09.014391" level="INFO">Clicking element 'accessibility_id=equals'.</msg>
<arg>${equals}</arg>
<doc>Click element identified by `locator`.</doc>
<status status="PASS" start="2024-10-26T14:25:08.998786" elapsed="1.725555"/>
</kw>
<kw name="Set Variable" owner="BuiltIn">
<msg time="2024-10-26T14:25:10.724341" level="INFO">${result} = id=com.google.android.calculator:id/result_final</msg>
<var>${result}</var>
<arg>id=com.google.android.calculator:id/result_final</arg>
<doc>Returns the given values which can then be assigned to a variables.</doc>
<status status="PASS" start="2024-10-26T14:25:10.724341" elapsed="0.000000"/>
</kw>
<kw name="Element Text Should Be" owner="AppiumLibrary">
<msg time="2024-10-26T14:25:10.739910" level="INFO">Verifying element 'id=com.google.android.calculator:id/result_final' contains exactly text '2'.</msg>
<msg time="2024-10-26T14:25:11.188726" level="INFO">criteria is com.google.android.calculator:id/result_final</msg>
<arg>${result}</arg>
<arg>${result_expected}</arg>
<doc>Verifies element identified by ``locator`` exactly contains text ``expected``.</doc>
<status status="PASS" start="2024-10-26T14:25:10.724341" elapsed="0.464385"/>
</kw>
<arg>8</arg>
<arg>4</arg>
<arg>2</arg>
<status status="PASS" start="2024-10-26T14:25:05.137340" elapsed="6.051386"/>
</kw>
<kw name="Limpar calculadora" owner="capabilities" type="TEARDOWN">
<kw name="Set Variable" owner="BuiltIn">
<msg time="2024-10-26T14:25:11.188726" level="INFO">${clear} = accessibility_id=clear</msg>
<var>${clear}</var>
<arg>accessibility_id=clear</arg>
<doc>Returns the given values which can then be assigned to a variables.</doc>
<status status="PASS" start="2024-10-26T14:25:11.188726" elapsed="0.000000"/>
</kw>
<kw name="Click Element" owner="AppiumLibrary">
<msg time="2024-10-26T14:25:11.188726" level="INFO">Clicking element 'accessibility_id=clear'.</msg>
<arg>${clear}</arg>
<doc>Click element identified by `locator`.</doc>
<status status="PASS" start="2024-10-26T14:25:11.188726" elapsed="1.297460"/>
</kw>
<status status="PASS" start="2024-10-26T14:25:11.188726" elapsed="1.297460"/>
</kw>
<status status="PASS" start="2024-10-26T14:25:05.136799" elapsed="7.349387"/>
</test>
<kw name="Close Application" owner="AppiumLibrary" type="TEARDOWN">
<doc>Closes the current application and also close webdriver session.</doc>
<status status="PASS" start="2024-10-26T14:25:12.486186" elapsed="0.501797"/>
</kw>
<status status="PASS" start="2024-10-26T14:23:53.997799" elapsed="78.990184"/>
</suite>
<statistics>
<total>
<stat pass="5" fail="0" skip="0">All Tests</stat>
</total>
<tag>
</tag>
<suite>
<stat pass="5" fail="0" skip="0" id="s1" name="Divisao">Divisao</stat>
</suite>
</statistics>
<errors>
</errors>
</robot>
