<?xml version="1.0" encoding="UTF-8"?>
<robot generator="Robot 7.1.1 (Python 3.11.2 on win32)" generated="2024-10-26T14:10:39.057353" rpa="false" schemaversion="5">
<suite id="s1" name="Subtracao" source="C:\Iterasys\CalculatorMobile140\tests\mobile\subtracao.robot">
<kw name="Sauce Labs Open Application" owner="capabilities" type="SETUP">
<kw name="Open Application" owner="AppiumLibrary">
<arg>${REMOTE_URL}</arg>
<arg>platformName=Android</arg>
<arg>appium:platformVersion=9.0</arg>
<arg>appium:deviceName=Samsung Galaxy S9 FHD GoogleAPI Emulator</arg>
<arg>appium:deviceOrientation=portrait</arg>
<arg>appium:app=storage:filename=Calculator_8.4 (503542421)_APKPure.apk</arg>
<arg>appium:appPackage=com.google.android.calculator</arg>
<arg>appium:appActivity=com.android.calculator2.Calculator</arg>
<arg>appium:ensureWebviewsHavePages=${True}</arg>
<arg>appium:nativeWebScreenshot=${True}</arg>
<arg>appium:newCommandTimeout=${3600}</arg>
<arg>appium:connectHardwareKeyboard=${True}</arg>
<doc>Opens a new application to given Appium server.
Capabilities of appium server, Android and iOS,
Please check https://appium.io/docs/en/2.1/cli/args/
| *Option*            | *Man.* | *Description*     |
| remote_url          | Yes    | Appium server url |
| alias               | no     | alias             |
| strict_ssl          | No     | allows you to send commands to an invalid certificate host like a self-signed one. |</doc>
<status status="PASS" start="2024-10-26T14:10:39.246385" elapsed="37.360058"/>
</kw>
<status status="PASS" start="2024-10-26T14:10:39.246385" elapsed="37.360058"/>
</kw>
<test id="s1-t1" name="TC001" line="12">
<kw name="Subtracao dois numeros - 1 digito">
<kw name="Set Variable" owner="BuiltIn">
<msg time="2024-10-26T14:11:16.606443" level="INFO">${n1} = accessibility_id=7</msg>
<var>${n1}</var>
<arg>accessibility_id=${number_1}</arg>
<doc>Returns the given values which can then be assigned to a variables.</doc>
<status status="PASS" start="2024-10-26T14:11:16.606443" elapsed="0.000000"/>
</kw>
<kw name="Click Element" owner="AppiumLibrary">
<msg time="2024-10-26T14:11:16.609497" level="INFO">Clicking element 'accessibility_id=7'.</msg>
<arg>${n1}</arg>
<doc>Click element identified by `locator`.</doc>
<status status="PASS" start="2024-10-26T14:11:16.606443" elapsed="1.509021"/>
</kw>
<kw name="Set Variable" owner="BuiltIn">
<msg time="2024-10-26T14:11:18.115464" level="INFO">${minus} = accessibility_id=minus</msg>
<var>${minus}</var>
<arg>accessibility_id=minus</arg>
<doc>Returns the given values which can then be assigned to a variables.</doc>
<status status="PASS" start="2024-10-26T14:11:18.115464" elapsed="0.000000"/>
</kw>
<kw name="Click Element" owner="AppiumLibrary">
<msg time="2024-10-26T14:11:18.115464" level="INFO">Clicking element 'accessibility_id=minus'.</msg>
<arg>${minus}</arg>
<doc>Click element identified by `locator`.</doc>
<status status="PASS" start="2024-10-26T14:11:18.115464" elapsed="1.376353"/>
</kw>
<kw name="Set Variable" owner="BuiltIn">
<msg time="2024-10-26T14:11:19.491817" level="INFO">${n2} = accessibility_id=2</msg>
<var>${n2}</var>
<arg>accessibility_id=${number_2}</arg>
<doc>Returns the given values which can then be assigned to a variables.</doc>
<status status="PASS" start="2024-10-26T14:11:19.491817" elapsed="0.000000"/>
</kw>
<kw name="Click Element" owner="AppiumLibrary">
<msg time="2024-10-26T14:11:19.491817" level="INFO">Clicking element 'accessibility_id=2'.</msg>
<arg>${n2}</arg>
<doc>Click element identified by `locator`.</doc>
<status status="PASS" start="2024-10-26T14:11:19.491817" elapsed="1.398583"/>
</kw>
<kw name="Set Variable" owner="BuiltIn">
<msg time="2024-10-26T14:11:20.890400" level="INFO">${equals} = accessibility_id=equals</msg>
<var>${equals}</var>
<arg>accessibility_id=equals</arg>
<doc>Returns the given values which can then be assigned to a variables.</doc>
<status status="PASS" start="2024-10-26T14:11:20.890400" elapsed="0.000000"/>
</kw>
<kw name="Click Element" owner="AppiumLibrary">
<msg time="2024-10-26T14:11:20.891937" level="INFO">Clicking element 'accessibility_id=equals'.</msg>
<arg>${equals}</arg>
<doc>Click element identified by `locator`.</doc>
<status status="PASS" start="2024-10-26T14:11:20.890913" elapsed="1.766906"/>
</kw>
<kw name="Set Variable" owner="BuiltIn">
<msg time="2024-10-26T14:11:22.657819" level="INFO">${result} = id=com.google.android.calculator:id/result_final</msg>
<var>${result}</var>
<arg>id=com.google.android.calculator:id/result_final</arg>
<doc>Returns the given values which can then be assigned to a variables.</doc>
<status status="PASS" start="2024-10-26T14:11:22.657819" elapsed="0.000000"/>
</kw>
<kw name="Element Text Should Be" owner="AppiumLibrary">
<msg time="2024-10-26T14:11:22.657819" level="INFO">Verifying element 'id=com.google.android.calculator:id/result_final' contains exactly text '5'.</msg>
<msg time="2024-10-26T14:11:23.316383" level="INFO">criteria is com.google.android.calculator:id/result_final</msg>
<arg>${result}</arg>
<arg>${result_expected}</arg>
<doc>Verifies element identified by ``locator`` exactly contains text ``expected``.</doc>
<status status="PASS" start="2024-10-26T14:11:22.657819" elapsed="0.658564"/>
</kw>
<arg>7</arg>
<arg>2</arg>
<arg>5</arg>
<status status="PASS" start="2024-10-26T14:11:16.606443" elapsed="6.709940"/>
</kw>
<kw name="Limpar calculadora" owner="capabilities" type="TEARDOWN">
<kw name="Set Variable" owner="BuiltIn">
<msg time="2024-10-26T14:11:23.332005" level="INFO">${clear} = accessibility_id=clear</msg>
<var>${clear}</var>
<arg>accessibility_id=clear</arg>
<doc>Returns the given values which can then be assigned to a variables.</doc>
<status status="PASS" start="2024-10-26T14:11:23.332005" elapsed="0.000000"/>
</kw>
<kw name="Click Element" owner="AppiumLibrary">
<msg time="2024-10-26T14:11:23.332005" level="INFO">Clicking element 'accessibility_id=clear'.</msg>
<arg>${clear}</arg>
<doc>Click element identified by `locator`.</doc>
<status status="PASS" start="2024-10-26T14:11:23.332005" elapsed="1.374476"/>
</kw>
<status status="PASS" start="2024-10-26T14:11:23.332005" elapsed="1.374476"/>
</kw>
<status status="PASS" start="2024-10-26T14:11:16.606443" elapsed="8.100038"/>
</test>
<test id="s1-t2" name="TC002" line="13">
<kw name="Subtracao dois numeros - 1 digito">
<kw name="Set Variable" owner="BuiltIn">
<msg time="2024-10-26T14:11:24.706481" level="INFO">${n1} = accessibility_id=0</msg>
<var>${n1}</var>
<arg>accessibility_id=${number_1}</arg>
<doc>Returns the given values which can then be assigned to a variables.</doc>
<status status="PASS" start="2024-10-26T14:11:24.706481" elapsed="0.000000"/>
</kw>
<kw name="Click Element" owner="AppiumLibrary">
<msg time="2024-10-26T14:11:24.706481" level="INFO">Clicking element 'accessibility_id=0'.</msg>
<arg>${n1}</arg>
<doc>Click element identified by `locator`.</doc>
<status status="PASS" start="2024-10-26T14:11:24.706481" elapsed="1.358970"/>
</kw>
<kw name="Set Variable" owner="BuiltIn">
<msg time="2024-10-26T14:11:26.066448" level="INFO">${minus} = accessibility_id=minus</msg>
<var>${minus}</var>
<arg>accessibility_id=minus</arg>
<doc>Returns the given values which can then be assigned to a variables.</doc>
<status status="PASS" start="2024-10-26T14:11:26.065451" elapsed="0.000997"/>
</kw>
<kw name="Click Element" owner="AppiumLibrary">
<msg time="2024-10-26T14:11:26.067445" level="INFO">Clicking element 'accessibility_id=minus'.</msg>
<arg>${minus}</arg>
<doc>Click element identified by `locator`.</doc>
<status status="PASS" start="2024-10-26T14:11:26.066448" elapsed="1.313555"/>
</kw>
<kw name="Set Variable" owner="BuiltIn">
<msg time="2024-10-26T14:11:27.380003" level="INFO">${n2} = accessibility_id=0</msg>
<var>${n2}</var>
<arg>accessibility_id=${number_2}</arg>
<doc>Returns the given values which can then be assigned to a variables.</doc>
<status status="PASS" start="2024-10-26T14:11:27.380003" elapsed="0.000000"/>
</kw>
<kw name="Click Element" owner="AppiumLibrary">
<msg time="2024-10-26T14:11:27.380003" level="INFO">Clicking element 'accessibility_id=0'.</msg>
<arg>${n2}</arg>
<doc>Click element identified by `locator`.</doc>
<status status="PASS" start="2024-10-26T14:11:27.380003" elapsed="1.317650"/>
</kw>
<kw name="Set Variable" owner="BuiltIn">
<msg time="2024-10-26T14:11:28.697653" level="INFO">${equals} = accessibility_id=equals</msg>
<var>${equals}</var>
<arg>accessibility_id=equals</arg>
<doc>Returns the given values which can then be assigned to a variables.</doc>
<status status="PASS" start="2024-10-26T14:11:28.697653" elapsed="0.000000"/>
</kw>
<kw name="Click Element" owner="AppiumLibrary">
<msg time="2024-10-26T14:11:28.698636" level="INFO">Clicking element 'accessibility_id=equals'.</msg>
<arg>${equals}</arg>
<doc>Click element identified by `locator`.</doc>
<status status="PASS" start="2024-10-26T14:11:28.697653" elapsed="1.669278"/>
</kw>
<kw name="Set Variable" owner="BuiltIn">
<msg time="2024-10-26T14:11:30.366931" level="INFO">${result} = id=com.google.android.calculator:id/result_final</msg>
<var>${result}</var>
<arg>id=com.google.android.calculator:id/result_final</arg>
<doc>Returns the given values which can then be assigned to a variables.</doc>
<status status="PASS" start="2024-10-26T14:11:30.366931" elapsed="0.000000"/>
</kw>
<kw name="Element Text Should Be" owner="AppiumLibrary">
<msg time="2024-10-26T14:11:30.366931" level="INFO">Verifying element 'id=com.google.android.calculator:id/result_final' contains exactly text '0'.</msg>
<msg time="2024-10-26T14:11:30.948317" level="INFO">criteria is com.google.android.calculator:id/result_final</msg>
<arg>${result}</arg>
<arg>${result_expected}</arg>
<doc>Verifies element identified by ``locator`` exactly contains text ``expected``.</doc>
<status status="PASS" start="2024-10-26T14:11:30.366931" elapsed="0.581386"/>
</kw>
<arg>0</arg>
<arg>0</arg>
<arg>0</arg>
<status status="PASS" start="2024-10-26T14:11:24.706481" elapsed="6.241836"/>
</kw>
<kw name="Limpar calculadora" owner="capabilities" type="TEARDOWN">
<kw name="Set Variable" owner="BuiltIn">
<msg time="2024-10-26T14:11:30.948317" level="INFO">${clear} = accessibility_id=clear</msg>
<var>${clear}</var>
<arg>accessibility_id=clear</arg>
<doc>Returns the given values which can then be assigned to a variables.</doc>
<status status="PASS" start="2024-10-26T14:11:30.948317" elapsed="0.000000"/>
</kw>
<kw name="Click Element" owner="AppiumLibrary">
<msg time="2024-10-26T14:11:30.948317" level="INFO">Clicking element 'accessibility_id=clear'.</msg>
<arg>${clear}</arg>
<doc>Click element identified by `locator`.</doc>
<status status="PASS" start="2024-10-26T14:11:30.948317" elapsed="1.333664"/>
</kw>
<status status="PASS" start="2024-10-26T14:11:30.948317" elapsed="1.333664"/>
</kw>
<status status="PASS" start="2024-10-26T14:11:24.706481" elapsed="7.575500"/>
</test>
<test id="s1-t3" name="TC003" line="14">
<kw name="Subtracao dois numeros - 1 digito">
<kw name="Set Variable" owner="BuiltIn">
<msg time="2024-10-26T14:11:32.284013" level="INFO">${n1} = accessibility_id=9</msg>
<var>${n1}</var>
<arg>accessibility_id=${number_1}</arg>
<doc>Returns the given values which can then be assigned to a variables.</doc>
<status status="PASS" start="2024-10-26T14:11:32.284013" elapsed="0.000000"/>
</kw>
<kw name="Click Element" owner="AppiumLibrary">
<msg time="2024-10-26T14:11:32.285010" level="INFO">Clicking element 'accessibility_id=9'.</msg>
<arg>${n1}</arg>
<doc>Click element identified by `locator`.</doc>
<status status="PASS" start="2024-10-26T14:11:32.284013" elapsed="1.310718"/>
</kw>
<kw name="Set Variable" owner="BuiltIn">
<msg time="2024-10-26T14:11:33.594731" level="INFO">${minus} = accessibility_id=minus</msg>
<var>${minus}</var>
<arg>accessibility_id=minus</arg>
<doc>Returns the given values which can then be assigned to a variables.</doc>
<status status="PASS" start="2024-10-26T14:11:33.594731" elapsed="0.000000"/>
</kw>
<kw name="Click Element" owner="AppiumLibrary">
<msg time="2024-10-26T14:11:33.594731" level="INFO">Clicking element 'accessibility_id=minus'.</msg>
<arg>${minus}</arg>
<doc>Click element identified by `locator`.</doc>
<status status="PASS" start="2024-10-26T14:11:33.594731" elapsed="1.279915"/>
</kw>
<kw name="Set Variable" owner="BuiltIn">
<msg time="2024-10-26T14:11:34.874646" level="INFO">${n2} = accessibility_id=3</msg>
<var>${n2}</var>
<arg>accessibility_id=${number_2}</arg>
<doc>Returns the given values which can then be assigned to a variables.</doc>
<status status="PASS" start="2024-10-26T14:11:34.874646" elapsed="0.000000"/>
</kw>
<kw name="Click Element" owner="AppiumLibrary">
<msg time="2024-10-26T14:11:34.874646" level="INFO">Clicking element 'accessibility_id=3'.</msg>
<arg>${n2}</arg>
<doc>Click element identified by `locator`.</doc>
<status status="PASS" start="2024-10-26T14:11:34.874646" elapsed="1.326323"/>
</kw>
<kw name="Set Variable" owner="BuiltIn">
<msg time="2024-10-26T14:11:36.201149" level="INFO">${equals} = accessibility_id=equals</msg>
<var>${equals}</var>
<arg>accessibility_id=equals</arg>
<doc>Returns the given values which can then be assigned to a variables.</doc>
<status status="PASS" start="2024-10-26T14:11:36.201149" elapsed="0.000000"/>
</kw>
<kw name="Click Element" owner="AppiumLibrary">
<msg time="2024-10-26T14:11:36.202147" level="INFO">Clicking element 'accessibility_id=equals'.</msg>
<arg>${equals}</arg>
<doc>Click element identified by `locator`.</doc>
<status status="PASS" start="2024-10-26T14:11:36.201149" elapsed="1.688069"/>
</kw>
<kw name="Set Variable" owner="BuiltIn">
<msg time="2024-10-26T14:11:37.889218" level="INFO">${result} = id=com.google.android.calculator:id/result_final</msg>
<var>${result}</var>
<arg>id=com.google.android.calculator:id/result_final</arg>
<doc>Returns the given values which can then be assigned to a variables.</doc>
<status status="PASS" start="2024-10-26T14:11:37.889218" elapsed="0.000000"/>
</kw>
<kw name="Element Text Should Be" owner="AppiumLibrary">
<msg time="2024-10-26T14:11:37.889218" level="INFO">Verifying element 'id=com.google.android.calculator:id/result_final' contains exactly text '6'.</msg>
<msg time="2024-10-26T14:11:38.454924" level="INFO">criteria is com.google.android.calculator:id/result_final</msg>
<arg>${result}</arg>
<arg>${result_expected}</arg>
<doc>Verifies element identified by ``locator`` exactly contains text ``expected``.</doc>
<status status="PASS" start="2024-10-26T14:11:37.889218" elapsed="0.565706"/>
</kw>
<arg>9</arg>
<arg>3</arg>
<arg>6</arg>
<status status="PASS" start="2024-10-26T14:11:32.282969" elapsed="6.171955"/>
</kw>
<kw name="Limpar calculadora" owner="capabilities" type="TEARDOWN">
<kw name="Set Variable" owner="BuiltIn">
<msg time="2024-10-26T14:11:38.454924" level="INFO">${clear} = accessibility_id=clear</msg>
<var>${clear}</var>
<arg>accessibility_id=clear</arg>
<doc>Returns the given values which can then be assigned to a variables.</doc>
<status status="PASS" start="2024-10-26T14:11:38.454924" elapsed="0.000000"/>
</kw>
<kw name="Click Element" owner="AppiumLibrary">
<msg time="2024-10-26T14:11:38.454924" level="INFO">Clicking element 'accessibility_id=clear'.</msg>
<arg>${clear}</arg>
<doc>Click element identified by `locator`.</doc>
<status status="PASS" start="2024-10-26T14:11:38.454924" elapsed="1.344287"/>
</kw>
<status status="PASS" start="2024-10-26T14:11:38.454924" elapsed="1.344287"/>
</kw>
<status status="PASS" start="2024-10-26T14:11:32.282969" elapsed="7.516242"/>
</test>
<test id="s1-t4" name="TC004" line="15">
<kw name="Subtracao dois numeros - 1 digito">
<kw name="Set Variable" owner="BuiltIn">
<msg time="2024-10-26T14:11:39.814839" level="INFO">${n1} = accessibility_id=4</msg>
<var>${n1}</var>
<arg>accessibility_id=${number_1}</arg>
<doc>Returns the given values which can then be assigned to a variables.</doc>
<status status="PASS" start="2024-10-26T14:11:39.814839" elapsed="0.000000"/>
</kw>
<kw name="Click Element" owner="AppiumLibrary">
<msg time="2024-10-26T14:11:39.814839" level="INFO">Clicking element 'accessibility_id=4'.</msg>
<arg>${n1}</arg>
<doc>Click element identified by `locator`.</doc>
<status status="PASS" start="2024-10-26T14:11:39.814839" elapsed="1.341989"/>
</kw>
<kw name="Set Variable" owner="BuiltIn">
<msg time="2024-10-26T14:11:41.156828" level="INFO">${minus} = accessibility_id=minus</msg>
<var>${minus}</var>
<arg>accessibility_id=minus</arg>
<doc>Returns the given values which can then be assigned to a variables.</doc>
<status status="PASS" start="2024-10-26T14:11:41.156828" elapsed="0.000000"/>
</kw>
<kw name="Click Element" owner="AppiumLibrary">
<msg time="2024-10-26T14:11:41.157781" level="INFO">Clicking element 'accessibility_id=minus'.</msg>
<arg>${minus}</arg>
<doc>Click element identified by `locator`.</doc>
<status status="PASS" start="2024-10-26T14:11:41.157781" elapsed="1.313873"/>
</kw>
<kw name="Set Variable" owner="BuiltIn">
<msg time="2024-10-26T14:11:42.471654" level="INFO">${n2} = accessibility_id=5</msg>
<var>${n2}</var>
<arg>accessibility_id=${number_2}</arg>
<doc>Returns the given values which can then be assigned to a variables.</doc>
<status status="PASS" start="2024-10-26T14:11:42.471654" elapsed="0.000000"/>
</kw>
<kw name="Click Element" owner="AppiumLibrary">
<msg time="2024-10-26T14:11:42.471654" level="INFO">Clicking element 'accessibility_id=5'.</msg>
<arg>${n2}</arg>
<doc>Click element identified by `locator`.</doc>
<status status="PASS" start="2024-10-26T14:11:42.471654" elapsed="1.387602"/>
</kw>
<kw name="Set Variable" owner="BuiltIn">
<msg time="2024-10-26T14:11:43.859256" level="INFO">${equals} = accessibility_id=equals</msg>
<var>${equals}</var>
<arg>accessibility_id=equals</arg>
<doc>Returns the given values which can then be assigned to a variables.</doc>
<status status="PASS" start="2024-10-26T14:11:43.859256" elapsed="0.000000"/>
</kw>
<kw name="Click Element" owner="AppiumLibrary">
<msg time="2024-10-26T14:11:43.860279" level="INFO">Clicking element 'accessibility_id=equals'.</msg>
<arg>${equals}</arg>
<doc>Click element identified by `locator`.</doc>
<status status="PASS" start="2024-10-26T14:11:43.859256" elapsed="1.814238"/>
</kw>
<kw name="Set Variable" owner="BuiltIn">
<msg time="2024-10-26T14:11:45.673494" level="INFO">${result} = id=com.google.android.calculator:id/result_final</msg>
<var>${result}</var>
<arg>id=com.google.android.calculator:id/result_final</arg>
<doc>Returns the given values which can then be assigned to a variables.</doc>
<status status="PASS" start="2024-10-26T14:11:45.673494" elapsed="0.000000"/>
</kw>
<kw name="Element Text Should Be" owner="AppiumLibrary">
<msg time="2024-10-26T14:11:45.673494" level="INFO">Verifying element 'id=com.google.android.calculator:id/result_final' contains exactly text '-1'.</msg>
<kw name="Capture Page Screenshot" owner="AppiumLibrary">
<msg time="2024-10-26T14:11:48.130762" level="INFO" html="true">&lt;/td&gt;&lt;/tr&gt;&lt;tr&gt;&lt;td colspan="3"&gt;&lt;img src="data:image/png;base64, iVBORw0KGgoAAAANSUhEUgAABDgAAAisCAYAAACtR1KuAAAABHNCSVQICAgIfAhkiAAAIABJREFU
eJzs3XmAlXW9+PHPmYVhhn1HBkTZwQWzLDMt3LtWXjUzl8pyab235detm9lqapql7d0y61a3bDEz
01ITUUsT9wVkFWUbGEDWGWY/5/eHQREDzAznzJkvvl5/xZnnPM8HLOO8z/N8v5k1G5pyAQAAAJCw
kmIPAAAAALC3BA4AAAAgeQIHAAAAkDyBAwAAAEiewAEAAAAkT+AAAAAAkidwAAAAAMkTOAAAAIDk
CRwAAABA8gQOAAAAIHkCBwAAAJA8gQMAAABInsABAAAAJK+s2APAviSXy0U2m43bbv1dPPH4I1Ff
vzVyuWxkMpnI5XI7HLvttUymJKqqKuPQww6Pfz/tzCgtLY1MJlOk3wEAAECaMms2NOX2fBiwO9ls
NlavXhXf/sZXo6WlNXK5bJfOk8lkoqysLD7woY/GmP3HCh0AAAAdJHBQEC0tLdHQsDXaWlvb/Xlp
WVlUVlZFeXl5N0+WX7lcLjZt2hhXXPbZ7b/Oh0wmE1VVVfGFL10tcgAAAD3SFz73qdiyefNuj+k/
YEB8/otf7pZ5PKJC3rW0tMSC+c/G/PnPRmtLS7vHlJWXx5Qp02LylGnJRo5sNhvf+/bX44UXluQt
bGyTy+Vi69aGvJ4TAABS09jYEEuXvhDr1q6NdWvXxNq1a6K+vi621tdHQ8PWaGhojN69K6Kysioq
q6qiX7/+MXjIkBg2bEQMHz48xuw/Nqqq+hT7t0E3ETjIu/r6upj37JyY/dCDuz0u29YW1aPHxKBB
g7tpsvxpbmqKSy/5eN7Dxj/L5bLx8OwH4zVHvi4iIlpbW6OsLO3/yTY3NcXNv/1VPP7YozFs2LB4
z4Xvj6HDhhV7LAAAeoi2trZYuGBePPvsnHh+yXNRu3rVHv/O3dDQEA0NDRHrX2z358OGDY8DDhwX
EyZOivETJsXAgYMKMTo9QNqfluiR6uvro65uyx6Pq6uri/q6uuQCx4b1L8aVl3+hoHFjm3vvuTte
/ZqjIpPJxPXf/0687axzkw4Cjz32cDz6yOyIiKitXR3/97MfxYc/+okoKbGhEwDAy9nzS56Lxx6d
HU8+8Vg0Njbm9dxr/37nxyMPPxQRLwWPV7/mqDjq6GOioqJ3Xq9FcQkc5N3WrfWxtX7rno+rr4/6
rfXdMFH+/CNudG0R0c5at27t9v88afKUuPrLX4xPffrzMWRompHjvlkzd/j1iuXL4sknHovDX3lE
kSYCAKBYGhsb4m8P/DVmP/TADn/vLbS1a9fE7bfdEjPvviOOfv2xcfQxb4i+fft12/XzYd3atbF4
8YIoKSmJUdVjYvToMQW9XnNzc8x7dk4sX7Y0stl/fBZqbmra43ubGhvj1lt+u/3XJSUlMWb/sTF1
2sHRq1evvM4pcJB3W+vrY2tDBwLH1vrYWp9O4GhuaurWuPGvhg0bHrlcLq668rL40pVfid69K4sy
R1fkcrn4/e9uavf/uGbd8+eYftjhUVpaWoTJAADobps3b4p77r4rZj/0QLTsYs2+7tDY2Bh33/Wn
mDXzz/GqI14dx59wcgweMrRo83TUtrgR8dK6gDUrlxc8cPzkx9fH/Hlzu/TepqamuO/emTu9PnXa
wXHRez+4t6PtoKCB41c3/ixeXLeuy+8/6+x3dMvt+C0tLfHc4oXx5BOPRVlZWZx51rlJnb87bd68
KTZv2hR9+vaNAQMG7vRoQVNTY6x/8cWo78AjKvX1dbF+/YvR2Niw04f1bDYbmzZtjI0bNsSAAQOK
/i+abDZb8DU3dqWmZmVUV4+OioqKiHhpbY7PfvoTcfVXv5nMox21tavj4dntr8myqmZl/PnOP8Yb
T3lLN08FAEB3amlpibvuuD3+cv+saN3FbovF0NbWGrMfejAenv1QHHnU6+JNb/73Hvtl4j/HjW3+
+Y6KQsjlcrF40cK8n3fRwgWRy+XyumtkQQPH/PnP7nHLmN1py7blcZod5XK5WLF8Wcx55ql4+OG/
bZ/zla96dRLnL4atW+vjmaefigXzn42+ffvGqOoxMWpUdYwYOTLKy3vFqpqVsWjRgpg3d06HdgBp
aGiMOc88FW1tbTFp0pQYVT06Wltbonb16li5ckXUrFwe69evjylTpsURrzky+vTp2w2/y53lcrn4
7reuK0rciIioXVUT1dWjY8OG9TvM9K1vfDU+/NFPJLGN7L33/Dmam5t3+fO/3D8rXnXEkUmvLwIA
wK7V1KyMH//wf3b4O21Pk8tl428P/CWeefrJeOe7LozxEyYWe6QdtBc3ukNra2u0tub/TpvW1pZo
bW3N666aBQsczU1NexU3CmX9i+ti7pxn4pFHHoqalSuSO3+x5HK5WPrC8/HoIw/F8mVLI5PJRJ++
c2LkyFExalR1VPTuHcuXLY2lLyx5aQXjDshm22L5sqWxdk1tLH3h+Riz/9hoaW6OlStXxOrVNVFf
Vxe5XC6amhpjxMiRMWXqQUX5ML9586ZYuvT5br9uxEt/7vV/f4xn2dIXdvjZiuXLYuOG9TFo8JAi
TNZxixYt2L6w6K40NTXFA3+9L/799DO7aSoAALpLLpeLG67/bmzauLHYo3RI3ZYtccP1341Pf/ay
HrM2R7HiRmoKFjjq6+sKdepO27q1PhbMnxePPfpwl58bKub5e4KNGzfEvHlzY1XNyoh46V9SdVu2
xOItC+L5Jc9FJvPSlk5ducuhsbExFi6YF88tXhi53Eu3iP2zVTUrY968uTFyv1HdvuNKNpuNy7/4
maLdvRHxjz/XBQvm7fB6LpeLKy//fI9+VKWlpSXuuP0PHTr2wQf+EgcfMr3HlXIAAPbOi+vWJRM3
tmlubo7a1auj74TiBw5xo+MKFjjq6nYOHP/2plNj2LDhHT5H//7993qOJ594LH51488KtnhNoc/f
E7S1tcVzixfGogXz231W7l+DRFfkcrldPofX2toaixbMj/33HxuvOPyIbl2Mcs2a2qLGjUwmE5VV
lZHL5dpdkDWXy0VNzcqCLyrUVQsXzItly5Z26Ni2ttb4811/irEHHBhlZdY/BgDYVwwZOjQGDByY
VOSoqKiI/cceUOwxxI1O6tY7OA499BUxbHjHA0c+bNm8uaDxodDn7wnWrKmNec/OjXV7sWDs3lq3
bl3Me3ZuVI/eP/bbb1S3XDOXy8U3r/tKuz/b9qhMr169YuTIUXHAgeOievSY7Quvbtq0MRYvWhDr
1q2L2tpVUbdly/Zzdlb//gMik8nsMgB955tfiyuvvq7HrcVRV7clfvaTGzq168xzixfF0heedxcH
AMA+JJPJxNnnvit+8L1vF21Hws4657zz87o2RFeIG51XsMCxZcvO62/07VecRSL/WUlJaRxy6PQ4
5NDDol+//vG973w9qfN3t+amplg4f14sWbK4qP8yyuWysWTJ4lg4f14MGTwkev19R5FCymaz0dKy
Y1TIZDIxZv+xccqb/n2HD+GPPTo77p119/ZHeCIiysrK4oqrrt0eHjasfzHu+NNt8cTjj/7997Tn
2JHL5WLkfqNi3dq1uzy+tbU12traetxdD3+9/95Or46dy2XjFz//3/h//3VJ0RaVBQAg/yZOnBxv
OfX0uPX3vy32KHt0/Aknx8GHTC/qDOJG1xTsE9Hmf1lgtLKyMq9b7TQ3NcWGjRuiqqoq+vXb86Ms
Bx18SEyffnhMnDxl+/GrVtXkbZ5Cn79YamtXx+LFC7u0YGyfPn1i5H7Vsd9+o6J3ZeVLC89u2Rwb
1q+PtWtrty+e2VFbNm+OxYsXxrjxE2LM/mM7PU9n/eH3N+8QdU5645vi+BNO3r7exbq1a+OG678b
L7740p0t/xog3vv+/9xhbYzBQ4bGOeedH2ef+65YtHB+/PAH391j5MhkSmLAgIHxP9/95i6PyeVy
ccvvfhNnvu2cTv8eC6W5qSn+cv+snV4/6Y1vipNOPmWH1+66849x1x23b//1po0bY/ZDD8Zxx59U
8DkBAOg+r59xXCxd+nw89eTjxR5ll6ZMPSjeeMpbijqDuNF1BQscmzbt+HzV8OEj83YL/cKF8+PG
n/9k+4fuN8w4Pt586untnn/SlKnx2S9cEQMGDMzLtbv7/MXW3Ny82+0925PJlET16NFx8CHTY9y4
CTFyv/2isrIqmpubYsvmLbF+w4ux5LnF8czTT0bt6lUFn6crcrlcPPnEo5HJZGLS5Klx4cUfiJKS
ku1rhXzu0k/s9tGkbXd6tPd6JpOJyVOmxVe+9q14+qkn4v9++qNdho5MJhMlJSXx/JLFu5336Scf
7zGBI5vNxo9/9INoamrq8jn+cv+sOPqYGdGrV688TgYAQLGdc975sW7d2li5YnmxR9nJsGHD413n
X1jUR7/Fjb1TuMCxccMOvx4ydGheztva2hq/uvFnO9xRcN+9M2PipMkxZepBOx0/YsTIvFx3Vwp9
/mIbMXJkHP7KV0Vzc1OsXLEistm2Pb5nVHV1HPP6GXHQwYfucNdORUXvqBjWO4YOGxajRlVHZe/K
ePCB+7ffAbE7JSWlUT16dBz+ylfFiJGF/zPPZDKxdWtDXHHVtds/ZGez2fjm16+JlSuWd+jxkj3t
bJLJZGL6YYfH9MMOj89c8vFobGzc6ZgDx42PRx95aI/XamjY+b3F8txzi2LJc7sPMnuyZfPmuPHn
P4l3vOuCbl1UFgCAwiorK4sLL/5AXHvNle1uTFEsvXv3jovf96FueRR+V8SNvVewvSX/dUHKgQMH
RS6Xi9WrV8Xjjz0S995zd8ya+eeY/dADsWjRgmhq6tgHtC1bNre7+u7aNWvyMjc76tu3X0w/7PA4
9rgTY8LESXtcaKdPnz5x8CHTY9pBh+z2kaS+ffvFoYe94u8RpPduz1leXh4TJk6KY487MaYfdni3
7EXd1NQYX/naN7fHjYaGrfHJj/9nrFi+rENxo2+/fp3auvWyK66JI486eqfX33bWufGrG3++x2v2
pMWa/nT7rXnZWWfes3OiZuWKPEwEAEBP0r//gLjw4g9GSUnP+CIrkymJ8y94bwwekp8v5bviwQfu
FzfyoCB3cGSz2Z2CQ23tqvj2N74WS5c+3/4gZWUx49gT4ujXz9jtB9h+/fq3u8VQd+/O8nLSu3dl
TJ12cFRV9Ym/VVbGwgXzoqGhod1jR+5XHePGTYjKyqo9nnfQoMExZdpBsXzZ0nj++efaPaaysjIm
T5kWR7726Bh7wIHdtpJxRcU/oktt7er46tWXd+r9kyZN6dTxJSUl8dYzz4799quOW27+deRyuchk
SuK55xZ2KF70lB1UHvjr/bFs6Qt5OVdra2vc8afb4uL3fSgv5wMAoOcYs//YOOvsc+OXv/hZsUeJ
t5x6ekycOLlo13/wgfvjt7/5Zbzt7ecWbYZ9RUHu4Kivr9vpUYa5c57ZZdyIeOnDzN1/viO+881r
o7Z29S6PKysri7ef887oP2DA9tdmHHtCTJ4ybe8HZ5fKy8tj3PgJMf2ww2PQ4CG7PG7EyJGdeoRk
1KjqGDlq19u+Dho8JA6d/ooYN35CUbZpWrOmNr569eWd3t61unpMp6+VyWTidUe/Pk5/61mRyWRi
xrHHx02/vrFD7+3K9rP51tjYEPffOzOv51ww/9l4ePaDeT0nAAA9w6uOODKOPmZGUWeYftjh8foZ
xxXt+tviBvlRkDs4Ors7xj9bu3ZN/OB/vhUf/ugndrlw56RJU+KSS78YGzdsiMqqym55ZIGX7jLo
XVkZFb3afy4tk8lEnz59o6qqT4fPWVXVJ/r27ReZTKbdD+m9yntF78rKTj3ukS/Nzc1xzVWdjxsR
Ef3673lnn1157VHHxMIF8+KBv97XI8JFR907a2asX/9i3s97/32z4rDDXlnU5yEBACiMU097a6xc
sXyXd3QX0v5jD4hzzju/26+7jbiRf4W5g2MXi8VMmDg5/v30t8V573xPnHve+XHiyafE0KHDdjpu
08aNcestu98fuby8PIYNHy5uFEE+P3Tv6dGKYj16kc1m49JPfbxoa1tUVPTult1i8mXVqpq4+64/
FSTIrF5VEw8/vOeFVgEASE9JSUm856L3xcCBg7r1uv36948LLnp/lJUVbN+N3RI3CqMg/zRHVVfH
+e+5OJa+8HzMn/9sbFj/Ypx2xtviVUccudMH1mOPPSFuu+2WePCv9+/w+lNPPh7HnXByVFePLsSI
dEE2m43GhoZoam5/+89cLhd1dVti69b6Doen+vq6qKvbsssPxk3NTdHU2BjZbLZb7+L42jVX7lXc
qNuypcvvfeThv8Xjjz3S5fcXw32z7i7o+W+95bcxZcq0GDps5yAKAEDaqqr6xEXv+1B849qro6Wl
peDXKysri4ve+6GifVkubhROQT4xVlZWxSGHHhZvPvX0+K9PXhqf++KVccSrX9vut/G9KiritNPf
1u4Wr8889UQhxqMLWlpaYslzi+Ppp56IjRvW7/K41TU1UVOzssPnrV29OmpX73rNlQ3rX4ynnnw8
Xnh+SbS27v3OHB01efLUvbp7pKama7t/PDz7wfjNr37R6TshirnI6NIXno8nn3isoNfIZtvi3nsL
G1EAACiekSP3i/Pe+Z5uudbZ576raF+kixuF1S1fif/zjhTtDlFSEiec+MadXl+00DY5PUFjY0PM
e3ZO3DPzrpg75+ld7qASEbFq1cqY/+zc2LCbCLJNQ8PWWLJkcdSurtnNMQ3x7NxnYubdd8b8eXOj
sXHX186n1x51zF49brFgwbxOHZ/NZuOWm38Tv/7lnreEbU+x1upoaWmJX/zf/3ZLfHpk9kOxadPO
W0QDALBvOPiQ6XHiyacU9BpvmHF8HPaKVxb0GrsibhRecR44asf+Yw+Ivv367XBr/9Klz0dLS0tR
ds/gJXV1W2LunKfjob89ECtXrNhpd5x/1djYGHPnPB0DBw6Kw191xC5v+2psfClczHnmqT0uStvc
3ByLFi6Ihoat0dCwNaYddEj06dO3y7+njhg2fHhkMiVdfkxly+bNnXqs5nOXfiIaGxu7dK2Il/bu
LoZnnnoi1q/fc8za5onHHokVy5ft8NraNbUdem9bW2vccP334j8+/PHo1atXp+YEACANJ518Sixf
tjTmz5ub93NPnDQl3nzq6Xk/b0eIG92jxwSOkpKSGD16/53+i9zY2CBwFNGa2tp44vHHYvmypR1+
z4svrovZsx+MhsaGOHDc+Bg8aEj0698vevWqiMbGhlhVUxNLliyOOc88FTUrO/Y4SzbbFsuXLY2K
it4xdOjwOHBcYQNHLpeL3r0rdnu3SkfOsaefz3t2Tvz4hu/v9R0YvXt3/w4jDQ1b409//EOnItDa
tWti7do1Xb7m6lWrYuGCeXHwIdO7fA4AAHquTCYT7zr/wrjua1ft1d8b/9WQIUPj/PdcVJRHu8WN
7tNjAkdEtPutbGs3LDLDrvXq1atLgal29ap4cMvmWLRgfgwaPDj69esfvSoqorGhIVavXhWralZ0
ejvhXC4XvXqVR3k3fHufyWTioIMPjUcfmd3lc9SsXBFj9h+7w2vbQsbixQvjB9/7dt52aSnGB/47
/nRbhx5Fyqdsti1+/7ubBA4AgH1Yr4qKuPh9H4prv/rlvbrLeZuKioq46L0fit69K/MwXeeIG90r
74Gjra0tWlp23N6yrKy8Q9vvtPeBt1dF938zzT8MHz4iJk6cHCtWLIstmzd36r319fVRX78kXnhh
SV5m6T9gQEyYOCWGDx+Rl/PtyRlnnh2PPfpwl9fE+N53vh6Xf/lr2yvxxo0b4q47bt8eTfK1bkYm
k4nT3/r2vJyrozZv3hRPdWFh0XHjJ8b4CRN3eO25xYtiyXOLOnyODRvWxx1//EO88ZS3dPr6AACk
YfCQoXH+Be/d6y8FM5lMvPP8C2PY8OF5nK5jxI3ul/fAUbNyRXzjuq/s8Nq/venUOP6Ek3f7vpaW
lli29PkdXuvdu3dUVlble0Q6oVdFRUyaMjWWLn0+nn7qybzdcdBZJSWlMX78xJg0eUq3rb9QXl4e
paWlXV5As7m5OX58w/ejpmZFbN60qWALgZaVlXXrY1y5XC5u+vWNUVdX1+n3Tpg4KU76l4Wj7rrz
j50KHBERs2c/GEe/fkbRtvYCAKDwJk6cHG859fS49fe/7fI5/u1Np7a7Y2ehiRvFkfeVCQcOGrTT
a/OfnbvHD3dLlizeac/jKVMP6vAijRTOsGHDY+q0g2Lo0KFFnGFYTJ12cAwdOqzbrpnJZOLi9/3H
Xp2jV69esXnT5oLucnLx+/6jW58lnD9vbjw795luu157tmzeHLfd+ruizgAAQOG9fsZxMf2ww7v0
3umHHR7HHX9SnifaM3GjePJeD/r16x8TJk7e4bXnn38uFu5m28zW1taYedcdO70+ddquS1tzU1PU
1q6OLVs699gEnVdaWhrjJ0yKiZOntPuoUWlpWZSVle3Vh+xMJhNlZWVRUlK608/Ky8tj4qQpMW78
hCgt3fnnhTRu/IS9ev/TTz0ZZ5x5Vp6mad+B48YX9Pz/6r577+nW6+3Ko4/MjiXPLS72GAAAFNg5
550f1aPHdOo91aPHxDnnnV+giXZN3Ciugtwe8Zojj9rptRt/8dNYuHD+Tt9kNzRsjZtv+mUsWbLj
B5V+/fvvciHBhQvnx5ev/EJcc9WX4oufuyT+8PubC/oNOREDBw6KqVMPiv1GVUfES0Gib79+MWHi
5Hjd0a+PGcedGJOnTIvKys4v3FNZWRmTp0yLGcedGEcf84YYP2FS9O3bd3swqa4eE1MPOjgGDtz5
7qBCy2Qy8clLPtfleJPLZWPOM0/H5CnT8jzZS7P99yWf79a7N/724F/iucULu+16ezLz7juLPQIA
AAVWVlYWF178gejbt2M7Kfbt2zcuvPgDHVoHMp/EjeIryD/x6YcdHo8+MjsWzH92+2t1W7bED773
rRg79sAYN35ClPfqFZs2bohnnn4ytm7dutM53nLqGVFR0Xun11tbW+NXN/5shwUv77t3ZkycNLko
z1a9XGQymRh7wIFx2GGvjIqK3jF48OAYVT0mRo2qjhEjR0Z5ea9YVbMyFi6cH/OenRMrli+PbLZt
t+csKSmNMWP2j6kHHRwTJ06O/UZVR0tLc9SuXh0rV66IVTUroq6uLqZOOyjGjj2ge36j7Rg2bHiM
GLlfrF5V06X3L1wwLz79mS/G//30x7H0X9aZ2RsjRu4XQ4d13yM7mzZtjDvvuH2vYuLiRTvHkfZe
66iFC+bHnGeesqsKAMA+rn//AXHhxR+Mb33ja7v9nFFSUhoXXvzB6N9/QDdO99IXgeJG8RUkcJSU
lMRZZ58XP/nx9bFs6Qs7/Gzp0uf3+CHvta87Jl5x+Kva/dmWLZtj08aNO72+ds0agaPAqqr6xCGH
To/9xx4QAwcOjAEDB+2wRsrYAw6MkfvtF6WlpfHiurV73Aa2qqoyDj5kehx19DHbY1avXr1i3PgJ
MfaAA2Pz5k1RX18fAwYMKMqWTttkMpn42Mc/FZ/6xEe6vKPKVVdeFl/+ynXxvz/6QV7Wr9g2U3fe
vfH4o49E3ZYte3WOJc91bseUPcnlsvGbX/08xo2fEFVVffJ2XgAAep4x+4+Ns84+N375i5/t8piz
zj43xuw/thuncudGT1KwFTwHDBgYF178gTjyqKM79b7jTzg5Tj/jrF1+cOvXr38MGDhwp9eLse3P
y9HgIUPjwHHjY9DgIe0uAPvS3R1DOrS7RZ++/WLwkCHt3qlTWloagwYNjtGjx0S/fv3zMvveKC0t
jS986aouB4W2ttb40hcvjXdf8N549wXv3ev1Sr7wpau6fT2Se2b2zMdBtm7dGsuXLyv2GAAAdINX
HXFkHH3MjHZ/dtTRr49XHXFkt84jbvQsBd2ipE+fvnHm286J//zIf8WRRx0dFRUV7R5XVVUVR772
dfGx/7ok/u1Np+5255SysrJ4+znvjP4D/nHL0YxjTyjIGgd0TVWfPh3a3rdPVZ+o6pPOt+59+vSN
j3zsk12OE1s2b47vfuu6OOjgQ+PLX/l6l7a7zWQy8ZGPfTL69OnY84f51NzcsueDiiSXLc72xQAA
dL9TT3trHHjgjgvtH3jg+Djt9Ld16xxbt9aLGz1MZs2Gpm5bnbO1tTXWrKmN+vq6aGlujt69K6Oq
T58YOnRYpxeAaWlpiY0bNkRlVWWH7hag+6xYsTzuuuP2PT6KcdDBh8RJb3xzVFeP7qbJ8mPF8mXx
jeu+0uW1KMZPmBTv/+CHIyJi7pyn46f/e0Pkctk9nm9b3KgePWZ7ZMnlct32mMqDD9wft9x80x7X
VulukyZPjfPe+e6iRB8AAIqjubk5fvmLn8bCBfNiwsRJcc5557d7Z3ghbd1aH5/99Cfydr63vf3c
Lr2vpKQkXv2anTf6yJfW1tb47//6cEHOffVXv5nXxWC7NXDw8rBx44b4851/jNkPPbjb44587evi
xJNPiQEDdn7kqKfbsmVzXPb5T3c5cgwePCQu+cwXI5PJRC6Xi+cWL4rf/OrnsX79ixERO503k8nE
5y/7cvTp0zd+fMP3Y/KUaTF06NCY/dCD8Y53XbDbu54AAIDCuPeeu+MPt96cl3N1JXCUlJTEqOox
MbqT2+h21hWXfXb7Z5V8GTp0WFzymS/m9ZwCB3nX0tISC+Y/G/PnPxutLe0/1lBWXh5TpkyLyVOm
RXl5eTdPmB+tra1x7TVXxtq1a7oUOkpLy+JTn/5cDBw0eHvoyGazsWzpC3HvrD/H3DnPRCaTicGD
h8QnPvXZ7WXz8UcfjgmTJsc9d98VNTUr4/0f/LDAAQAAFMyjjzwU986aGatX1ezVrooRL315O3K/
UTHj2OPzvmaKwEFBtLS0REPD1mhrbW3356VlZVFZWZVs3Ngml8vFqlU1ce01V3bp/ZlMJoYPHxGf
+NRn2z33Px/3z69vCyL/+jMAAICXK4ED8iCXy8X8eXPjJz++Ptra2jog3PEtAAAgAElEQVRdNTOZ
TEyddnC8410XdGnxUQAAgJc7gQPyKJfLRUtzc9zyu9/EM08/GY2NTZHLZXe442Kbba9lMiXRu3dF
HHzI9Dj9rW8XOAAAALpA4IACq61dHX974C+xcMG82LhxQ+RyuRg0aHBMmjw1Xvu6Y2LEiJHFHhEA
ACB5AgcAAACQPFsvAAAAAMkTOAAAAIDkCRwAAABA8gQOAAAAIHkCBwAAAJA8gQMAAABInsABAAAA
JE/gAAAAAJIncAAAAADJEzgAAACA5AkcAAAAQPIEDgAAACB5AgcAAACQPIEDAAAASJ7AAQAAACRP
4AAAAACSJ3AAAAAAyRM4AAAAgOQJHAAAAEDyBA4AAAAgeQIHAAAAkDyBAwAAAEiewAEAAAAkT+AA
AAAAkidwAAAAAMkTOAAAAIDkCRwAAABA8gQOAAAAIHkCBwAAAJA8gQMAAABInsABAAAAJE/gAAAA
AJIncAAAAADJEzgAAACA5AkcAAAAQPIEDgAAACB5AgcAAACQPIEDAAAASJ7AAQAAACRP4AAAAACS
J3AAAAAAyRM4AAAAgOQJHAAAAEDyBA4AAAAgeQIHAAAAkDyBAwAAAEiewAEAAAAkT+AAAAAAkidw
AAAAAMkTOAAAAIDkCRwAAABA8gQOAAAAIHkCBwAAAJA8gQMAAABInsABAAAAJE/gAAAAAJIncAAA
AADJEzgAAACA5AkcAAAAQPIEDgAAACB5AgcAAACQPIEDAAAASJ7AAQAAACRP4AAAAACSJ3AAAAAA
yRM4AAAAgOQJHAAAAEDyBA4AAAAgeQIHAAAAkDyBAwAAAEiewAEAAAAkT+AAAAAAkldW7AEAAACA
jmtpaYlZs+6KP95+S6ypXR0REcNHjIxT3nRaHHvsSVFeXl7kCYsjs2ZDU67YQwAAAAB7tnHj+rj8
skujpmZFuz8fNWp0XPrZK2LQoMHdPFnxeUQFAAAAEpDL5eLr1161y7gREVFTsyKuu/bKyOVefvcy
CBwAAACQgPvuvTsWLpy3x+MWL1oQ9917dzdM1LMIHAAAAJCAe2be2eFjZ868o4CT9EwCBwAAACRg
+fIXOnzsiuXLCjdIDyVwAAAAQBIyxR6gRxM4AAAAIAFjxozt8LGjx+xfwEl6JoEDAAAAEnDc8Sd3
+NjjO3HsvkLgAAAAgAS8YcYJMXHSlD0eN3HSlHjDjBO7YaKeReAAAACABGQymfjoxy6J6tG7fvyk
evSY+OjHLolM5uW3XkdmzYamXLGHAAAAADqmpaUlZs26K2679eZYt25NREQMHTo83vyWM+LY406K
8vLyIk9YHAIHAAAAkDyPqAAAAADJEzgAAACA5AkcAAAAQPIEDgAAACB5AgcAAACQvLJiDwAAAAB0
3LZtYv94+y2xpnZ1REQMHzEyTnnTaXHssbaJBQAAAHq4jRvXx+WXXRo1NSva/fmoUaPj0s9eEYMG
De7myYrPIyoAAACQgFwuF1+/9qpdxo2IiJqaFXHdtVdGLvfyu5dB4AAAAIAE3Hfv3bFw4bw9Hrd4
0YK47967u2GinkXgAAAAgATcM/PODh87c+YdBZykZxI4AAAAIAHLl7/Q4WNXLF9WuEF6KIEDAAAA
kpAp9gA9msABAAAACRgzZmyHjx09Zv8CTtIzCRwAAACQgOOOP7nDxx7fiWP3FQIHAAAAJOANM06I
iZOm7PG4iZOmxBtmnNgNE/UsAgcAAAAkIJPJxEc/dklUj9714yfVo8fERz92SWQyL7/1OjJrNjTl
ij0EAAAA0DEtLS0xa9ZdcdutN8e6dWsiImLo0OHx5recEcced1KUl5cXecLiEDgAAACA5HlEBQAA
AEiewAEAAAAkT+AAAAAAkidwAAAAAMkTOAAAAIDklRV7AAAAAKDjtm0T+8fbb4k1tasjImL4iJFx
yptOi2OPtU0sAAAA0MNt3Lg+Lr/s0qipWdHuz0eNGh2XfvaKGDRocDdPVnweUQEAAIAE5HK5+Pq1
V+0ybkRE1NSsiOuuvTJyuZffvQwCBwAAACTgvnvvjoUL5+3xuMWLFsR9997dDRP1LAIHAAAAJOCe
mXd2+NiZM+8o4CQ9k8ABAAAACVi+/IUOH7ti+bLCDdJDCRwAAACQhEyxB+jRBA4AAABIwJgxYzt8
7Ogx+xdwkp5J4AAAAIAEHHf8yR0+9vhOHLuvEDgAAAAgAW+YcUJMnDRlj8dNnDQl3jDjxG6YqGcR
OAAAACABmUwmPvqxS6J69K4fP6kePSY++rFLIpN5+a3XkVmzoSlX7CEAAACAjmlpaYlZs+6K2269
OdatWxMREUOHDo83v+WMOPa4k6K8vLzIExaHwAEAAAAkzyMqAAAAQPIEDgAAACB5AgcAAACQPIED
AAAASJ7AAQAAACRP4AAAAACSJ3AAAAAAyRM4AAAAgOQJHAAAAEDyBA4AAAAgeQIHAAAAkDyBAwAA
AEiewAEAAAAkT+AAAAAAkidwAAAAAMkTOAAAAIDkCRwAAABA8gQOAAAAIHkCBwAAAJA8gQMAAABI
nsABAAAAJE/gAAAAAJIncAAAAADJEzgAAACA5AkcAAAAQPIEDgAAACB5AgcAAACQPIEDAAAASJ7A
AQAAACRP4AAAAACSJ3AAAAAAyRM4AAAAgOQJHAAAAEDyBA4AAAAgeQIHAAAAkDyBAwAAAEiewAEA
AAAkT+AAAAAAkidwAAAAAMkTOAAAAIDkCRwAAABA8gQOAAAAIHkCBwAAAJA8gQMAAABInsABAAAA
JE/gAAAAAJIncAAAAADJEzgAAACA5AkcAAAAQPIEDgAAACB5AgcAAACQPIEDAAAASJ7AAQAAACRP
4AAAAACSJ3AAAAAAyRM4AAAAgOQJHAAAAEDyBA4AAAAgeQIHAAAAkDyBAwAAAEiewAEAAAAkT+AA
AAAAkidwAAAAAMkTOAAAAIDkCRwAAABA8gQOAAAAIHkCBwAAAJA8gQMAAABInsABAAAAJE/gAAAA
AJIncAAAAADJEzgAAACA5AkcAAAAQPIEDgAAACB5AgcAAACQPIEDAAAASJ7AAQAAACRP4AAAAACS
J3AAAAAAyRM4AAAAgOQJHAAAAEDyBA4AAAAgeQIHAAAAkDyBAwAAAEiewAEAAAAkT+AAAAAAkidw
AAAAAMkTOAAAAIDkCRwAAABA8gQOAAAAIHkCBwAAAJA8gQMAAABInsABAAAAJE/gAAAAAJIncAAA
AADJEzgAAACA5AkcAAAAQPIEDgAAACB5AgcAAACQPIEDAAAASJ7AAQAAACRP4AAAAACSJ3AAAAAA
yRM4AAAAgOQJHAAAAEDyBA4AAAAgeWXFHgAAAAAKYdOmjbGmdnW0tLRELpdr95g+ffpG9egxUV5e
3s3TkW8CBwAAAPuUbDYbf7l/Vlz/P9+KhQvm7TJuREQMHz4i3nPRB+LMs87txgkpBIEDAACAfUZd
3Za4/n++FTf9+sZobm7a4/Fr1tTGmtrV3TAZhSZwAAAAsE+YO+fp+Myn/l+sWLGsU++r6N27QBPR
nQQOAAAAkpbNtsXPfnJD/N9PboiNGzcUexyKROAAAAAgWS88vySuveaKeOzRhzv0SAr7LoEDAACA
5ORyubj/vnvia1d/KVavXrXbhUR5eRA4AAAASMqL69bGL3/x0/j5z34ULS0txR6HHkLgAAAAIBlz
nnkyvvut6+KRh/9W7FHoYQQOAAAAkvDb39wY115zRTQ3Nxd7FHoggQMAAIAebd26tfHVq78UM/98
Z0RYa4P2CRwAAAD0WPfMvDO+evXlsW7tmhA32B2BAwAAgB5n8+ZN8cPvfyduvumX0dTUWOxxSIDA
AQAAQI/y5BOPxQ3XfzceevAvxR6FhAgcAAAA9AhtbW3xi5/9OG76zS+iZuWKYo9DYgQOAAAAim79
i+viW9+4Jm679XfFHoVECRwAAAAU1SMPPxRf+8rl8dzihcUehYQJHAAAABRFW1tbXP/9b8fPf3pD
NDZaSJS9I3AAAADQ7RbMnxdXXfG5mPPMU8UehX2EwAEAAEC3yWazcdOvfxE//+mPoqbGQqLkj8AB
AABAt6itXR3fvO7q+Otf7o2t9fXFHod9jMABAABAwT326Oy49porY9HC+ZHL5Yo9DvsggQMAAICC
qa+vj9/d9Mv44Q++E/X1dcUeh32YwAEAAEBBLH1hSXzj2pceSSnUXRv9+vWPGceeEHf86Q/R0tJS
kGuQBoEDAACAvPvT7bfGVVd8PrZuLcxaG6WlZTH9FYfHJz/1uejbr1/Mnv1grKldXZBrkQaBAwAA
gLzZsGF9fPO6r8Rdd9wWzc3NBblG78rKuPCiD8S573hP9KqoiE2bNsaQIUMFjpc5gQMAAIC8eOhv
f42vXv2lWL5saWSz2YJc44ADx8cXvnR1HHTwodtf61XeK0pKSgpyPdIhcAAAALDXcrlcPPjA/bH0
hecLcv6qqj5x2hlnxbsvfF8MGjR4h59lMpmCXJO0SFwAAADstUwmE0cfMyMqK6vyfu5x4ybE5y77
cnzk//33TnEDthE4AAAAyItXv+aoOPW0M/N2R0VFRUW85sjXxVe/8b04/oQ3egyF3fLfDgAAAPLm
fR/8cIwcOWqvzzNi5H5x0fv+I77xnR/GmDFj8zAZ+zqBAwAAgLzp169/XPr5y6OysrLL55gy9aC4
8uqvx7sveF+Ulpbu+Q2W4CAEDgAAAPLsNUe+Lk4746xOP6pSWloa573rgrjhJ7+KQ6e/ouNvzHVy
QPZJdlEBAAAg795z0Qfi6aeeiLlznu7Q8eMnTIr3f/AjMeO4Ezt/MXdwEO7gAAAAoAAGDRocF733
QzF48JA9HvvmU0+Pb373h12LGxHu4CAiBA4AAAAK5OjXHxtnvO2cXf58xMj94sMf+++49HNXxPDh
I7txMvZFHlEBAACgYM4+910xf97c+Ov9s3Z4/cjXHh0XXPSBeMUrjyjSZOxrBA4AAAAKZsCAgfHu
C94bixbMi61b66O5pSXOOe/8OP89742+ffsVezz2IR5RAQAAoKCmH/bKuODiD8bQYSPiy1d/PT70
nx/Pb9ywyCjhDg4AAAC6wRlnnh1v/Le3RFWfPvk/uUVGCXdwAAAA0E0KEjci3MFBRAgcAAAApM4d
HITAAQAAAOwDBA4AAAAgeQIHAAAAkDyBAwAAgLRZZJQQOAAAAEidRUYJgQMAAIDUuYODEDgAAABI
nTs4CIEDAAAA2AcIHAAAAEDyBA4AAAAgeQIHAAAAabPIKCFwAAAAkDqLjBICBwAAAKlzBwchcAAA
AJA6d3AQAgcAAACwDxA4AAAAgOQJHAAAAEDyBA4AAADSZpFRQuAAAAAgdRYZJQQOAAAAUucODkLg
AAAAIHXu4CAEDgAAAGAfIHAAAAAAyRM4AAAAgOQJHAAAAKTNIqOEwAEAAEDqLDJKCBwAAACkzh0c
hMABAABA6tzBQQgcAAAAwD6grNgDAAAA+47WlpZobmmObNZX6l1RUdEryst7FXsMSJLAAQAA5MWT
Tzwaf7r91lixfFk0tzQXe5wkDR0yLN757oti2kGHFHsUSI7AAQAA5MWcp5+Km2/6ZbHHSN6o0aMF
js6yyChhDQ4AACAPcrlctLS2FHsMXq48EUUIHAAAQB7kcrmInE+ZeeGPsfPcwUEIHAAAAD2LD+ud
JwoRAgcAAACwDxA4AAAAgOQJHAAAAEDyBA4AAICexHoSnWfdEkLgAAAAIHWiECFwAAAAkDp3cBAC
BwAAkAeZTCbKysqLPcY+oaTEx7ROcwcHIXAAAAB5kMlkYtjwETGqenSxR0lar1694oADxxV7DEhS
WbEHAAAA9g3HvOHYGDhoUGzetCmy2bZij5OkAQMGxmGHH1HsMSBJAgcAAJAXffr0jSNfe3Sxx+Dl
yBochEdUAAAAgH2AwAEAAEDaLDJKCBwAAACkziMqhMABAABA6tzBQQgcAAAAwD5A4AAAAACSJ3AA
AACQNmtwEAIHAAAAqbMGByFwAAAAAPsAgQMAAIC0eUSFEDgAAABInUdUCIEDAAAA2AcIHAAAAEDy
BA4AAADSZg0OQuAAAAAgddbgIAQOAAAAUucODkLgAAAAAPYBAgcAAABp84gKIXAAAAAA+wCBAwAA
AEiewAEAAEDaLDJKCBwAAACkzhochMABAABA6tzBQQgcAAAApM4dHITAAQAAAOwDBA4AAACS19bW
1uX3ZrPZPE5CsQgcAAAAJK2hsSHq6rZ0+f31e/Feeo6yYg8AAADAvmNN7epoaGiIkpJMdMfqny0t
LfHUk4/FurVru3yOZ55+Ku65+84YP3FSlGQKfx9AW1tr9OvXP4YMHVbwa72cZNZsaLIcCwAAAHst
l8vFu99xZsyfNzcymUxkMoUNHLlcLrLZbORy+flYm8lkorS0NC/n2p3W1rbYf+zYuPzL18bUaQcX
/HovF+7gAAAAIC+am5ti48YNya5pkcvlorW1tVuutWzpC1G3xaMx+WQNDgAAAPIil8vl7W6KlwN/
VvklcAAAAADJEzgAAACA5AkcAAAAQPIEDgAAACB5AgcAAACQPIEDAAAASJ7AAQAAACRP4AAAAACS
J3AAAAAAyRM4AAAAgOQJHAAAAORFaWlZlJeXF3uMJJSUlEZZWVmxx9in+NMEAAAgL8rLy2PylGlR
V1cX5WXlUVLqO/X21NVticmTp8XwESOLPco+JbNmQ1Ou2EMAAAAA7A05DQAAAEiewAEAAAAkT+AA
AAAAkidwAAAAAMkTOAAAAIDkCRwAAABA8gQOAAAAIHkCBwAAAJA8gQMAAABInsABAAAAJE/gAAAA
AJIncAAAAADJEzgAAACA5AkcAAAAQPIEDgAAACB5AgcAAACQPIEDAAAASJ7AAQAAACRP4AAAAACS
J3AAAAAAyRM4AAAAgOQJHAAAAEDyBA4AAAAgeQIHAAAAkDyBAwAAAEiewAEAAAAkT+AAAAAAkidw
AAAAAMkTOAAAAIDkCRwAAABA8gQOAAAAIHkCBwAAAJA8gQMAAABInsABAAAAJE/gAAAAAJIncAAA
AADJEzgAAACA5AkcAAAAQPIEDgAAACB5AgcAAACQPIEDAAAASJ7AAQAAACRP4AAAAACSJ3AAAAAA
yRM4AAAAgOQJHAAAAEDyBA4AAAAgeQIHAAAAkDyBAwAAAEiewAEAAAAkT+AAAAAAkidwAAAAAMkT
OAAAAIDkCRwAAABA8gQOAAAAIHkCBwAAAJA8gQMAAABInsABAAAAJE/gAAAAAJIncAAAAADJEzgA
AACA5AkcAAAAQPIEDgAAACB5AgcAAACQPIEDAAAASJ7AAQAAACRP4AAAAACSJ3AAAAAAyRM4AAAA
gOQJHAAAAEDyBA4AAAAgeQIHAAAAkDyBAwAAAEiewAEAAAAkT+AAAAAAkidwAAAAAMkTOAAAAIDk
CRwAAABA8gQOAAAAIHkCBwAAAJA8gQMAAPj/7N1plGT1eSfo98aSa60UFPsqISQEiH0rNgFCCKHN
LWO7x9O2u3tOn3G77dNneto94zkznsV22x5Pd8tI4+nFQm1bRosli0UIsYmi2BGLWCS2KqAWaqWo
yj2We+dDUIgkI6syszIz4kY8zzlxKOJGRrx5K9+suL/4LwC5J+AAAAAAck/AAQAAAOSegAMAAADI
PQEHAAAAkHsCDgAAACD3BBwAAABA7gk4AAAAgNwTcAAAAAC5J+AAAAAAck/AAQAAAOSegAMAAADI
PQEHAAAAkHsCDgAAACD3BBwAAABA7gk4AAAAgNwTcAAAAAC5J+AAAAAAck/AAQAAAOSegAMAAADI
PQEHAAAAkHsCDgAAACD3BBwAAABA7gk4AAAAgNwTcAAAAAC5J+AAAAAAck/AAQAAAOSegAMAAADI
PQEHAAAAkHsCDgAAACD3BBwAAABA7gk4AAAAgNwTcAAAAAC5J+AAAAAAck/AAQAAAOSegAMAAADI
PQEHAAAAkHsCDgAAACD3BBwAAABA7gk4AAAAgNwTcAAAAAC5J+AAAAAAck/AAQAAAOSegAMAAADI
PQEHAAAAkHsCDgAAACD3BBwAAABA7gk4AAAAgNwTcAAAAAC5J+AAAAAAck/AAQAAAOSegAMAAADI
PQEHAAAAkHsCDgAAACD3BBwAAABA7gk4AAAAgNwTcAAAAAC5J+AAAAAAck/AAQAAAOSegAMAAADI
PQEHAAAAkHsCDgAAACD3BBwAAABA7gk4AAAAgNwTcAAAAAC5J+AAAAAAck/AAQAAAOSegAMAAADI
PQEHAAAAkHsCDgAAACD3BBwAAABA7gk4AAAAgNwTcAAAAAC5J+AAAAAAck/AAQAAAOSegAMAAADI
PQEHAAAAkHsCDgAAACD3BBwAAABA7gk4AAAAgNwTcAAAAAC5J+AAAAAAck/AAQAAAOSegAMAAADI
PQEHAAAAkHsCDgAAACD3BBwAAABA7gk4AAAAgNwTcAAAAAC5J+AAAAAAck/AAQAAAOSegAMAAADI
PQEHAAAAkHuFJGl1CQAAAABzlyQRBfkGAAAAkGdJRBQSQzgAAACAHEuSxBQVAAAAIN8aU1QkHAAA
AECOJUkSBYtwAAAAAHlWSCIKEg4AAAAgzwqFJAqFQqvLAAAAAJi7QiGiUDSCAwAAAMixYiERcAAA
AAD5JuAAAAAAcq9YSKKQJGErFQAAACCXCoUkkiSiEBFREnAAAAAAObQv0yhERBSLAg4AAAAgf/Zl
Go0RHAIOAAAAIIdK7w04ygIOAAAAIIfKxfdNUbEMBwAAAJAnheR9U1QiIkqlwrRfAAAAANBu3ptl
vPuncskQDgAAACA/3ptlvBtw9BjBAQAAAORIT7MRHKViEoXEKA4AAACg/RWSZNKusJOGbfSUBRwA
AABA+3t/hjE54DBNBQAAAMiB92cY7xvBIeAAAAAA2t/7M4xJ/5ckQg4AAACgvfWUC/H+ZUSnpBm9
Ag4AAACgjTXLLgQcAAAAQK7MKOBIkoi+HiEHAAAA0H76eqZOT4loEnBEGMUBAAAAtKfpMoum9/aU
C1EsNolDAAAAAFqkWEym3Rxl2qEapqkAAAAA7WR/WcW0R/p7igtSDAAAAMBc7C+rmDbgSJKI/l4h
BwAAANB6/b3FpouL7rPfeSj9pqkAAAAAbeBAGcV+jxaLibU4AAAAgJbq6znwZigHTC9MUwEAAABa
aSbZxAEDjpJRHAAAAECL9PUUonSA0RsRMwg4IoziAAAAAFpjppnEjAKOUjERcgAAAACLqr+3OKPR
GxEzDDgiIgb6CvvdjgUAAABgviRJI4uYqRk/spAkMdBnFAcAAACw8Ab6ilGYxUiLWa0eOjCLoSEA
AAAAc1EqJjEwy6UyZr09yqBRHAAAAMACmkv2MOuAo6dciP5e28YCAAAA86+/txA95dnnDnNKKgb7
SlEsmKoCAAAAzJ9iIYnBvtKcvnZOAUeSRAz2m6oCAAAAzJ/B/uKcd3CdWywSEb3lQvT3FmNsoj7X
pwAAFsFtt34nHn74gdj4xmtRq9VaXc6iKpVKcexxJ8RFF10a13/mF1pdDgCwH/29xeidw9SUfZIs
y7KDKWD3UDVq9YN6CgBgAWzbtjW+9B/+ODasf6XVpbSFE0/6YPz27/xuHH74Ea0uBQB4n1IxiZVL
ywf1HAe9WujSgTkPAgEAFpBwY7IN61+JL/2HP251GQBAE/ORLRx0wFEqJkIOAGgzt936HeFGExvW
vxK33fqdVpcBALzH0oFSlIoHv5HJvOz32tfTWI8DAGgPDz/8QKtLaFvODQC0j/7eYvT1zEs0MT8B
R0TEkv7inPapBQDm38Y3Xmt1CW3LuQGA9tBTLsSSedyhdV4TiWXzNKwEAAAA6FylYhLL5nm5i3kN
OJKkEXIU5rppLQAwL4497oRWl9C2nBsAaK1C0gg35js6mPc5JcViEssGLToKAK100UWXtrqEtuXc
AEBrLRssRXEBZn8syKIZ5VISy4UcANAy13/mF+LEkz7Y6jLazoknfTCu/8wvtLoMAOhaywdLUS4t
zKyPBVsVtKdcMJIDAFrot3/nd4Uc73HiSR+M3/6d3211GQDQtZYNlhZ0c5Iky7JswZ49IiYqaewd
rS3kSwAA+3Hbrd+Jhx9+IDa+8VrUat31b3KpVIpjjzshLrroUiM3AKCFlg2UoneetoOdzoIHHBER
E9U09o501xsqAAAAoDFyo3cBR27ss/CvEBG95YI1OQAAAKDLLF+kcCNikUZw7FOtZbF3pBbp4r0k
AAAAsMgKSWOH1YVaULSZRQ04IiLq9Sz2jtaiVhdyAAAAQKcpFZNYNrAwW8Huz6IHHBERWRaxd7QW
lWq62C8NAAAALJCeciGWDZQiWdxsIyJaFHDsMzxWj7GJeqteHgAAAJgn/b3FWNJfbNnrtzTgiIgY
r6QxZBtZAAAAyK2lA6XoW+BtYA+k5QFHREStnsWQdTkAAAAgV0rFJJYOlKK0yOttNNMWAcc+pqwA
AABAPrR6Ssr7tVXAERExUU1jZKwe9bStygIAAAAiolhIYrC/GL3l1k5Jeb+2CzgiGrusjIzXYmzC
LisAAADQLvp7CzHY15pdUg6kLQOOfSrVNEbG69bmAAAAgBYqFZMY7CtGT5uN2nivtg449hmdqMfo
eD3av1IAAADoHEkSMdBXjIHe9llrYzq5CDgiItIsi9Hx1CKkAAAAsAj6e4sx0FeIQjvOR2kiNwHH
PrV6FmMT9RivWJ8DAAAA5ltfTyH6e4ttsfXrbOQu4NhH0AEAAADzJ6/Bxj65DTj2qdezGKuYugIA
AABz0d9bjP6eQhRzGmzsk/uAY58sixirNEZ01O26AgAAANMqFpPGiI2eYltu+ToXHRNwvFelmsZE
NTV9BQAAAN6jr6cQveVCW2/3OlcdGXDsk2URE++EHZWqsAMAAIDu01NuhBq95ULHjNZopqMDjvfK
ssbIjkotjUo1i7Q7vm0AAAC6TCFJoqecRE+pMVKjk0ON9+qagFoYAKgAACAASURBVOP9avUsKrU0
qrUsarU00q48CwAAAORdIYkolQpRLjVCjbzugnKwujbgeL96PYtqPYtaPYt6PYtamkUq9QAAAKCN
FApJlApJFItJlIpJlItJ7nc/mS8Cjv3Isoh6mr17S9OINM0izSKyLIts33/feSwAAADMVpJEJBGR
JEnjz0kShaQRZhQKEcVC8u6tW6abzIWAAwAAAMi9ztsXBgAAAOg6Ag4AAAAg9wQcAAAAQO4JOAAA
AIDcE3AAAAAAuSfgAAAAAHJPwAEAAADknoADAAAAyD0BBwAAAJB7Ag4AAAAg9wQcAAAAQO4JOAAA
AIDcE3AAAAAAuSfgAAAAAHJPwAEAAADknoADAAAAyD0BBwAAAJB7Ag4AAAAg9wQcAAAAQO4JOAAA
AIDcE3AAAAAAuSfgAAAAAHJPwAEAAADknoADAAAAyD0BBwAAAJB7Ag4AAAAg9wQcAAAAQO4JOAAA
AIDcE3AAAAAAuSfgAAAAAHJPwAEAAADknoADAAAAyD0BBwAAAJB7Ag4AAAAg9wQcAAAAQO4JOAAA
AIDcE3AAAAAAuSfgAAAAAHJPwAEAAADknoADAAAAyD0BBwAAAJB7Ag4AAAAg9wQcAAAAQO4JOAAA
AIDcE3AAAAAAuSfgAAAAAHJPwAEAAADknoADAAAAyD0BBwAAAJB7Ag4AAAAg9wQcAAAAQO4JOAAA
AIDcE3AAAAAAuSfgAAAAAHJPwAEAAADknoADAAAAyL1SqwsAAACATpBFRJZmkWURaZY1/j9rHGn8
d7IkiYhIIkkikogoJO/8uZBEsoh1d4oky5qdZgAAAOBA6mkWaZpFmkXM5+V1kiRRSCIKhSSKBXHH
TAg4AAAAYBb2hRr1dPEup4uFRNhxAAIOAAAAOIAsi6inadTrjaknrZJERLGYRLFQeGeKC/sIOAAA
AGAaWZZFrb64ozVmqlhIolRMIpF0RISAAwAAAKbIsohaPW3LYOP9GkGHER0CDlqmVqvHW3v2Rr1e
n9XXHbn60AWqCAAAIKJez6JaT1tdxqyVi4UoFrs35bBNLC3z0vrX4/f+9C/ize07Z/V1j3zvLxeo
IgAAoJtlWRbVemMB0Tyq1tOoZ0mUu3TaioCDlvn+fQ/Fusefjp1vvd3qUgAAgC5XT7Oo1vI3auP9
0jSLiTSLcqnQdTuuFFpdAN2pVq/H3esei73DI60uBQAA6HLVWtoR4cZ7deL3dCACDlrilQ0b46X1
b0SlUm11KQAAQJfKIqJSy8dConNRT7Oo1NKWbmu7mAQctMTt9z5o9AYAANAyWRZRqaa5XW9jptI0
i0o1jW7YXsQaHCy6Wr0edz/wWAyNjDY9fughK6Kvt2eRqwIAALpFlkVUavWuuOiPaCyeWqnVo6dU
7OitZAUcLLpXXtsYL7yyoen0lL7e3rj5y38Ql194dpSKxRZUBwCzV0/TqNcnv1FOkohisRjFggGz
sFiqtVrTT+MLhSTKJZc+NHRbuLHPvu+7k0MOXc6iu+O+h2J4mtEbF559Whxz5GrhBgC5kaZpvLJh
Y7y8YWNMVCrv3t/b2xMnn3BsnHzisVEQcsCCS9M0nnjmp7Fl244px446/LC44KyP6kXeXXOj28KN
fRohRxo95UJ0YsYh4GBR1dM07rz/0RgeHWt6/OpLzo9VK1csclUAMHdbtu2MP7zxq/HX371j0ifH
hUIhfvUL18Yf/OvfjGOOXN3CCqE71Or1+Ldf+VrcctfaKcc+d83l8c3/9w+jR8DR9aq1NLJuTTfe
kWWN7XB7Sp3XD533HdHWXt/0Zrzw8vqm01MG+vvisgvOipXLl7agMgCYvWq1Fn/7vTvj7nWPTRkW
n6Zp3L3u8bj5lh9GtVZrUYUA7FOtdf6CojOVpllHbiEr4GBR3XLX2hgeaT5645LzPhZHrj7UXGUA
ciHLsnj4yWfj+/c9FFu27Wz6mC3bdsT373swHnnyua7/xBCglepp1rFbwc5VJ54TV5IsmjRN4wc/
ejhGmkxPSZIkPnHpBbFq5bIWVAYAs7d3eCT+9ns/jIeffHa/j3v4x8/G1793p+3RAVpk35QMpuq0
KTsCDhbN65u3xnMvvhqV6tTpKYMD/XHp+WfF8qWmpwDQ/uppGt++/d647+EnYmKist/Hjk9U4kcP
/Tj+7vv3RT31BhtgsVXrnXMBvxA66fwIOFg0t9y1NkZGx5seu/yCs2L1oSujUOjEtXwB6DQvr38j
vvuD++LFV1+fdH+5XIr+vt4ovW87yp+9+lr83R33xkvr31jMMgG6Xr2eWXfjANI0i3qHhBwCDhbF
vukpo2NTA44kSeKayy6MQ5abngJA+5uYqMR/ufmWePCJZybdnyRJXHnxufGv/tmvxkVnnxZJMjm0
f+iJn8RXv3lr05GMAMy/LIuo1o2cm4lqvTO2zhVwsChe37w1nnnhpaZv6pYtHYxLLzgzli0dbEFl
ADBzWZbFD+5/OO596PF4e+/wpGOHHbIiPnP1pfG7v/lr8dlPXBbLly6ZdPztvUNxz4OPxw9+9HBH
zXcGaFc14casdML5EnCwKG67Z12Mjk00PXblRefGqhXLp3zSBQDtZvuu3fE33/1B/ORnr0y6v1gs
xBeu/Xhcd+WaGOzvi099/OL49FVrovC+ncF+8tOX46+/c0ds37V7McsG6DpZ1nk7hCy0eprlPoAX
cLDgsiyL79/7YIyNTw04kiSJay6/MFYst7goAO2tXk/jpm/dFg8/+WzUavVJx874yMnx6SvXxInH
HhURER/90Enx2U9cFh884ZhJj6vV6vHwk8/F1759e9Q74JMygHZV65A1JRZb3s+bgIMFt2Xbznjq
uRennZ5y8Tmnx9LBgRZUBgAz9/QLL8Vtd6+LTW9un3R/f19vfPG6q+KKi8+ZdP8nLr0gfvmz10RP
uTzp/k1vbotb71obTz3/4oLXDNCNsiyM3pijxiiOVlcxdwIOFtx37/xR09EbERGfvOzCWLXS9BQA
2tvo2Hh8+Wvfiief+9mk+5MkiU9eflFcc9kFU8L6lcuXxjWXXRgfv/icKf/OPfXci/GV//rtpotv
A3BwbMl9cPJ8/gQcLKgsy+L2e9bF2ETz6SnXXnFRLF9megoA7SvLsrj5lrti3eNPTwkkjli9Kn7h
U1fE2aed0vRrLzjro/HFT18Vh6yYvFPYyNh4PPj4M/HN2+7O/XxngHbTKVuetkqez1/pwA+BuXtz
+8544ic/jWq1NuXYyuXL4oKzTovBgf4WVAaLb3yiEmmeE/FCIfp6e1pdBiy6jVu2xd9894545bVN
k+4vFgrxq5+/Nq5ac96UxUT3KRWLceXF58YN118d/9/ffHfS74BXXt8Uf/3dO+LjF58bxx99xIJ+
DwDdop5mkd/L8/aQReM8Fgv5G2Uv4GBB/f2d98fERKXpseuuvDhWLl8W+WsbmJt/+b//P/HTV17L
5cKCxWIhTj35xPjKH/xuq0uBRVWv1+Pf/5eb4+kXXpoy0uLcj50an7ziojjq8MP2+xwnHXd0XH/V
JbHusafj2Rdffff+NE3jqedejC/95c3xJ//zv4hisbgg3wNAN0mtvTEvUgEHTJZlWdx297oYr0wN
ON6dnrJ0sAWVQWs8/cJL8cQzP41avX7gB7eZUqkYlcrUhYKhk2UR8cO1j8YP1z4Sb729d9Kx/r7e
+G9/4VNx8TlnzOi5Lj3/rPi1X7w+fu9PvhIT7+mlt97eGz9c+2h88vIL45rLLpzP8gG6ksVF50c9
zaJ84Ie1HWtwdJF6PY3RsfEYaXIbG5+Y9znAb27fFY8983zT6SmrV62M88/8aAz0983rawLAfNmz
ZyhuvOmb8dL6NybdnyRJfP6TV8TlF54d/X29M3qupUsG4qo158X1V10yZcHRlza8EV/+2rdj79DI
vNUO0I2EG/Mrj+dTwNEl6vV63L3usVh52lWx5JTLptzO+tSvxvZdu+f1NW+5a22MTzM95dNXrYnl
S5bM6+sBwHxJsyz+49e/G0+/8FJUa5OD+mOOXB2/eP1VcerJJ83qOU//yAfjhs98IlavWjnp/kql
Gj9+9qfxn/727y04CnAQTE+ZX3k8nwKOLlEsFuOYI1fHReec3vT4nqHh+OH9j8zb62VZFrfctbbp
kPYkSeK6j6+JZUsGmnwlALTeCy+tj7+95YexZdvOSfcXCoX4737l83HJeWdGYZZzk4uFQlxy3sfi
H//SZ6d87eatO+Lrf/+DKaNFgNkpFptf3kx3P50lh9fjbS2P51Ond5HVq1bGVWvOa3ps79BI/HDt
o/P2Wlt37IqHf/zslE+9IiKOPvywOPv0D0ffDIf1Qqcol0rR01OOnnLzW7FYnDJ0PaIRCpZKxWm/
bia3crkUxWl2eSgkyYyfA7pBtVqLP/jzrzYNGy4572Nx9aXnx2GHrJjTcx91+GFx3ZVr4oIzT5ty
7KX1b8Qf3vjVqOdwnR5oD8m008YG+voisbR9R8sijIKbZ1mWvx1pvFvtIqtWLo9Lzz8z+vt6Y2x8
YtKx0bHxeOzp52P3nr2xcvmyg36tW+96ICrV5gsSfvrqS2Kp0Rt0oS/9H/8qhoZHp/3H9xu33hXf
vO3u2PnW25PuP+GYI+Nf/MYNcc7pH5nza2/dsSu+cetd8Z077pty7JwzPhJ/+nu/3TRc2SdJEn1L
V8ii0YsP//gnMTo2PunY4EBf/ONf+myc9dFTDuo1zj7tlPgnv/zZePqFlyb9ezw8OhZrH30qvnnb
PfHLn7vGpRjMUhIx7Xbm1n3rfFkehxvkQJZmkeRoNxUBRxcpFApx5OpD45Lzzoy7Hpg6WmPP8HB8
/96H4r/5wrUH/Vrfu2tt04AjSZK4/spLYumgCyW6z5mnfmi/xx9/5oXo7Zm6XvXgQH+c8eGT47IL
zprza7+26c144LGnmx5buXxZXHbBWfsNOKBbbN/5Vtz4tW/Fpje3T7o/SZL4lc9+Mi4+94xpL6Bm
aqC/Ly45/8y44fqr47/+3fcnhZ4bt2yL//CXN8dVa86N1YceclCvA10niejrbT6Co7+/N6SGnc3g
jYWRt/NqikqXOfSQFXHVJc2nqQwNj8YP7n/4oF9j1+49se7xp6NWmzrE9oRjjoyPnXpy9PYc3JtD
AFgIf/Yf/ybWv74pkkJjati+23FHHxE3fOYT8cHjj5mX1zn5xOPiH37+2jju6CMmvU5SSGLDG5vj
3/+Xm+fldaDb7H+KCp0szduVeE7k7bwawdFlDlmxLC49/8wYHOiPkdGxScdGx8bj0aeei917hmLl
8qVzfo3v/OC+qFSmrr0REfGZqy+NJYP9c35uAFgoaZrGDddfHZ++cs2UY0esXhXHHXXEvI10KiRJ
XHr+mXHnX30ptu7YNeX4ksGByLLMyCqYhWR/a3D094UhHJ2tXS7Dn3r+xXjimRfilJOOj3M/duqs
pkftHRqOR556LjZv3R4XnnV6fOTkExew0plpl/M6UwKOLpMkSaxedUhcceHZcfu9D045vmdoJO68
/+H45c9eM+fX+N6d90etyeKiERHXX3VJDA4IOABoP4VCIc49Y+5r3cxWf19vnPKB4+OUDxy/aK8J
nW66gMMUlc7XLgMNnnz2p/Hlr30zjjlydfzmP7ohPn7xudP+XL7X0PBI/OD+h+Mv/urbUalUY9mS
wfYIONrkvM6UKSpd6NCVy+PqS89vemx4ZDS+f99Dc37ut97eG2sfezpqTVaAP/HYo+LUD50UPeWp
awwAAMBBSWLaadCmqHSD9rgSP+2UD8QpJx0fTzzzQtx40zfi/kd+PGWDh/cbHhmNH659JL7ytW/G
T1/ZEB85+cT40EntEn63x3mdKSM4utDyZUtizbkfi2VLBmPv8MikY6Nj4/HgE8/E23uHYsWy2U9T
+fs7fxSVSqXpsX9w3ZWxxOgNAAAWQBL7WYPDFJWO1y4jDc4+/SPx3/+jL0alWo2HfvyT+POv3hxJ
ksTlF57TdJHq4ZHRuOuBR+MrX/tmvPjq63H1pRfEP/2VL8SpHzqpBdVP1S7ndaaM4OhCSZLEoYes
iCvXnNv0+NDwaPxw7dRdVmbiO3fc13T0RkTE5z5xWQwO2KILAICFMf0io6aosDjKpVKsOffM+K1f
/6W46OzT44mf/DRuvOkb8cCjT8b4xOQPgkdGx+LudY/FjTd9I55/eX18/OJz4zd/7Rfj3I+dGsWC
S/W5cNa61KoVy+Oayy5semxkdCy+32R9jgN56+298aNHnox6PZ1y7LRTPhAnn3hclEoGDQEAsBD2
s8joQL98g0VTLpfi0vPPit/6jV+KC886LR57+vn485u+EeseeyomKtWIaFxz3bPusfjy174Rz7/0
alxx4bnxz3/thjj/Yx8VbhwEV5tdatnSwbjwrNOmnaay9tGnYmR0bFYLgt5y19qoVKtNj33umsti
oP/Ai+sAAMCcJBF9vdNvEwuLqaenHJedf3akaRb1ehqPPvls3JgkUSgU4pzTPxJrH30ybrzpG/Hs
T1+Jyy86J37rN34pLjj79CgWi60uPdcEHF1s1crlce0VF8U3b7t7yrGhkdG440cPxxevu3LGz/ed
O+5rOnojIuLz11w+qy2SAABgNva/BkdvmKPCYuvpKcflF54d9Xo9/vyrN8fDTz4blWo1Tv/wyfHE
My/E8y+9GpdecHb881+7IS48+/QoCTcOmrEvXeyQFcvik5c3n6YyOjo+q2kqQyOjcfe6xyJNpwYc
Z5/+4Tjh2KOkkQAALKhmizhGRPT390Ui3+ho7fr329vTEx+/+Nz4rV//5Tj7tA/Hg48/E1/6y7+N
p55/MS45/6zGWh3nnNG24Ua7ntfpGMHRxZYMDsS5Z5waq1Ysj11v75l0bGxiIu5/5MkYHh2b0c4n
37njvqhWa02Pfe4Tl81o72cAAJizZD9rcJii0gWSaNctTft6e+PKNedGmqWRZVn85Kcvx0XnnBH/
/NdviIvPPSPKbb1OYb4SjnY+kyyCVSuXxaeuvDj++jt3TLo/y7LYMzQcd619NL5w7RUHfJ7v3HFv
09EbSZLEF669QsABAMCCSmI/a3BYC67jJUl7b2na19sbV605L/p7e+O5F1+Jc884Nc4/87Q2Dzfy
N4LDFJUut2L5srj28ouaHhsdG4/b71l3wOcYGhmNux54LNImv1EuOOujcfQRq6NgJWAAABbY/kZw
JHm7UmNW8vC329/XF1ddcn78zj/5h7HmvDOjXG7vcCMiH+f1vVx1drnB/r4467RT4ojDVk05Nj5R
iXsefHzKfs3vlWVZfO+H98dEpfljPnfN5dPOhQQAgPk0XcDRb7H7jlcQYC2IvJ1XAQexcvnSuO7K
NVPub0xTGYk7739k2q/Nsiy+dfs9TYeDFQuF+IVPfXzaoYIAADBfkiRp+sFaf19v7j6FZvZydh2e
G3k7r+0/JoYFt2LZ0vjUFRfFX37jlinHxicm4rZ7HojPXXNZ068dGhmNO3/0SGRNEo41530sDl91
SBQKOesKAAByaXCgPy49/8xJ9y1bMhiJ96Mdz9/xwsjbeRVwEP19vXH6Rz4Yxx51eGzcsm3SsfGJ
StyzrjFN5f2JeJqmcdvd66adnvKFT14RvaanAACwSPr7euOur3950n1JRNsv5MjBS6IxiqfZB6/M
TZIkuRv9ZIoKERGxctmyuP6qS6bcn2VZ7N4zFHeve2zKsTTL4u/uuLfp8xULhfj8tVdEb0953msF
AIDp9PaUJ916vB/tGjkbbND28ng+BRxERMTyZUvi+qsvbXpsfGIibr3rgSn3j46Nxx33PdT0az5+
8bmxauVyq1UDAACLwtT4+ZXH8yngICIaSfeHTzo+PnTScVOOTVSqcef9j0zaTaVeT+P2e9ZNu8PK
F669InrL0nIAAGBxFHN4Qd7O8ng+BRy8a9mywbju4xdPuT/Lsti9d2/c99AT795XT+vxd3fc1/R5
yqVSXH/VJbnY1xkAAOgcebwob0d5PY8CDt61fMmS+MzVzXdLmahU49a7fz5NZXyiEnf+6OGmj736
0vNj1SErTE+BNpLE9PuYZ1kWtXp9cQsCAFgAeZxW0Y7yeh4FHLyrXC7FB44/Ok475QNTjlWrtbj/
kScjIqJer8faR56K4dGxps/zxeuujB4rVUNbKZdL0+5qVK3VYnikeT8DAORJsZC/nT/aTRJGcNAh
li0djE81maaSpmls2bYjXnz19ajV07hzbfPRG329PXHdlWuiVCoudKnALJTL5Rjo6216bGh4NF59
fdMiVwQA8yvLInbt3hNf+uo34vP/9H+Mw8++No4697r4Z//mj2LHrt1h99DuUSzm8+K8XeT5/Ak4
mGTp4GB87hOXNZ1eUqnWYu2jT0W9Xo9b717X9OuvveKiWLFsiekp0GZ6e8oxMNDf9Niut/fEk8/+
bJErAoD5k2URb729Jz796/8y/s0f3Ri337sutu98K7bu2BU3feu2+Ow/+R/irbf3hIyjOxQLLnMP
Rp7PX34rZ0GUSsU4/pgj46yPfmjKsWqtFvc+9ES8tOGN2Lhla9Ov/wfXXRkl01Og7SwZHIgjDj0k
eprsbrTpze3x7e/fG5ve3N6CygDg4FWr1fif/u2X44mfvBBj4xNRqzXWlsqyLCrVajz+zAvxO//b
n0WlUm1xpSyGJMnvFItWKxaSyPNn1QIOplg6OBDXXblmyv21Wj3ue+iJuOO+hyJNp+bfSwb647qP
r4lS0fQUaDeFJIlVK5fHMUetnnKsVqvFQz/+Sfzm7/1xPPLUc1Gt1iJN09i6fVd849a74ut/f2cL
KgaAmcmyLLbu2BVf/96dUa+nTR9Tr6fxrdvviW07dkVmrkpXKOV4mkUr5f28+aidKZYM9sfnrrk8
/vDGmyJNf/6PRJZlsX3X7vi/vvSXTb/uuivXxJLB5kPggdY76ojD4owPfzDWv755yrHRsbH4wY8e
jrWPPvXuGjppmkVvTzm++Omr4h9+/pOLXS4AzEg9TeOp51+KkWkWwN+nUq3GU8+/FEcdcZgP5LpA
kiRRLCRRb/LBLM01Rm/kO+AwgoMpisViHH3EYXHex06dcizLshgdG2/6dV/89FVR9I8FtK2TTzg2
Lr/wnKb/cGVZYxranqHh2LV7T+zavSd279kbI6NjUavVWlAtAMxctTqzqSdV/6Z1lVLR5e5sdML5
yv93wIJYMtAf1191yYwfv3zZkvjk5RfmekEa6HSDA/2x5twz4trLL2p1KQAwbwqFQpz6oZMO+LhS
sRhnffRD3q92kSSJKHfARftiKBcLuV57Yx9/2zQ10N8f1125Jgoz/AfgM1ddGgP9fQtcFXAwkiSJ
M0/9UPyLf3xDnNlkIWEAyKNCksQJxxwZ116x/wD/s9dcFkcdfljuh+AzO8ViEgULju5XoZDkemvY
9xJw0FSxWIhjjjgs1px7xowef8Nnrp5xGAK0TrlciqvWnB83/dn/Gr/1a78Yq1etbHVJAHDQ+vt6
48b/81/Hhz9wQtPjH/7ACfGnv/fb0dfbs7iF0RbKHXLxvlA66fwkmWWEmcbI6Fh85a/+Lv71H3xp
v49bvmxJbHn8+0ZwwEG6/9EnY+0jT8WeoeFJ9x+5+tD47Ccui5NPPHbeXqteT2N0fDy2bN0R6x5/
Jh596rl49sVXYsu2nbFj1+6o1epx5OpD48MfPCF+8dNXxT/9lc/N22sDwEKop2m8vP6N+F/+77+I
2+9ZF2mWxXkfOzWuWnNe/OoXro0PHH+MD+S6WD3NolprvstONyuXCh21pa6Ag2mlaRovvLwhzvrU
r767l/j7JUkSv3HDZ+I//fHvGfoFB6lSrUW1Wp2yfV2hUIjenvKCLOKbpmlUqrWoVKtRrdUiradR
f2f3pGKhEKVSMfp6e6O/r3feXxsA5luaprF3eDTGJyYiIqKnXI7ennL09/V5r0pUa6ldVd6jWEii
XOqs0M82sUyrUCjEEatXxeUXnB33PPh408ckSRK/9JlPdMSCNNBqPeVS9JQX99dyoVCIvt4eQ3YB
6AiFQiFWLFsSEUtaXQptqFwqRFZLIxVyRKEDw40Ia3BwAAN9ffG5ay6b9vhhq1bE5ReeZbEmAACg
7ZVLha6/dkmSzgw3IkxR4QCyLIvRsfHYvXeo6fFioRBHrj50kasCAACYmyyLqNTq0Y1XwkkS0VMq
duwIfAEHAAAAXaUbQ45ODzciTFEBAACgy/z8Yr+Dr/bfI0mSjg83IozgAAAAoEtl0dhdpZMXHt23
oGiHZxsRIeAAAACgy3XqFrKduBXs/gg4AAAA6Hr1NItqLW11GfOmXCpEsdAN4zZ+TsABAAAA0dhF
slrPcj1lpVBIolxMumZ9kfcScAAAAMB71OtZVOv5G81RLhaiWOy+YGMfAQcAAAC8T5ZF1Or5WJuj
WEiiVCx0/C4pByLgAAAAgGlkWRa1etaWQUcj2OjO6SjNCDgAAADgALIsop6mUa9n0cqL6CQiisUk
igUjNt5PwAEAAACzUE8bC5Eu5qiOYiGJQiHpup1RZkPAAQAAAHO0L+xIs8Z0lvmSJEkUkhBqzIKA
AwAAAOZBFhFZmkWWRaRZYypL44o7i2ZX3o0pJkkkSWPqSSF558+FJEQasyfgAAAAAHKv0OoCAAAA
AA6WgAMAAADIPQEHAAAAkHsCDgAAACD3BBwAAABA7gk4AAAAgNwTcAAAAAC5J+AAAAAAck/AAQAA
AOSegAMAAADIPQEHAAAAkHsCDgAAACD3BBwAAABA7gk4AAAAgNwTcAAAAAC5J+AAAAAAck/AAQAA
AOSegAMAAADIPQEHAAAAkHsCDgAAACD3BBwAAABA7gk4AAAAgNwTcAAAAAC5J+AAAAAAck/AAQAA
AOSegAMAAADIPQEHAAAAkHsCDgAAACD3BBwAAABA7gk4AAAAgNwTcAAAAAC5J+AAAAAAck/AAQAA
AOSegAMAAADIPQEHAAAAkHsCDgAAACD3BBwAAABA7gk4ow2/xQAAIABJREFUAAAAgNwTcAAAAAC5
J+AAAAAAck/AAQAAAOSegAMAAADIPQEHAAAAkHsCDgAAACD3BBwAAABA7gk4AAAAgNwTcAAAAAC5
J+AAAAAAck/AAQAAAOSegAMAAADIPQEHAAAAkHsCDgAAACD3BBwAAABA7gk4AAAAgNwTcAAAAAC5
J+AAAAAAcq/U6gJoPxNpJcbTSlTSakyk1aim1ahmtahm9ail9ahn9ahHGvUsjSzSyLKILLJFqS2J
JJIkIolCFJNCFKMQxaQYpUIxykkxykkpyoVy9BbK0VMoR1+hJ3oLPYtSG+TZeD1iYt8tjajWIypp
RC2LqKYR9SyinkakWUQa8U7fL44kIpKkkcgXkohiIaKYRJQLEaUkoqcQUS5G9BYieouNW19xkYqD
HNP30H30PZ0uybJssX5maTOj9fFJt7F0IsbqE4sWViyWJJLoL/ZGf6E3Bop9k27QbUZrESPv3EZr
EWPv3Dqr6xtvkvpLjdtAKWLwnduAWJ8upO9bXRksPn3f6spoFQFHl6hmtdhbG4mh2mgM10ZjuD4a
9SxtdVktVUwKsaQ4EEtKA7G0NBDLSoNRTvw2pHNU04i9lYi91YihasRwtfHJTDcrJhFLyhFLyxHL
yhHLehqfDEGn0PdT6Xs6nb6fSt93LwFHh0qzNN6uDcee6lDsqY3ESH2s1SXlwmCxP5aXBmN5eWms
KC2JQuI3IfmRZhG7KxF7JiLerjQ+teHABksRK3oilvdGrOxpDIuFvND3c6PvyTN9Pzf6vjsIODrI
eFqJ3dW979yGWl1OR1hZXhory8tiZXlZ9FnLgzY0Xo94a6Jx2z3R6mo6w8reiEPeuZnbSzvS9/NP
39Pu9P380/edScCRc+NpJXZV3o5d1T0xVBttdTkdbWlpIFaVl8eqnhXCDlpqvB6xczxi13hjOCoL
Z1k5YlVfxKF93vzQWvp+8eh72oW+Xzz6vnMIOHIozdLYUXk7dlR2x57acKvL6UrLS0visJ6VcVjP
CtNYWBRpFrF9PGLHWGM4KotvRU/EYf0Rq/sMa2Vx6PvW0/csNn3fevo+3wQcOTJUG4ltld2xo/JW
pP7a2kIhSeKwnkPi8J6VsbQ02Opy6EB7qxHbxiK2jzXe9NB6hSRidX/E4f2NT3xgvun79qPvWWj6
vv3o+3wScOTA9spbsW3irdhbG2l1KezHstJgHN57SKzuOaTVpdABto1FbB1rrIpO+1rWE3HEO29+
4GDp+3zQ98wnfZ8P+j4/BBxtqp6l8ebEztg6sTMmUpPu8qS3UI4jeg+NI3sPjaLpK8xCPYvYMhrx
5mjERL3V1TAbvcWIIwcijhpobE0HM6Xv80vfM1f6Pr/0ffsTcLSZWlaLLeM7Y8vEjqhnaavL4SAU
k0Ic1XtYHNV3aJSSUqvLoY1V04jNoxFbRuxbn3fFJOKowYijByLK8k32Q993Dn3PTOn7zqHv25eA
o03Us3psHt8Rmye2W1+jwxSSJI7uXR1H9x0WxcSyzPxcPYvYOBKxecR8205TSCKOHow4dtAnPEym
7zuXvmc6+r5z6fv2I+BoA5vGt8em8e1Rz4xR62TFpBjH9K2OY/pWt7oU2sDGkYhNwxE1v4E7WimJ
OGZJ440P6PvuoO95L33fHfR9+xBwtND2yluxcWxbjKdWFeomfYWeOLb/cIuRdqltYxFvDDf2tqd7
9BUjjlticbJupe+7k77vbvq+O+n71hNwtMBQbSReH9sae2rDrS6FFlpeWhLH9x9he9kusbca8fqQ
Pe273YqeiOOX2m6uW+h7IvR9t9H3ROj7VhJwLKI0S+P1sTdjy8TOVpdCGzmq99A4vv/IKNhxpSOl
WcRrQ41FxWCfowciTljamLtL59H3NKPvO5u+pxl9v/gEHItkZ+XteG1siy1faaq3UI4T+o+KQ3tW
tLoU5tGO8YgNQ7aAo7neYsSJSyMO62t1Jcwnfc/+6PvOpO/ZH32/uAQcC6yW1WLD6JbYXtnd6lLI
gdU9K+PEgaNsK5tz1TRi/VDE9rFWV0IerO6POGmpbebyTt8zG/q+M+h7ZkPfLw4BxwLaWXk7Noxt
iYpRG8xCT6EcJxrNkVs7xyNe3RtRSVtdCXnSU4j4wLKIQ326k0v6nrnQ9/mm75kLfb/wBBwLZP3o
5njTWhschCN7D42TBo5udRnMwqt7I7aYe8tBOGqg8caH/ND3HCx9nz/6noOl7xeOgGOeDdfH4tWR
TTFc91uPg7ekOBAfGDwmlhTtNdXOhqsRL+9t/BcO1pJyxMnLGv+lfel75pO+zwd9z3zS9wtDwDGP
tk28Fa+Mbmx1GXSgDw4cG4f3HtLqMmhi61jEy3taXQWd6OTlEUfINtuSvmeh6Pv2pe9ZKPp+fgk4
5smG0c22f2VBHdV7aJxoykpbWb/XdnAsrKMHIk4yhLWt6HsWmr5vP/qehabv54+A4yBVs1q8PPJG
7K4OtboUusDK8tI4efC4KNtlpaWqacSLeyJ2T7S6ErrByt6IU5Zbdb3V9D2LSd+3B33PYtL380PA
cRCGa6Px0sgbMZb6rcfi6S/0xocGj4slpYFWl9KVhqqNNztjtVZXQjfpLzXe9Cw1T7cl9D2toO9b
S9/TCvr+4Ak45mhXdU+8NPJ6pE4fLVBIkvjQ4PGxqry81aV0lV3jET/bE5Fqe1qgkER8eHnEKlvL
LSp9Tyvp+9bQ97SSvj84Ao452DqxK14d3dTqMiA+MHBMHNG7qtVldIWto42V06HVTl4WcYQBXItC
39Mu9P3i0fe0C30/NwKOWdo0vj1eH3uz1WXAu47vPzKO6Vvd6jI62saRiNcss0MbOWFpxLGDra6i
s+l72o2+X3j6nnaj72dPwDELb4xtjY3j21pdBkxxbN/hcVz/Ea0uoyO9NhyxcbjVVcBUxy6JOGFJ
q6voTPqedqXvF46+p13p+9kRcMzQa2NbYvP4jlaXAdM6uu+wOKH/qFaX0VE2DEVsGml1FTC9YwYj
Tlza6io6i76n3en7+afvaXf6fuYEHDOwYWxLbBFukANH9R0WJwo55sX6oYjN3uyQA0cPRpzkTc+8
0Pfkhb6fP/qevND3M2OX3QN4TbhBjmwZ3xGvjW1pdRm5t8GbHXJk80jjZ5aDo+/JE30/P/Q9eaLv
Z0bAsR9vjG01LYXc2Ty+I94Y29rqMnLrtWHDVMmfTSONn13mRt+TR/r+4Oh78kjfH5iAYxqbxrdb
UJTc2ji+LTaNb291GbmzccQCY+TXxuHGzzCzo+/JM30/N/qePNP3+yfgaGLrxC5bwZJ7r4+9GVsn
drW6jNzYOmprOPLvtaHGzzIzo+/pBPp+dvQ9nUDfT0/A8T67qnvi1dFNrS4D5sWro5tiV3VPq8to
e7vGI17e2+oqYH68vLfxM83+6Xs6ib6fGX1PJ9H3zQk43mO4Nhovjbze6jJgXr008noM10S80xmq
RvxMBkSH+dmexs82zel7OpG+3z99TyfS91MJON5RzWrx0sgbkdo1lw6TZlm8NPJGVLNaq0tpO9U0
4sU9Eam2p8OkWeNnu5q2upL2o+/pVPp+evqeTqXvpxJwvOPlkTdiLJ1odRmwIMbSiXh55I1Wl9F2
XtwTMSb3oUON1Ro/40ym7+lk+r45fU8n0/eTCTgiYsPo5thdtdoQnW13dSg2jG5udRltY/3eiN0y
TTrc7onGzzoN+p5uoO8n0/d0A33/c10fcGybeCu2TOxsdRmwKLZM7IxtE2+1uoyW2zoWsdmyJHSJ
zaONn/lup+/pJvq+Qd/TTfR9Q1cHHMP1sXhldGOry4BF9croxhiud+9vv+FqxMuG8dFlXt7T+Nnv
VvqebqTv9T3dp9v7PqLLA45XR2wHS3fq5p9928PRrbr5Z7+bv3e6Wzf/7Hfz90536/af/a4NONaP
bo7hujFrdKfh+mis78L1OF7dK9Wmew1XGz3QbfQ93UzfQ/fp1r7fpysDjp2Vt+NN627Q5d6c2Bk7
K2+3uoxFs3M8YotMky63ZbTRC91C34O+h27UbX3/Xl0XcNSyWmwY29LqMqAtbBjbErWs8/dNq6bd
nWTDe726t9ETnU7fw8/pe+g+3dL379d1AceG0S1RSY1Zg4iISlqNDaOdH/itH4qodOEveGimkjZ6
otPpe/g5fQ/dp1v6/v26KuDYWXk7tld2t7oMaCvbK7s7eqrKjvGI7d27aQw0tX2s0RudSt/DVPoe
uk+n930zXRNwpFkar5maAk29NrYl0qzzPvJIs4gNXZhcw0xsGGr0SKfR9zA9fQ/dp1P7fjpdE3C8
PvZmTJiaAk1NpNV4fezNVpcx714bipiot7oKaE8T9UaPdBp9D9PT99B9OrXvp9MVAcdQbSS22DUF
9mvLxM4Yqo20uox5s7casdkq6rBfm0cbvdIp9D0cmL6H7tNpfb8/XRFwvD62tdUlQC50Uq+83kVJ
NRyMTuqVTvpeYCF1Uq900vcCC6lbeqXjA47tlbdiT2241WVALuypDcf2ylutLuOgbRuLeLvS6iog
H96uNHom7/Q9zJy+h+7TKX1/IB0fcGwc29bqEiBXOqFn3pBpwqx0Qs90wvcAi6kTeqYTvgdYTN3Q
Mx0dcGwa3x7jqVgXZmM8rcSm8e2tLmPONo5EjFtoDGZlvN7onbzS9zB7+h66T977fiY6NuCoZ/Vc
X6RBK20a3x71LH/vGupZxKYuSKZhIWwabvRQ3uh7mDt9D90nr30/Ux0bcGwe35HLCzRoB/WsHpvH
d7S6jFnbOBJR6+Bf2LCQalk+P9XR9zB3+h66T177fqY6MuCoZbXYPGH0BhyMzRPbo5bVWl3GjFXT
iM0d/MsaFsPmkUYv5YW+h4On76H75K3vZ6MjA44t4zsjzcS6cDDSLIst4ztbXcaMbR6NSLU9HJQ0
a/RSXuh7OHj6HrpP3vp+Njou4KhnaWyZyN/QemhHWyZ2RD1r/3i3nkVs8WnOQcmyLNJ6/qf1pfV6
ZALug7JlJB9zc/U9zB99D90nL30/Wx0XcLw5sTMXF2SQB/UsjTcn2n8Ux5bRzvwFvVgqlUq8tmFD
PP/cczE2lt8N0sfGxuL5556L1zZsiErFDlpzVc8aPdXu9D3MH30P3ScvfT9bHRdwbM3BxRjkSR56
6s0O/OW8WGq1Wqx/5ZX4ixtvjH/3J38S69aujbd27Wp1WbP21q5dse7+++Pf/cmfxF/ceGOsf/XV
qNXys4ZMu8lDT+WhRsiTPPRUHmqEPOnEnir+/u///u+3uoj5sr3yVmyv7G51GdBR6lkafcWeGCz2
t7qUpraNRWzP76CDlkrTNLZs3hzfvvnmuPeuu2L37t3xk6efjizLYvXq1bFk6dJIkqTVZe5Xmqax
eePGuO2WW+KvbroptmzeHJveeCOSJIkTTjopF99DO6pnEX3FiCXlVlfSnL6H+afvofu0e9/PRUcF
HOtHN8dEWm11GdBxalk9Du89pNVlNPXqUMRE/peOaIm3d++OH9x+e3zr5pvfXbdifGwsXvzpT+PN
LVviiCOPjGXLl0epVGpxpc2Nj43Fiz/7Wdz0n/9z/PCOO2J4aOjdY6+8/HIsX748TjjxxOjvb89w
rt1Vs4gj2vTU6XtYGPoeuk879/1cdMwUlaHaSOytWXUIFsLe2kgMtWF/7a1G7LXUwpyMj43Fk088
Ed+++eZI08nrFo2Pj8eDDzwQf/qHfxiPPvRQVCYmWlTl9CYmJuKhdeviT//oj+LBBx6I8fHxScfr
9Xp8++ab48knnojxHK8r0kp7K40eazf6HhaOvofu0659P1cdE3BsMzUFFlQ79tg2161zUq/V4pWX
X45vfP3rsWfPnuaPqdfj9ddei7/967+O/5+98w6Po7za/j2zva96WfXeLcm9YWOK6QQwvSRAQvob
0iGExIQEkhA+CIEkpPCGJBA6gdiYYqpxlS3LVu+9rtpqe5v5/hDmDfbMaqWto31+1+W/5tHssex7
9pnznHOfubm5MEe4MHMmE55/9lkM9PXByzP9xWQy4YV//QtdnZ3wEj+OJRGNGovGmAiE5UQ0aiwa
YyIQlhPLSWPLIsHBsAyMrulIh0EgLGuMrmkwUTShiGFJL+5SYFkWRqMR77z1FtpaWnjXURSFhMRE
nLt9OxKTksIYoX8kJSfj/AsvREJiok+PjdbmZrzz5pswGo1kfOwSmLDPay1aILonEEIP0T2BEHtE
m+4DITobqxeJ0TULhmxcCZ/Asiw8Hg+cDgecTic8Hi+83vk/LMOApmmIRKL5P2IRRCIxRCIRJFIJ
ZDIZMSTkgWFZGF2zUePFMeFYPg/icGL/pDVlz65dPtepNRpsOftsfO6qq8IU2eK5/MorMTI0hDff
eANmsxng+R7Ys3s3iktLsfWcc6BUKsMcpbBh2HmtRUtvLtF96Dj13elyuUABoGgaEokkaj14CKGD
6J5AiD2iTfeBsCy+tYxRWDofjXi9XljMFrjd/E1WEokEKpUKYomw/mt4PR5YrTaYzWZYzBZMT01j
aHAQo8OjMM/NwWazw2azweVyQSaVQqVWQaVSQalWQa1WQ61WIyExAWmGdGg0mvnrahVkMlmk/2pR
hdE1EzUJDiM5zVk0Xq8Xvd3dePXFF336UshkMtSuXIlbbrstql9uxGIxbr7tNoyPj+PwgQNw8niF
OOx2vPrSS8jOyUFJWRlEIlGYIxU2Rnv0bHiI7oMLwzCwmM2wWq0wm82YNBphnJgAMP8ciI+Ph1an
g0QqhUKhgE6vh0qlinDU8zidTojFYqLnEEF0TyDEHtGk+0CI3p2rnzgYF0weS6TDEASTxkm8+/a7
GBsZ5V2TkpqCLedsRUZmRhgjWxosy8Jus2N2dhbjo2NobmxGQ30Derp6YJqdXfT9KIqCQqlATm4O
SspLUVFVgZzcHOj0Omi0WrKJAmDyWOBgXJDT0ojG4fACs8RsbNHMTE9j34cfor2tjXeNSCxGfmEh
br3jDuj0+jBGtzT0ej1u/eIXMTkxgfb2dl6vjfbWVuz78EOkpqUhITExzFEKm1nXvObkEX4EEt0H
D4ZhYLVYMDAwgPq6OrQ2N6OjvR0T4+NnrJVKpUhITER2bi7Wb9yIqupqxMXHQ6/Xg6Yj0+ns8Xhw
rK4OOp0OuXl5UCiVpPoyyBDdE5aCw+GAzWr91Lycpmno9HqyhxYI0aL7QBF8gmPKtfgX2Vjl+NF6
7PnPGxgZGuZdo9FqkGZIR1p6WtQ+jFiWhd1ux8T4BJpONOKj9z5EW2sbrJbApnywLAub1YaWpha0
NLXg9ZdfQ3pGOtZv2oC1G9bBkGGATq+DRLKMBkUvgSnXLAzy5IjGMOlYeA3hs7hcLrQ0N+ON11/n
XUNRFBISEnDZFVcgLz8/jNEFRn5hIS6/6io89eSTmJiY4PXaeOP111FRWYk169dDKo1skk5oTDqA
jAgf3BPdBwePx4OR4WF8/OGH+PfLL2NslP/QA5h/doyOjGB0ZARHDh5EckoKtmzbhvO2b0dOXl7Y
tcSyLNpbW/HH3/0OTqcTt91xB9Zu2ACdVgsqQgmX5QrRPcFfGIbBxMQEGhsa0Nba+mmVqEKhwPpN
m5BuMCApOTmqq0IJ80SD7gNFtHPnzp2RDiIQ+uwjcDHLaK5NiHC73Xjt5X+jtbnV5zQBl9OF1LRU
5OXnQhklZaj/jcvpwtjoGA7tP4hn//ZP7H5tN4aHhuF2Bf//AMMwMM2a0NLYjMP7D2FqcgpqtQoa
jQZSWey+HHnBIEWWENEYes2AM3r8TqMelmUxPDiIF/71L3T4qN6Qy+VYtXZt1LemcJGVnY2O9naM
DA/Dw/OMczgccHs8KCopgU6nIye+i4BhgdQI25cQ3QeO0+lEe2srnnn6abz8/POwmM2L+nmWZWGx
WNDa3IyG+noYMjKQkJgY1sT/2OgoHv3Nb9DV2Yk5kwnHjx6FSq1GSmoqqeQIMkT3BH/wer3o7urC
X598En9/6im0NDWho60NHW1taG5qwt633sLQ4CASk5KQkJgYtQeohHmiQfeBIugEh4Nxoc/u++SB
ME9fTx/efuNNn+0pn8KyKC4pRkpqSugD8xOWZWG1WHHieAOe+ds/8eqLr2JsdOzTErhQ43A40N3Z
hZPHT0AilSA5JQUKpSImN1Iuxo1kWTzEVGS+oBze+Q0PwX8cDgfqDh/GC88+y6sZmqaRlZ2N27/8
ZaQbDGGOMHDEYjESExPRdPIkTLOzvFUco6OjKCouRmZmJsQxXo21GJwMkKIAxBE6ICe6Dxy73Y5j
dXX4/WOPob6uLqB7sSwLk8mEwwcPIjExEekGA6Rh8Kwyz83hySeewNG6I3C55vsWXC4Xjh87BlAU
UlJToVGrI9Y6s9wguicsBMuy6O3uxk/vvhsnGxp41wwODGD/vn0oLStDenp6TO6fhUKkdR8MBJ3g
MLpmMOMmTz5/eP+d91B3uA42q23BtSaTCSXlZcjJy4mKLKvX68Wk0Yi9b+7FP//2D7Q2t4YtsXE6
FosFLU3NME4YkZOXC41GE5MPaYVIBo04MundCQcww+0lSeCAZVn09/bi+WeewdDgIO86rU6H8y+8
EBdcfHEYowsuySkpmJ6aQk93N5wO7rpmr9cLh8OB4tJSxMXHx6R+l4pCDGgilBMiug8Mp9OJY3V1
+N0jj6C/tzdo93U5nThaVweNRoPCoqKQVn45nU78+5VXsPv112GzfrYllWEYNDc2wuVyobS8PCor
UIUK0T3BF06nEw89+CBam5sXXOtyOtHS1ITzLrgAcrk8DNERlkokdR8MBJybAWbcc5EOQRA4HA40
nmzEzLR/02ZcThfamlthHJ8IcWQL4/V6MdA/gGeffgZP/+VvGBkaWdTPi0QiyORyqNQqaLVa6OP0
iIuPQ1x8HHR6HZQq5aI3ZDarDR+9/yF+/+gT6OvphdfrXdTPLwciqb1pstlZFDabDU2Njag/epR3
jfgTY9Err746jJGFhit27EB+QYFPXR+rq0NLUxPsPibJEM4kktojul86Xq8XXR0d+Ntf/oKRoSHe
dWKxGPq4OKQbDMjOyUFeQQHy8vNhyMjw2dLldDjwv3/+Mw4fPMhbORWMv8OxI0fw4rPPwjzH/f0j
EongdDojdgCyXCG6J/DBsiwG+vpw5OBBv39maHAQB/fvJzqNcoSuPWE1Wf8XDMuQ6g0/6WjrwNjI
KG9fOhfNjc0YGR5BmiFyZWRerxeD/QN45fmX8fYbb/kVP03TkMllUKnUUCjl0Ol0SElLhT5OD61W
C6VKBZFoPq/ndDoxNjKGwYFBTE4Y4XA4YLfbYbPaFkxauJwu1B89hsf/nwNf+/Y3kF+QH1MnwTNu
MxiWAU2FN0fKsOQ0ZzGc8t54f+9en5uJxKQkXHLZZYiLj44RwIEQFx+Piy+7DCPDw7zmiQzDYN8H
H6CisnLeTDWGtBsIM855DdJh/nUR3S8dlmUxMT6O3a+/jvbWVs41IpEI+rg45HwyJaWyuhrpBgN0
Oh28Hg/6+/ux/6OP8MauXRgfG4OHY9S83W7HHx9/HKUVFUhKSgr636Gvtxd/fPxxzMxwH9TQNI2S
0lLcfOutSEqOrAn2coPonsAHwzCoO3Jk0YnNusOHce727aSVLIqJlO6DhWATHLNkNKxfsCyLhmPH
MWmcXNTPDfT1Y6BvABVVFZArwj8QmWEYDPQP4KVnX8Det/YumNwQicVQq1VISk5CaXkZ1qxfg6KS
YsQnxC/4AGUYBnOmOfR296DxRCOOHDyMkaERmM1mny+FHrcHrc2t+Osf/oI7f/DtqPIsCQezHgvi
JdqwfuYMGRW3KOx2O9paW3n7YoH5EZD5hYU46+yzwxhZaNm8dSvee+cdTE9NfdqnfzrHjx1DT3c3
MjIzw+IdsFyYcQEJYf51Ed0vHZfTieamJry1Zw/ndbFYjJy8PFy5YwfOu+ACyE4rGxeJxcjLz0d2
Tg5WrVmDJ594Ai1NTXCc1gLGsizGRkfxr3/8Hd/41p2gg9jeOjU5iScefRTDQ0O838lp6em44+tf
R0ZmZkwdNoQLonsCFyzLYnyBKUxcjI+NhazaixA8IqH7YCHY1JmJVG/4hc1qRUtTC2ZnTZzXaZrm
3AwwDIPmpmaMjo6FOsQzYFkWE2PjeP3l1xZMbohEImi0GpSWleKGW27Ez371c9z5g29jw+aNSExK
9Cs7TNM09HF61Kyqxc233YKf/ep+XH/LDcjKyYZM7lvZLpcLTSca8Y+n/n5GT/ByJxIaNJHTnEUx
OjyMD997z2dFUmJSEs6/4IJlNTZVLpfjvAsuQEJiIu8al8uFA/v2YXx8PIyRCZ9IaJDofomwLMbH
xvDOnj1wcyT6xGIxikpK8J0f/ACXfO5zZyQ3/huRSISSsjL85P77sfGsszinpng8HuzZtRujS3jh
4cNmteLpv/4VTSdPws1ROQIAWq0WX/zKV1BSVia46U9CgeiewAWF+SToYiE6FQZC1qBwExye2HqZ
XConGxphHJ8Ay3HqIRaLkWZIh1qt5vzZ1uZWjAwNg2XCm2W1Wq14b+97eO+d93wmNyQSCTKzMnHt
jdfhJ7/4KXZcf3XAVRQURSE+IQFXXnsV7vrJ3diweSM0Wt9GojabDXWHjuC9d96LqZ7CSGhwlpzo
+I3H7cbAwAAa6ut510ikUuTm5WHjWWeFMbLwsGHTJuTm5fkcX3nk8GEMDQ7GpI/OUomEBonul4bL
7UZfby/qDh8+4xr1ycSRz99+Oyqqqvy6H0VRiIuPx9e/9S0UlZRwrnE4HNj12msBxX0Kt9uNN3fv
xrtvv31GxcgpZHI5rrr2Wqxeu5aYFoYQonsCFxRNz7d5LpLc/Nhq6xYqQtagIBMcbtYDq5eYwy0E
wzBoqD+OqckpzuuZ2Zm4YscVyC3I47w+PjqGnq4eWCzhawdyu904tP8Q3nnjbVjM/BUCMrkMFSsq
8cWvfQnX3nQdEhITghqHSCRCYXEhvvHtb+C6m673SpPjAAAgAElEQVRHQmKCz4fx9NQ0dv17F0b9
GcO7TLB67XCz/vu6BIqbAazh+zjBMzk5iRP19bynngAQHx+PLdu2LavqjVPIFQps2bYN8Qn8z4Y5
kwkN9fWYmZ4OY2TCxuqZ12K4ILpfOrOzs6g/epTzoEAqk6GkrAzrNmxY1D0pioJOr8fV113HOWWN
8Xpx+MCBgJOG8/uXejz91FO8exCxWIz1Gzfi0s99DlqdLqDPI/iG6J7ABUVRWL12LVQ8B6VcSCQS
bNy8mfhvCIBw6z6YCPJ/1xyp3vCLmekZdLZ38m4OKldUYs2GtUg3pPOecrY0zZuNhgOWZdHd2Y0P
9r6Pgf4B3nVyuRzrN27AV//nq1i/aUNIH5L6uDhcduXluO3LtyM+gd+AkWEYjA6P4PWXX4upKo5w
anFOwJnkcMOyLMbHx31OThGJREg3GLBh8+YwRhZeNm7ejHSDwee467pDhzA6MkL6gRdBOLVIdL90
zHNzaGtp4bym0+mwecuWJZ2iSiQSrFyzBimpqWdcY1kW/f39ME4ENoVtaHAQjz38MEyzs5zXKYpC
UXExvviVr/hsRSMED6J7wulQFIWk5GRcdMklPqslT0HTNFbU1KC6poYkOASCULUoyP9dZo8t0iEI
guPH6jE5YeTcuEskEpRXVSA5JRml5aVITOZ2PW9rbsPQIL+xVzCx2Ww4cvAw6uuO8a6RyWRYv2kD
brr1JuQXFoQ8JgBQqpTYtGUzbrn9C9BoNbzrrFYr6uuOwThhDEtc0UA4tTjHX4hAOA2H3Y6+7m70
9fXxrtHp9Vi7fj202vAaxYYTrU6HtevXQ6fX867p7upCb08PHGRkrN+EU4tE90vHYbdjZHiY85pK
rUZ5ZeWS7y2VSrFq7VrOayzDoKuzc8n3Ns3O4rcPP+zTVDQ1LQ1fv/NOpBsMpNQ9TBDdE7gQiUS4
9UtfwoqaGp/VoDK5HAWFhfjBPfcsybeDEBmEqkVBJjgsJMGxIF6vFyeONWB6irv0Oq8gD+np85Ub
ZRVlSE7hHqs2NzeHro7OkJdwMwyDE/UNOPjxATid3K42IpEI1StrsOP6q5Gbz91WEypUahU2bdmE
q67dwZulZlkW09PT+ODd98MaWyQJpxbNAn3IRgKj0YiG48cBnqqEU14za9evD3Nk4WfNunWIj4/n
fQliWRYn6usxaYydxGSghFOLRPdLg2VZOBwOzHJUQNA0DbVazVmB4S8imkZ2djbvZw8NDi7pvk6H
A0//9a84efw4rweXWq3GV77xDRSVlBCzwjBCdE/gQ63R4Ke/+AXWrl+PhMREKBQKSKVSyOVyaDQa
JCQkYNu55+Khxx5DaloaSUoKCKFqUZDfDBYvSXAsxMjwCHp7+2DnOZWsrK5C0idJjZy8XBgyDGht
auEcqdjS2IzhTRtCWgY6PTWNukN16GznPvWhKAoZWZnYdt42lJRxm5uFGn2cHlvO2YqTx0+g/ii3
caPFbMHRw0ex47qrfZbFLxfCqUWLQB+y4YZlWRgnJtDc2Mi7RiKRICMzE3kF4amCiiT5hYXIyMrC
QH8/78jYpsZGGI1GZGRlkY2XH4RTi0T3S8Pr9fJWJYlEImg0/NWI/kDRNNQ+7uHLQ4sPj8eD9999
F2/85z+8Bx1SqRQ7rrsOq9euhYyMdw4rRPcEX+h0Ovz8179GS1MT3nnrLczOzEClUiGvoADFJSUo
r6wk368CRKhaFFyCw+Z1wMvGjsfBUqk/cgxTxknOazKZDOWV5Z96StA0jZKyUjTUN2Bk6Mxy1s72
Tgz2D6CsIjQj2FiWxYnjJ1Bfd4y3D16lVmHz1s046+zITntITUvF5Ts+h5bmFjjsZ7q6ezweGCeM
GBsdgyHDEIEIw4uXZWDzOqAUhda93uYBvMQiwS8cdjsGBwYw5mNUY1x8PNasWxcTmw2KorBm7Vq0
NjdjfIx77PXoyAgG+vtRWlYGhVIZ5giFh5ed16QyxDsIovsA8aFvJlDPGZb1aSS62GcLy7JobmzE
Hx57jPdgRiQSYf3Gjbhixw6fyRVCaCC6JywERVEor6wMqP2NEF2ES/fBRnAtKjYv96gwwv/hcXvQ
cLwBM9MznNcLS4qQkprymQqDsopS3jYVp9OJjrYOGMcDMw3jwzQ7i9bmFgwNDnFen39glmPjWRsh
jfCJjVQqRV5BPtasW8O7xm6zobW5NYxRRZZwaJK4qfuP0WhE44kTvNcpikJcXByqa2rCGFVkWVFb
C31cnM+XrqaTJzE5yZ0UJpxJODRJdL90xGIxlEol5/95j8cD89xcQJNOmE9aMjmhqEVPNRkfG8ND
Dz4Ik8nEedBBURQKiorwlW9+E/q4uKWETAgCRPcEQuwhRE2SBMcypLOjEyNDw7zjIStXVCIx6bOm
otm5OTBkpPMaBLU2tWCYo7ojGLS1tKH5ZDPvdZ1ej+raGhSVFIfk8xdLQmICtmzbytuC4nQ6MdDX
H96gIghJcEQXszMz6PZh8CeRSpGekYGMrKwwRhVZMrOyYMjIgMSHAVp3ZydmZ7iTwoQzIS860Y9U
KuVMNLAsC7PZjIH+pX9PeTwe3gktFOZNQP3FarHg4V/+EsODg7ymogmJibjz+98n/fsRhuieQIg9
hKhJkuBYhhw/Ws9rLiqXy1FaXoa4+M+egNA0jbKKct4qjt6eXgz0D/L2sC8Vp9OJtpY2dHd2cV6n
KAoVVRVYu3FdUD83EGQyGbJysmDIzOC87nF7eNuDliPh0KRNgA/XSMAwDKanptDf38e7RqfToXLF
ivAFFSVUrlgBnY9T5b6+PkxNTsbUmOdACIcmie4DQ6lSISc3l/Oa1WxGQ339ksYjsywL89wcb6WY
SCxGQWGhX/dyu1z4+1NPof7oUd6KEoVCga9/61soKCyMCW+raIbonkCIPYSoScElOOwMt/EUYR6H
3Y6TDScxO8M9O76kfL4VhWv+dGlFGVJSUzh/jmEYtDa1YGRoJKjxjgyNYKBvwOfGJr8wH1nZ0XXa
rNZoUF5ZDmA+CSMSiSCRSCCXyyGRSmCzxc7IyXBo0i7Ah2skmDOZ0NfbC6+Hv/Rcq9WirLw8jFFF
B2Xl5T5H4no9HvT39WHOZApjVMIlHJokug8MrVaLUh6tz87OYu9bby3JDNRht+PN3bth4pjQQlEU
0tLSkJaevuB9vF4v9n34IV558UXeilOJRIJrbrgB6zduJKaiUQDRPYEQewhRk8JLcHhJgsMXTSeb
MDE+wXkKSVHUJ+0p3NNQsrKzkJ5h4N1EtLa0YnhwaEknPnyMjYxiZJg/aZKdm43i0pKoK0lVKBTI
zcuFTqdDUnISistKcNbZZ+Gq63bgS1+7A1ffcE2kQwwb4dCkEB+ukcA0O4u+3l7e69QnvfH5MTA9
5XTyCwqg1el8Pkv6enpgIgkOvyAvOtGPTq9HdU0Npzm41+vFQH8/XnnxRd5xrFx4vV709/Xh+Wee
4bwuEolw4SWXLHgflmXR0d6ORx56iHdiCk3TWLdxI3Zcdx2UKpXfMRJCB9E9gRB7CFGTgvJEdTIu
sCDWynywLIv6o/WY4TH+UigUKCkrhT5Oz3n9VDvIifoGDPQPnHF9dHgE/X39qFlVC6Uq8EkDLMti
dHQUYyPc0x4oikJWTjaKSooC/qxgo1KrsP3iC7D57LOQkJgQ02WzLFg4GRdkNL+/QSA4vCCq9xOL
xYLREf6EoVKpRFZ2dsTNeiOBVCZDVnY22tvaYLNaOdeMjo7CarGEOTJhwmJem/IQPfqI7gNHLBYj
IzMT1bW1OHrkyBnXTbOz2PXaaygsKsKadesglkh83o/xejE6MoJHHnoIVh4NqdRqXHTppQvGNj09
jV/s3MlbMUVRFHJyc/HNb3/bZ+UVIbwQ3RMIsUeodR8KBFXB4WCC6/+w3LBYLGhtaoF5jrvktKyy
DEnJST5PMEvLS5GSljrvEsZBc2MTBgcGgxEuLBYLxkbHYOYpkVWqlDBkGM7wC4kGaJqGWqNGckpy
TCc3ThFKbTqXbvQfc8xrin88rEqtRl4MVm+cIq+gAGq1mvf62OgoLCTB4Teh1CbRfXBITk3FRZde
ymsgPjE+jkceeggff/QRbDbbfDXHaVWaXq8XdpsNXV1deOC++9DazG0KLpZIcN727dDpuQ9RTuF0
OvHrX/wCQwMDvBWh+rg4fP+ee5CUnBx1FZyxDtE9gRB7CE2bgqrgcDHcPZqEeeqPHMPU5BTviLXK
6iokJiX4vIchMwMZmRlobDgJh+NM88iWphYMDgygqKQo4E2HcdyIiTH+0bOpaanIzMoM6DMI4SGU
2hTaQzVSeL1ezJlMvBVcwHwVV7rBEMaooot0gwEKhYL3+vTUFEyzs/B6PBBxlPUTPgt50Yl+5HI5
KlaswDnnn4+33njjjPZVlmUxPjaGB+67DzUrV+KCiy9GVXU15HI5QFFwu1zo7urCR++/jzd374bd
zu0vRVEUEhMTccvtt/uMx+vx4J9/+xuOHDzIa+grlUpx5/e+h6LiYnKAEIUQ3RMIsYfQtCmoHZyT
JDh4mW9POYaZae4xhyqVCsUlJX7Npi+vqsDxY/Xo6+k749qcaQ49XT2oXTWD+IT4gGKeM5l8Gvol
p6TAkMU9qYQQXYRSm04y1MIvrBYLJsbHfa5RKBR+mf8tV9LS0yH3keAA5k+0rTYbKYv3g1Bqk+g+
eCQnJ+OKHTvQ0tSEgf5+zkMQh8OBg/v34+D+/ZBKpUhOSYFMJsPI8DBvUuO/UalU+PI3vgG9j+oN
hmFw6OBBPPP007zG4iKRCNfeeCPWb9wIyQItM4TIQHRPIMQeQtOmoFpU3CTBwYtxwojuzm7YbDbO
6xUrKpGYnOhX1UVpeSlSU1N5r7c2t2JocGjJsZ5ibm4OJtMc73V9nB6JidyGqIToIpTadAssaxwp
nE7nghNA5AoFUtPSwhRR9JGamuqzggOYfy7xmR4SPksotUl0HzxomkZ+YSG+8e1vIz4hYcF9gMvl
wtDgILq7uvxKbihVKuy47jqcc955Ptf19fbiwfvu4zU1pSgK6zduxA0337xgIpIQOYjuCYTYQ2ja
FFaCgxWgjWuYqDt0BNNT3KXp8+0plUhI9N2ecorUtFRkZGdCoeTeYLS3tGGwf4C3vNRf5kxzPg3G
1Bo1tDpyiioEQqlNl8CyxpHC6XRibo4/YSgWi6HRaHh78WMBqUwGtUbDOVXiFOa5ObhIgsMvQqlN
ovvgIpFIULNyJe66916kpadzjopfLBRFQa1W47obb8StX/qSz7Vzc3P4yV138XpuAUBWTg6+88Mf
kokpUQ7RPYEQewhNmwJLcAgsfRQmWIb1meDQaDQoKi5aVMl1RVUFbym70+lEZ3snxsd8l8MvxOys
CaZZ7gSHQqmARqMh5mICIZTa9BBLdb9wuVw+ExwSicSvFrXljk6n81n6Tio4/CeU2iS6Dz5SqRSr
1qzBfQ88gMoVKyAWi5f8HSsSiZCUnIwf/PjH+MIXv+jzPh6PB7+8/34M+jAV1Wq1+PHOnX5VmBAi
C9E9gRB7CE2bgvLg8DAkwcFFT3c3RoZH4XZztwlU1axAQtLiWj1KykqRmpaKnq5uzuutza0YGhhC
WvrSyt1dLhccdjtvH65arYZGq1nSvQnhJ5TadAssaxwpXE4nLD5ORyVS6YLTDWIBnV4PiVTKW3pP
Kjj8J5TaJLoPDSKRCMWlpfjZgw/i5RdewJ5duzA7MwOv17tgVSZFUaBpGhKpFBVVVbjzu99FVk6O
z5/xer341z//iY8//JA/JrEY3//Rj5BfWBiUyhJCaCG6FwZejyfmR+5SADEMDxJC06ag/tW9pIKD
k6NHjmF2httclKIoVNVU+d2ecoqk5CRkZWfhRH0D57z73p4eDA4MoHpl9ZKMwDxuD28fLjBfSk56
cIVDKLXpjfVvaD/xer1wufjH9UrEYp8jUmMFtUYDiY8Nj8vlgjfA9rtYIZTaJLoPLXHx8bj9y1/G
NTfcgH0ffIC39+xBS1MTGIaZfyli2U+rLSiKAi0SQafTobq2Flu3bcOmLVsWrLRgGAb1R4/iL3/8
I+8amqZx/Y03Yv2mTT5bxwjRA9F99GMxm/H6v/8NW4yPPVep1bj0c5+DWkMOTANFaNoU1LeJF2TT
eToejwfHj9ZjdmaW87o+To/8woIlvdiUV1XgWN1RdLZ3nnHN6/GiraUNK1evQnZu9qLv7fa44eGp
OAHm/QIkEkH994xpQqlNL5G9XzAM41NTtEgEqUwWxoiiE6lEAtrH6EmPxxOwv1CsEEptEt2HHoqi
oNVqcfFll+GiSy+FzWrF2NgYxkdHYZyYgMlkml+j06G8shJ5+fl+V1iwLIux0VHsvOcesDx6oigK
K1evxi233RbT3kBCg+g++rFYLHjpuecwaTRGOpSIkpScjLPPPZckOIKA0LQpqDdILyuw324YaG5s
xsTYOG+rx4ra6kVXb5yitKIUqelpnAkOAGhracPgwOCSEhwetwduN38Fx3yCg4yIEwqh1CYjsKxx
pGAYxmdVFE3TRFOYb9VZyC+A4XmeEj5LKLVJdB9eKIqCSq1GfkEB8gsKAr6f1WrFvT/8Icw+fIEM
mZm4Z+dOyOTygD+PED6I7gmE2ENo2hRUsyNLKjjO4OjhOszwVG8AwIqaFUhIWFqCIy4uDrl5ubzG
hMODQ+jv7fNrjNzpeNxueDwLVXCQlzGhEEptEtX7B8MwcPtIcFAURTSFebNVX6fQHrebVHD4SSh/
S+RfQLi43W489MAD6Ozo4F0jVyjwswceQFx8PDEVFRhE9wRC7CE0bQorwSGw7FGosdlsaGw4yXtC
kpCYgJy8XChVyiV/Rml5KdLSU3mvt7W0YrB/YNH3ZeH735NlWTBCSxfGMKHUJtG9n7Dsgr8svgkG
scRCvwPyO/IfonvC6Xg9Hrz60kt4f+9e3jUUReGuH/8Yefn5JLkhQIjuCYTYQ2jaFFaCI+b9gD9L
w7HjmJ6a5t2Q16yqXXJ7yilKy+fbVPhoa2nDYP/gou8rkfiu0PB6fZuQEqKLUGqTqN4/aJEIYh+a
WsijI1ZYyGNjoQoPwv8RSm0S3QsPhmFw8sQJ/P63v/W57rqbbsKWs8/26YVDiF6I7gmE2ENo2iS7
OAFTd6iO11wUAGpX1SIxcXHjYU9Ho9UivyAf+rg4zuvTU9Po7ur2GQcXYrHEp2O6x+MlCQ4CYRHQ
NO1zOgjLsryjpGMJj8fjs0pDvIAJKYFAOBOWZTExPo6dP/qRzwTiytWrcfuXv0xGNxIIBAIhZAjq
G4YCRao4PsE0O4v21nbOEa4AkG5IR0ZWJmTywKcmlJSXIs2QxjuKtr21HYP9A9DH6f2+p1gs9png
8Ho85LRZQFAIXZkxBeFljiMBTdO+KzgWGCMbKyzksSGRSCAiFRx+EcrmAqJ7YWG1WrHzRz/CDM8+
AQCSU1Kw8xe/WNTEFJZl0dvTg5PHj6O/rw+jo6OQyWRITklBckoKUtPSUFFZCZ1eTyqvwgTRPYEQ
ewitmVBYCQ5KeD1AoeLwgcO8CQdgfnpKfEJ8UD6rpLQEaelpaG1q4bze0dqOgf4BVKyo9LufViwR
Q+xjDKzT5YLD4VhSvITwE8o2aqJ7/xCJRD5fHNweD8xmcxgjik7MZrPP6jDSouI/RPcEAHA6nfjD
Y4+htYV7jwAAMpkMDzz0EK9p+ekc3L8f7+/di6OHD2N2dhYMw5xReXVqvyGTybDxrLNw7Y03Ir+g
wOfhCSFwiO6jn/j4eNz3wAMxf6ghlUoRv8RBC4TPIjS7JEF9C1CgAZDxfQBw6MAhzEzzJziqV9Ys
eXrK6ajUKhQUFuBEfQOmJqfOuG6z2dDV0YWJ8QmkpKb4dU+pVAqZTAaKojjLxa0WC8xz5GVMKFAh
7HajITz35kgglUqhVqt5r7tdLsyZTGGMKDqZM5l8tuqoNRpIZYFXvsUCoUwDEd0LA7fbjTd37cLu
11/32fp1909/ioKiogUPQQYHBvDHxx/HkUOH4Ha5fFZbnfo8u92Od995B/s++AAXXnIJbvrCF5CU
nEwMTEME0X30I5XJUFFVFekwogLyHAgOQjv2EVSCQ0TR8LIkwTHQP4DB/kHezGxWdhYyMgyQyvwv
A12IkrL5Kg6uBAcAtLe2YaBvwO8EB0VR0Gg1UGvUnIkMq8UKk8kEhmHIaaoAEFEhTHCQmlW/kMpk
Pk9H3W43TCTBgbm5Obh9nGrpdDrISILDL+gQ7huJ7qMfr9eLlqYm/O7RR3kTERRF4dobbsDWbdt8
fpezLIu//+//4oVnn4XVYln0qGaWYeB0OvH6q6+iqbERd37veyirqCDVHCGA6F4YkBd7QjAJpe5D
gaCe/CLB5Y9CQ92hIzDN8pt6pqSlYnR0FK4gelg4HE6fp5o9XT3o7+tDzaoavzcUWq0WWp2Wt1LD
arHCPGeGTu9fSSshcoRSmyJypOMXsgUSHB6PBxazGU6nM2Zf4L1eL+ZMJp8tKlqtNmZ/P4tFFMKv
ZKL76OaUqejPf/pTuJxOzjUURWHl6tX40te+5jO54XA48MB99+Hgxx/DyXMvf2EYBt2dnfjJ3Xfj
29//PtZt2ACZXB7QPQmfheieQIg9Qqn7UCCsBAdFnO0ZhsGRg0d8Ti05duQoGo4dD2r2lgULr4e/
esbtdqOzvRMjQ8PIysn2655anRZarQ7DGOa8PjM9A+PEBElwCIBQalMksKxxpJDJ5Qv2t9vtdoyO
jCAnNzdMUUUX42NjsNtsPkvptTodaVHxk1Bqk+g+ujGbzfjl/fdjYnyc8zpFUUhNS8NP7r/f50h4
lmXxwH33Yf++fT4rqxYDy7KYmZ7Grx94AD+45575JAfRdNAguicQYg+haVNQCQ4xLYp5C462ljZM
jI/D6+X/RTAMs+jyzmDQ/onZqL8JDo1WC51Oy3vdODGBkeERFBQVBitEQogQ06FLcEgEljWOFCqV
CikpvlvEHHY7xkZHYzbBMTY6uqB5cXJKClQqVZgiEjah1CbRffRit9nwv3/+M04cP86bLFQolbjv
wQeh0/uervbM00/j4P79CyY31Go1iktLkZ2TA6fTicGBAXS0t8Nht3OuZ1kW5rk5PP7II9Dr9aio
qoKIjH8OCkT3BELsITRtCirBISEVHJ+0p0RnH/3w4BD6evqwas0qyBWKBdfHJ8QjPpHfCNU4bsTI
0EgwQySEiFBqUyywrHGkEIlE0Gi10MfF8U5YstvtGBnmrpiKBcZGR2HneSECgLj4eGh1OvIi5Ceh
1CbRfXTicrnw0Qcf4LWXX+Y9SBGLxfj+3XejqLjYZyXpQH8/nnvmGTh9JB3z8vNx3U03Ye369VAo
lZ+2urAMA7PZjDf+8x+89PzzvM+8ifFxPPWnP+E7P/whsnNy/P+LEnghuicQYg+haVNQ+RgJJah8
TNBxOp1oONYQtdNFGIZBR1sHBgcG/VqfmJSIdEM672hLs9mM0ZERWCyWYIYZNBwOB/r7+jFnmvNZ
8h4LhFKbUkE9pSKLWq1GWno673Wr1Yr+vr7wBRRl9PX0wGq18l5PS0/3OYmG8FlCqU2i++jD6/Gg
taUFjz38MK+PjUgkwpVXX40tC5iKAsBfn3wSVh/f7+du346HfvtbnLt9O+Li4iCXyyGVSuensMnl
SEhMxPU334z7f/lLFBYVcSYmWZbFyYYG7P/oIzJFKkgQ3RMIsYfQtCmojIGE5u/jjAVOHj+BycnJ
iLSf+Et7axv6evtQWFy04FqappGanobUtFQM9A+ccZ1lWfT3DaCzvRM1K2tCEe6S8bg9OFHfgJ/f
ez9omoZUJkNCYjwSEhORlJyE4tJiXHjpRZEOM2yEUpsScpjuN6cSHK3NzZzX7TYbBvr64Ha7ffbF
L0cYhkF3d7fPF6q09HSoSILDb0KpTaL76IJlWYyNjeFXP/85zGbuQxaaprGipgZf/OpXFzQbHx4a
wuEDB3jbbbeddx6+ceediIuP560CoSgKEokElVVVuP9Xv8KDP/sZmhsbz0i+eL1e7Nm9G6vXrl3Q
p4iwMET3BELsITRtCiofI4vxBMeRg0cwF6XtKaeYmpxCb3ev32006YY0pGcYeK/39fSitbk1WOEF
DYvFgpbGZthsNlgsFkxPT6O7sxt1h47g/b3vofFEY6RDDCuh1KZMUE+pyKLV6336azAMA/PcHIYG
/auyWk4M9PfDNDPjM0Gck5sLHXkB8ptQapPoProwzc7i0YcewvDQEOd1iqKQbjDgRz/9KeR+TC15
/dVX4eTx3SgoLMRXv/lNn8mN/4YWiZCWno47v/c9pBu49xOD/f3o6uz02aJG8A+iewIh9hCaNgVV
wSGN4QSHadaE5sYm3vJqmVyGjIwMv7wvAsVms2FibJwzFpZl0dnWgYH+AVTqKxe8lyEzA1nZmTi0
/yDndYvZgp6uboyNjiE1LTXg2IOFxWxBa8t/JV5YFswnbSo0TUdVrOEglNqUCSxrHEl0Oh1y8vIg
Eovh5Skhn5ubQ2tzM3Lz8sIcXWRpaWrC3Nwc73WJVIrcvDxywrsIQqlNovvowWq14rl//hPH6urA
8iQI1Wo17rnvPiQlJy94P6/Hg/feeQcMT/XGFVdf7Xdy4xQURSE3Px+r1q7F1NTUGZVaDMPgZEMD
alauhCIM+6TlDNE9gRB7CE2bgkpwyGlur4ZY4FjdMcxMz/J6Paxasxo333YL0gxpCLUPzOysCX/5
/Z/x0fsfcl7vaOtAX08vKqoqFtygqFQq5BcWID3DgJGhM80PWZZF88kmHDlwGJdddXlQ4g8Ur9eL
ifFxNJ/kbgOQyWTIyskKc1SRJZTaFNpDNZLQNI34hARkZ2ejp7ubc43JZELjyZO46NJLwxxdZGk8
cQImHz34OTk5iE9IWNA3gPB/kBed5Y/T6cTBjz/Gyy+8wOu7IZPJ8PU770RJaalfSYn+/n7MTE9z
7me0Oh3Wb9y4pBY6mqax5eyzcWj/fs5WtHAn7+0AACAASURBVM6Ojqj19BISRPcEQuwhNG0KKsEh
o6WgQIFF7Bk6Htp/0KdBVu3qWqQb0qFSh368oVKlQm5+Lo4fq+c0PLVarejp6oZxwojkFN+nORRF
obC4EMUlxZwJDgCYNE6i/ugxrKitRnaufyNoQ8ns9AwOfnyQd9ykQqlESVlpmKOKHBQoyEKY4JCL
AAqIQdUvjTi9HvmFhbwJDofdjv6eHkxPTyM+Pj7M0UWGmelp9Pf28o6UBID8wkLoFxhpSfg/KMxr
M1QQ3Ucej8eD9tZWPP7oo3A6nZxrJFIpLrvySpy7fbvf04d6urp4W8Uqq6qgUCoXVb3x35SVl0Mf
F4fR0dEzqk0G+vpg82EyTFgYonsCIfYIte5DgeCOqhQiWaRDCDujwyPo7e7h3WDEJ8SjoKgQSpUy
LPFQFIWikiLeXleWZdHZ3omBvn6/7peRlYmi0iLeslGGYdB4ohH7933Ma0gWLliWxcSEER9/uI/z
ukQqgSHDsGBiZzkRDk0qBJWKjSzxCQkoKSvjvc6yLGZmZnDy+PEwRhVZTjQ0YGZmxue0o4rKSiQk
JYUxKmETDk0S3UcOlmUxNjqKR379a8xMT3OuEYlEWFFdjdu+9CXeaWhcTIyP877AZufmBjSmWSaX
IyEhARIOk1On0wmn0xnVRu3RDtE9gRB7CFGTwktw0LGX4Kg7XAfTjIl3c76ithoJCYvrVw2U4tIS
ZGTym4P2dPWgr7ePt8f2vxGJRCgtL0NpBf9LmWnWhI8/+BiHDxxaUrzBwjhhxJu79mDSOMl5XaVU
obyqPKbK3MOhSSE+XCOFUqVCTm4uEhITedfMzMyg7siRMEYVWeoOH8bMzAzv9XSDAZnZ2X6ZIxLm
IS86y5vZmRn84bHH0NvTw7n3oGga6QYDvv+jHy168pDFYgF49jN6vT7gvYxao+EdGetwOEiCIwCI
7gk+YVn0dHXh3y+9hEd/8xvce9ddeOC++3D44EGiOwEjRE0KLmSlSI4pd3RPEgkmLMvi0P5DPs3x
Vq9djbgwl5rr4/TIzc+DPu4YZmdmz7judDrR1dGF4eERZGZlLni/4tJirFm/Bp1tHZwj6FiWRXdn
F957+z1k5+TA4CO5EiocdgdOHj+BvW+9w/ug1ug0WLdxfZgjiyxKUehfCpViYCrkn7I8oCgKiUlJ
KCsvx74PuX1y7DYbujo6MD42hpTU5W2IOzE+jq6ODthtNt41FVVVSExKCmuSWOgow7B7ILqPDBaz
Ga+8+CIOHTjA+12n0+nwvbvvRmpa2qLv78tfg8/nYzG43W7eAyGxWEx0HgBE9wQ+nA4nnv7rX7Dr
9dfhdrvh8XjAeL2gKAoHPv4YGZmZuOvee5Gdk0M0KDDCoftgI7hj5nC8TEUTXR1dGB0egdvt5rye
mpaK7NxsyOThrWz5tE3Fx4jXzvYO9Pf0+XU/qVSKVWtXY+XaVbxrPB4PDh84hJeeexHGCeNiQw4I
j8eDluYW/ON//wGHndt7Q6lUoqp6BbKyY8tgNByaVAnw4RpJEhITUVFVxXudZVlMTU6i7vDhMEYV
GY4cOoSpyUneFx6KorCipgaJpD1lUYRDk0T34cfpdOLIoUN48bnnePcdSpUKd3zta6hcsWJJLyq+
qjSmp6YCPuk1zc5yJkpomoZcLg+oBSbWIboncGE2m3HXd7+Dl194AbMzM7BaLHA6HHC73XC5XJgz
mdDe2oof//CHGBsd9dkuSog+hKhJkuCIcuoOHfHp/L+itnrR49SCRXFpCbKyMnk/e2hgCH29fbze
IaeTlZ2FNevW+ByxarPZ8O7be/HM3/6J8bHxJcW9WDweD5obm/GH3z7Ba4QKAHHxcTjvwvNjbvNE
EhzRh0ajQUFRkc82lenpaez74APel5jlgNvtxr4PPsA0j4cAAOTk5iInN5e0pywS8qKz/DhlKvqH
3/2O14xTJpPhoksuwXnbt0PM4XPhD9m5ubz7htaWFt4R1/4wMT6O6akpzgRHYlIS0XmAEN0TTsfr
9eIvf/gDThw/DrsPI2+v14uhgQH86uc/D0qlFiF8CFGTgkxwiCjBhb0kPB4P6g7XwWLmH2u2cvXK
iDn/q9Qq5ObnIT6Buz3G4/Ggs70Tg/0Dft1PJBJh3cb1OPvcbT4Ny6wWK959ey/+9PiTaG9pW1Ls
/uJyuXD8aD3++Njv0d/bz3uypNaosW7jepSUlYQ0nmhDRNFha1ERkYpGv6EoCqlpaahduZJ3jcft
xuDAwLKu4qg7dAiDAwPw+Eji1K5ejeSUFFIyuwhEVPhK1YnuwwPLshgdHsbjjzyCiXHuwwOxRILq
2lp84YtfhCyAREFhURHvQUBXRwcmJiaWXMXRUF/P29JryMzkNTMnLAzRPeF0WJbFxPg43nrjDb+S
FgzD4GRDA+qPHiWeHAIhXLoPNoLMFKhF4ZkWEmmaTjbBOGHknRySmZWJzOwsSGWhG9HpC4qiUFhS
BENGBu+azvYO9PnZpgIAWp0W284/BxvO2uhznc1qw8GPD+DxR36HvW++A5fT5fdn+Muk0Yhnn34G
Dz/4G3R3dvP+O9AiEbJysrHj+qt99hYvR8KpRXVs/WoDJik5GSvXrPH54j45OYn39+5dluWiDMPg
3XfewaSRv51NJpOhprbWZ6UL4UzCqUWi+/AwNTWFv/7pT+js6OB8HtA0jYzMTHzre9+DVqcL6LPU
Gg3Kq6o4zbidTidefekl3jHsvnA4HHh7zx7M8hgKV1RWBhx7LEN0TzgdlmFQd+gQbD48rk7H4/Hg
4McfkwSHQBCqFoWZ4BDHRoLj8IFDMPswF61eWYO4+LiInjwWFhUiMzuDNwajcRJ9PX2wcBiHckFR
FLJzsnHO+eeiuLTY51qn04mOtg786Ykn8eB9D+DwwcNBSXSYzWbsffMdPLDzAbzy/MuYNE76HE+b
kpqCG265AUkx2MMfTi1qBPqQjRQymQw5eXkoKuGvKnI6HGhvbUVDfX0YIwsPDfX16Ghr89kit6Km
BobMzCWX2scq4dQi0X3oMc/N4Y3XX8f+jz7i/K6jKApx8fH41ne/yzsefjFQFIWtZ58NmqeK4+09
e3D82LFFt8+9+K9/oaO9nfPnlEolqmtroYtQxetygOiecDosy6Kvt3fRP9fX27ssD1aWI0LVoiB3
dZoYSHBYLRacPH4SNit3VpSiaaxauypi7SmnUCgVyCvIR1JyEibGJ864zni96GjvQF9vPyqqKvy6
p0gsQu3qWphMJlj//iyGBod413o8HkxPTePQ/oNobW5BTl4O1m/agNXr1iDdkO7334PxMpiamkLd
oSPY+9Ze9Pf0wWKxLFhyl5CYgCuvvhIrV68CRcdeTWU4tagV6EM2UlAUBUNGBrZu24b21lbONSzL
YnxsDG/u3o3q2tpl06bBsize3L0bE+PjvJsokUiEreecE5QXtlgjnFokug8tTocDR+vq8MKzz/Im
A9VqNW674w5UVVcHbQT6Odu349l//IPTcNBus+GPv/sdEpOSUFBYuKCvFcuyeOuNN/DGf/6DOR7P
ss1btyIjMzPmPLKCCdE94XRYYEk+XsvZ+2u5IVQtCjLBoRWrIh1CyDl+7LhPN/HcvBykpadDIo3s
/zyKolBUXISMzAzOBAcw36bS09Xtd4IDAORyObacvQUsw+D5fz7nM8nBsixcLheMRiNmZ2bR3tqB
l597CUnJScjMzoIhwwB9fBy0Wi2UKiU8bg9sViusNhvmZk0YGhpCf08fjBNG2Gw2WC1Wv3oJtTod
zr9wOy645MKItQlFmnBqURubv+KA0Gg0qKquRn5BAbq7ujjXOBwOtDQ14fixY6hdxT/FSEgcP3oU
Lc3NPsvcq2trUVxaSkwHl0A4tUh0Hzq8Xi+6Ojvx59//nte3QqFQ4PyLLsK527cHtQVTrVbjps9/
Ho8+/DDcrjMrLwcHBvDgfffhtjvuwLqNG3l9uYYGB/HyCy/g4w8/xKTRyLln0mq1OOf888mkpAAh
uiecDkVRSEv3/zDxFGnp6cvmQGW5I1QtCjLBIaHEUIkUsHr53XqFzqH9h2Ce42/rqFlZC31cdJRa
5hbkISMrAw31DZybC/OcGb3dvTBOGJGU7P8GQ6lSYus5Z4OiKDz/zHMY7B/0/QPsfFbYbTLBPDeH
8bFxtLe2QyKRQCQSgRbRoGkaLMuCYRgwDAuG8cLtmh9j5asN5XR0ej0u+dwl2HH91VCqln9FERcq
kQISKnyPEAk97+RsJebbfkPTNDKzsnD2uefyJjhYlsXY6CheefFFlFdWQiYL78jpYOOw2/HKiy9i
3McoOoqmcfa558KQwd9eR+BGJZ7XYrggug8NLMtiZGgITz7xBEaGuaeDSSQSVK5YgVtuvTUk5pzn
bN+O9/buxfH6ejCnff8yDIO+3l488utfo7SiAuvWr0dufj7EYjFMJhNGhobQePIkOtvbMWk0wm63
8+r9iquvRlFJScx5ZAUTonsCFzRNY826dXjyiScW1XKydv36oFWDEUJHuHUfTASZ4AAAnVi1bBMc
M9PT6Ghr5z19pEU0albVQhclZllyuRwFRYVISU3B6MjoGddZlkVXZxf6e/sWleAA5pMcW87Zirj4
eLz64iuorzvmlzERy7LweDzweDw+x1YthaTkZOy4bgfOv3g7tFptUO8tJHQRqKTSS8mGZ7FodTrU
rlqFgqIidHV0cK5xuVxoa2nBW2+8gcuuuCLMEQaXt/fsQWtLC1wcp8KnqK6pQWlZGZmosAT0ETjN
IboPPjabDUfr6tDc2Mj5nUrTNLJycvD1b30LcfHck9ICRalU4pvf+Q7u+f73MTI8fMYLEsPMt44e
OXgQTSdPQiqVgqIoMF4v3G437HY7XC6XzxerjZs3Y9u550a8nVfoEN0TuKAoCpnZ2Vi/aRMO7Nvn
189kZGZi7YYNJMEhACKh+2Ah2P9dOokm0iGEjMMHDmNmeob3S7uwqAhp6akQS6IjP0VRFAqLi5CR
lcm7pq+nF309fWC8i3dNViqVqF1diy9/8yu48pqroNFE5t9eLBGjvLIC37nru7jw0otiOrkBREaD
OmEXF0QEmqaRnZuLCy6+mLdagWVZTE1OYs+uXRgbPTNJKRTGx8awZ/duTE9N8VdvUBS2nXceqd5Y
IpHQINF98FEoFFi3YQOuvfHGM9u0KAoJiYn42v/8D7JzckIaR05ODn5wzz1ISU3l1aPL5cLszAwm
xscxPjY23446Owun0+kzuVG5YgVu/PznkZmdTV6mAoTonsCHVCrFl7/+dWRmZS24VqvV4nt33x2x
fTxhcQhZg6KdO3fujHQQS0FGSzDk4PZ8EDIsy+IfT/0dfT29vC0T5190PmpW1UbV6aNGo0Z3Vze6
[...]
Z1pW6qZvfE9/+eujBdfiQumUegQH2QeCxbLMG8Fh1BQVKfciM9zIOxUV5Tp10dGqra4asomxd2jq
z353hz5y9WUlreXXf7pbW7bvzHuQVF1VqTPfcawqK8pLWgf25cXBCLkHgoXcm8+yLB09f64uv+Bs
7Wxt06Yt28d8n67rqqOrR9/56a36y18fVXdPrzZu2T6mxUxT6bQeWPa0Nr66TTU1VXr+pTVMS/GJ
F7lPxqVB/rxAYCSN6xYYNoJDys0dhXdilqUJ4xp1+YXn5L1N/8Cg/vdXf1BbR2fJ6ujd06fv/eI2
7ekfyHubyy84RxPHjyu4RR2Kz4tMknsgWMh9OMTjtq66aLHOOPFYVRdp7SrXddXZ3aMXXl475ubG
Xql0Wms2bNbyF16mueEjLzJZZthQeCDsTMykcWeCHO94r7a6WldfuiTvwY/jOHp12w7953d+WrIa
vvrdnxVceb26skIfuOwC1dVUD/lzlI5XV3IBBAe5D4+amip95JrLdOzCw4q2I5rruspmnaI0N/Zy
HCfyiyb6zYtMlo19SRgARWRiJo0bdJL78mXMqpdsO6YZUyfpqosX63u/uG3I2wwMpvR/f75Hi08/
UacuOrqoj//Uihf101sLr71x2YXnaPqUSbJt43p2xvNii2ByDwQLuQ8PS9IhM6fpfe8+X9t3tWrV
ug1+l4SA8iL35cadmQTPhPFN+sUPvlnUBqOJYrGYGhvq/C7DeCZm0riSGbLqj9rqal39ngt06x33
q72z620/d11XbR1d+sd//aZ+/79f0/QpE4vyuKvWbtD1N35Ju9s75eaZjD2uqUEfvvJi1dUyesMP
DFUHoofch4tt27rg7JO1YuUa7djdpo6ubr9LKglLlmIx3lej5UUmyxM0NsfKtm2Na270uwyERC6T
ZjHucjfHO/6w7ZgOnD5Fn/jw3+S9jeM4Wrths6779Be1s7V9zI/Zsmqtrv6Hz2vNK5sKdqE//XfX
aNb0KWwN6xOGqgPRQ+7Dp6K8XB9+7yV6x3FHKB43bMn8YUok4qqrrfG7DGN5NUWFHhQQDDHLzCkq
Rp4R0n33R3Vlhd593pk66ZiFeW+TzmT0+LPP690f/qSWv/jyqB/r1jvu05UfuVEvrVlfcM7tScce
oSVnnczOKT7xMovkHggGch9e0yZN0LWXv0sL5hzidyklUVVZoZlTJ/ldhpG8zGJF0rOHAlCAqVk0
s8HB8Y4vLMvSAeOadONHP6Caqsq8txtMpbXixdW64iM36ks3/0g9vX3DfoyNr27TBz/5r/rEv/+X
NmzeqmyB5kZjfZ0+89FrNWFckyfzQvF2XmaR3APBQO7DKxaL6eTjjtS7zjlVkyaM87ucokomE5o+
eaIOnjnN71KM5GUWK5IEHwgCU7No33TTTTf5XcRIuZIch/l5frDtmMY1NmjihHG696HH5eRZF8Nx
XXX37NHzK9fozgce1YZXt6qto0uZTEZO1lFZWVJ7+ga0dedurVy7QfcsfVw//u2f9R//8yM907JS
nd09BWdgliUTuvnf/1mnnXC0ysvKSvNksV+2HfNsnjy5B4KB3IdbPG7roBlTtX7zVq3dsCk0O5fM
mjZFH7/2Cs09ZJbfpRjJy9w7rtTV78lDASigucZSmYFrcBi3yKjEwmN+q6qs0IVnn6ptO3brP771
w7y3c11Xnd09WrFyjdZu2Kzy8jKVJRKy47biti3HcZXNZpXJZjQwmNbA4KD6+gfyLia6l2VZuukf
rtM5pyxSZTlTU/zkZRbJPRAM5D78xjU16KPXXKZdre3667KnjN+NYVxTgy4+93SdefJxfpdiLC+z
WFnGQqNAEOSyaB4jGxyWlTvJ3d+JMErDsiw11tfq2ivepdb2Tn3vl0NvHbtXNptVd+8edffuGfNj
J+Jxfe7vP6T3XrxYdTXVTE3xkWVZni4CSO4B/5H7aLAsS3MPmaW//+CVGkyn9NgzzyuTMXMkx/jm
Rl196RJ99JrLuCgySl7nPh6TyhPSQNq7xwSwr/JELosmMnKKiiS5csXxjn8sy9f2o7AAAB5ySURB
VFJVRYUWzDtEjfW1Wvb08yW/wlNTValv3vSPuuyCc9TUUEdzw2e2bcn2eII8uQf8Re6jw47FNHHC
OC06cr7GNzWop3ePunp6lc5k/C5tWKqrKnXaCUfrxo9+QO9ZcraaGur8LslYfuR+MCP1pzx9SABv
UldpqabczHMtyzX0sojjuEplzB4yGQau66qto0t/vu8h/et//a927m4ryeMsmHuIPvvxD+qU445U
dVUlzY0ASMZjnu9wQO4Bf5H76HEcR929e9TV3auO7h7t2NWqjq7uQI/oSCYTmjRhnGZNm6zG+jpV
lLNW11j4kfuefleb2ow8RQFCYXqTpZoKM8+3jG1wSNJAKrhfrlHiuq729PVr1bqN+s7Pfqvf3n5f
0UZz1NfW6Ib3X6rLlpytaZMnqrzM0P2KQqg8afvyuOQe8A+5jzbHcZXJZJTJZuUGeI2EmGUpHo8r
ETdyJnbg+JF7x5VWbqWxCfhl7uSYsTuZGd3gSGUcVlcPkGw2qx272/Tk8hf1qz/erfsefkKp9Ogm
UNZUV+qyJWfryovO1exZ09VQV8uojQCJxSwlfZqYR+4Bf5B7IHr8zP3GVle9A+Qe8Fp1uaUZzeae
dxnd4MhmXaWzdHeDpn9gUK3tHdq0Zbv+fN/Devr5l9Syaq36+gcK/l55eZnmHTJLxy08TO8+70zN
nDZZzY31itv+XDFEfgk7Jtv254OP3AP+IPdA9PiZ+7ZeV9s7jT1NAYw1sd5SUzUNDl+4rjSYZthq
UGWyWXV0dqtnT596evdo9SsbtautQ13dvers6ZHruKqrrVFdTbXGNzfo0ANnqKa6SjVVlWpqqJNN
YyOwyhK2pyuqvxm5B/xB7oHo8TP3qYy0ZgeNTcBrhxwQU9LgGX5GNzgkKZV25Jj9FCLBdV31Dwwq
nckom80qk8nKlRS3bcVtW4lEXBXlZUxDMUDMspRM+LtvFLkHvEXugegJQu7X73LUx24qgGcqk9Ks
8YbuD/sag3szObGYJSfLAU/QWZalygr2nw8Dr1dSz1cDuQe8Q+6B6AlC7msrLPWlyD3glVpDd055
M7PbM5Ln+3IDUReEzAWhBiBKgpC5INQAREkQMheGky3AJGHInPENDssKRocZiIJYzPJtLu6bkXvA
O+QeiJ6g5D4Zl6rLAlAIEAHVZZbRa2/sZXyDQwpGhxmIgiBlLUi1AGEWpKwFqRYgzIKUtbpKvysA
oiEsWaPBAWDYgpS1INUChFmQshakWoAwC1LW6iqDMZoECDPLymUtDELR4JCC9UEMhFEQMxbEmoAw
CWLGglgTECZBy1jMkupDcuIFBFV9paWARX/UwtPgsEPyFwECKogZC2JNQJgEMWNBrAkIkyBmrKEq
eDUBYRKmjIWmwRGzLMUYvwaURFDzFdS6gDAIar6CWhcQBkHNV2VSqizzuwognCrLchkLi9A0OKRg
dpyBMAhytoJcG2CyIGcryLUBJgtythpDdIUZCJKwZStcDY6AbGkFhIllBW8+7puRe6D4yD0QPUHP
fX2lpYTtdxVAuCTs8K1xE6oGhyTZsdA9JcBXJmTKhBoBk5iQKRNqBExiQqYaq8N1Igb4LYyZCv4n
2QjFAzy0DjCRCZkyoUbAJCZkyoQaAZOYkKmm6vDs9AD4LWblMhU2oWtwSGZ8QAMmMClLJtUKBJlJ
WTKpViDITMlSzJKaasyoFQi6pppwNgxD2eCw7VA+LcBzJmXJpFqBIDMpSybVCgSZSVlqrmYNHmCs
LCuXpTAy59NsBCyZ04kGgipuWzIpReQeGDtyD0SPabm3Y1IzoziAMWmusWRQX3NEQvq0pHhY/2KA
R0zMkIk1A0FiYoZMrBkIEhMzNK46vCdnQKnZsVyGwirUHw0mfmADQWBydkyuHfCTydkxuXbAT6Zm
J8YoDmDUmmssGbBp0qiF+Km9NuSOzz5gRCzL7CHf5B4YOXIPRI/puR9XYykZ97sKwCzJeC47YRbq
Bodkbmca8EsYMhOG5wB4KQyZCcNzALwUhsyMrw33iRpQbFHIjPmfbPthxyzFwrj/DVACsZglOwR5
IffA8JF7IHrCkvv6SkvVZeY/D8AL1WWW6ivDn5fQNzgks4ffAV4KU1bC9FyAUgpTVsL0XIBSClNW
xteF57kApRSVrESiwRGzLNkh+iAHSsG2LcVCNImd3AP7R+6B6Alb7iuTUlOId4QAiqGp2lJl0u8q
vBGJBockJewYC5ABeVhWLiNhQ+6B/Mg9ED1hzf2EOksJ2+8qgGBK2LmMREX4PuEKCMNiSkAphDkb
YX5uwFiEORthfm7AWIQ1GzFLOiBCJ3DASBxQZykES+4MWzg/5fKwQ7KgElBMYc9F2J8fMBphz0XY
nx8wGmHPRV1lNBZQBEaivtJSXcRyEakGhyTF4wxdBfayrFwmwo7cA28g90D0RCX3E+stxZmqAkiS
4nYuE1ET/k+6t7AU3uF5wEjF7Zii8LFH7oE3kHsgeqKSezsWzRM6YCgT6y1F8Wswgk/5tSF6rLKO
iLPtcA9VfStyD5B7IIqilvu6CotdVRB5TdWW6iqimYNINjik3ArSYdoiCxiJmGWFchX1/SH3iDJy
D0RPVHM/sd5SRUS2xATeqiIZ7ZFM0fvEe5N4PLp/eERblN/7UX7uiLYov/ej/NwRbVF+70+qj/Rp
DiIs6u/9SD/7mGUpEYEFl4A3S8SjfTWT3COKyD25R/REPfcVSWlyQ3SfP6JpcgOjlyL/bc/8XERJ
1Obh5kPuESXkPofcI0rIfU5DFetxIDqaqi01VPF+j3yDQ3ptfi5fAgi5WCya83DzIfeIAnK/L3KP
KCD3+5pYb6m6nNwj3KrLrUivu/FmfPq9JmHHFOFRfAg5yxIHO0Mg9wgzcj80co8wI/dDm9JoKRn3
uwqgNJLx3HscOXwCvsayxPxchFYizgH9UMg9wozcD43cI8zI/dDiMWlqI68Nwseycu9tvtbewEvx
JixChjCK+iJj+0PuEUbkvjByjzAi94VVJKWpXOVGyExtZFHRt+Lb/S3sGAc9CI9EPMYiY8NA7hEm
5H54yD3ChNwPT22FpUnsrIKQmNRgqbaC9/Nb8c0+BDtmKc78RRgubnOwMxLkHmFA7keG3CMMyP3I
NFZZmlDH6wWzTaiz1MiOKUPiWz2PuG0pznZyMBTv39HhdYPJeP+ODq8bTMb7d3TG1VgaV8vrBjON
q7U0rob3bz40OAqI2zG+NGCc3MEO0R4tcg8TkfuxIfcwEbkfmwm1lpo5SYRhmmssTaA5VxCfivvB
QQ9MwsFOcZB7mITcFwe5h0nIfXEcUGepuZrcwwzN1ZYOYHrVfvHJOAwc9MAEHOwUF7mHCch9cZF7
mIDcF9cB9YzkQPA111g6oJ736XBYruu6fhdhikzWUSbLy4Xg4WCndMg9gorclw65R1CR+9LZ2e1q
dze5R/CMq2VaykjQ4BihTNZVJuv4XQbwOq44lh65R9CQ+9Ij9wgacl96u3tc7ezi1AjBMaGOBUVH
igbHKGQdV+kMBz3wH/vee4fcIyjIvXfIPYKC3HunfY+rbR2cHsF/kxrYCnY0aHCMEgc98BsHO94j
9/AbufceuYffyL33uvtdvdruirMk+MGypKmNlmoryP1o0OAYA8fNHfTwCsJLlpU72IlZfOj5gdzD
D+TeX+QefiD3/upPSa+2O0pl/K4EUZKMS1MbY6pI+l2JuWhwjJHrSumsI8fhZUTpxWKWEnZMHOv4
i9zDS+Q+GMg9vETugyHjSFvaXfUOkHuUXnW5pSmNluKsIzwmNDiKJJ11lGXFdZSQbecOdhAc5B6l
Ru6Dh9yj1Mh98GzvdNXWS+5ROk3VliayDWxR0OAoIubpolSYfxtc5B6lQu6Di9yjVMh9cHXscbWV
xUdRApMbLDWwmGjR0OAoMsd1lcm4cnhZUQQxy1I8bjH/NuDIPYqJ3JuB3KOYyL0Z+lPStk5H/Sm/
K0EYVCSlSfWst1FsNDhKhCGsGCuGqJqH3GOsyL15yD3GitybhykrGCumpJQODY4SyjquMllWXcfI
WJYUtxmiaipyj9Eg92Yj9xgNcm+2rn5X2ztdZbJ+VwKTxG1pYr2lOraALRkaHCXmSspkHGVZdR3D
YMcsxeMx8ZFnNnKPkSD34UDuMRLkPhyyTm40R2cfucf+1VfmRm0wYKu0aHB4hKs7KISrOOFE7lEI
uQ8nco9CyH04dfW52tHlKs1oDgwhYUsH1FmqqyT3XqDB4THm6uKtmHsbfuQeb0Xuw4/c463Ifbg5
rrSzi7U5sK+maksT6izR0/QODQ4fOK6rTNaVwzDWSIvFLMVtVkyPCnIPidxHDbmHRO6jpi8l7epy
1TtI7qOsuszS+DpLleyQ4jkaHD5iGGs0MTw12sh9NJH7aCP30UTuo62zz9WublepjN+VwEvJuDS+
1lI901F8Q4MjADLZ3IEPwi9uxxS3+cADuY8Sco+9yH10kHvstbvHVWuPK6IfbnZMaq6xNK6G3PuN
BkeAZLKOMszXDaW4bSnOvFsMgdyHF7lHPuQ+vMg9huI40u7eXKODM69wsazXGhvVlmJEPxBocASM
KynLgU9oxG1Lts02cCiM3IcLucdwkPtwIfcYjqwjtfa6autxxdI8ZotZUlONpeZqtn0NGhocAZbJ
uso6zNk1jWVJdoyhqRgdcm8mco+xIPdmIvcYLceV2npdtfeytaxpErbUWG2pqZqdUYKKBocBso6r
bNaVw58q0GKWJdu2WEwMRUHuzUDuUUzk3gzkHsXU2eeqfY+rvkG/K0EhlWVSYxWLh5qABodBHDd3
4JNlTFug2LHcgQ7bv6EUyH0wkXuUErkPJnKPUupLSR17XHX2sU5HUFiWVF9pqaGK7V5NQoPDUFkn
d+DjcPDji1gsd+WGqzfwErn3F7mHH8i9v8g9vOa4Ulefq64+qXeQ3PuhusxSXaVUV8k0FBPR4DCc
6+r1Ax+GtJZWzLJeP9Dh4g38RO69Q+4RFOTeO+QeQZHKSN39rrr7XfWl/K4m3CqTUm2FpdoKS8m4
39VgLGhwhIjrSo7jKutypadYYjFL9msHOhzkIIjIffGRewQduS8+co+gS2WkngFXPQNS7wC5L4bq
cks15VJNOU2NMKHBEWJvHPxI/JmHx7Jye1jvPcgBTEPuR47cw3TkfuTIPUzmuNKeAVe9g9KeQVcD
ab8rMkN5Qqoqs1RdJlWVM/0krGhwRITr5hYtc93cvttc8cmJxXIfbpaVWzSMqzYIE3I/NHKPMCP3
QyP3CLOMI/UN5qax9Kdc9adyTZAoi1lSRVKqSOYWCK0ssxSP+V0VvECDI8LefBD0xr/7XVVpWJZe
P6Dh4AZRRu79rgrwHrn3uyrAe4NpaSDtaiCT+/fBjKtURqHLvmVJybhUFrdUlpDK41J5IvfviCYa
HHgb15Vc5Q5+9v77a/977Z/u67fz094DFkuWXvvfa//ce2Dzxr8DKIzcA9FD7oHoSWelVMZVOpv7
90w2NwIk6+zdtSk3+iPXDPU+/7km5Rv/tGOvbdEck+IxKW5Lidf+n4xbStje1ofgo8EBAAAAAACM
x0wkAAAAAABgPBocAAAAAADAeDQ4AAAAAACA8WhwAAAAAAAA49HgAAAAAAAAxqPBAQAAAAAAjEeD
AwAAAAAAGI8GBwAAAAAAMB4NDgAAAAAAYDwaHAAAAAAAwHg0OAAAAAAAgPFocAAAAAAAAOPR4AAA
AAAAAMajwQEAAAAAAIxHgwMAAAAAABiPBgcAAAAAADAeDQ4AAAAAAGA8GhwAAAAAAMB4NDgAAAAA
AIDxaHAAAAAAAADj0eAAAAAAAADGo8EBAAAAAACMR4MDAAAAAAAYjwYHAAAAAAAwHg0OAAAAAABg
PBocAAAAAADAeDQ4AAAAAACA8WhwAAAAAAAA49HgAAAAAAAAxqPBAQAAAAAAjEeDAwAAAAAAGI8G
BwAAAAAAMB4NDgAAAAAAYDwaHAAAAAAAwHg0OAAAAAAAgPFocAAAAAAAAOPR4AAAAAAAAMajwQEA
AAAAAIxHgwMAAAAAABiPBgcAAAAAADAeDQ4AAAAAAGA8GhwAAAAAAMB4NDgAAAAAAIDxaHAAAAAA
AADj0eAAAAAAAADGo8EBAAAAAACMR4MDAAAAAAAYjwYHAAAAAAAwHg0OAAAAAABgPBocAAAAAADA
eDQ4AAAAAACA8WhwAAAAAAAA49HgAAAAAAAAxqPBAQAAAAAAjEeDAwAAAAAAGI8GBwAAAAAAMB4N
DgAAAAAAYDwaHAAAAAAAwHg0OAAAAAAAgPFocAAAAAAAAOPR4AAAAAAAAMajwQEAAAAAAIxHgwMA
AAAAABiPBgcAAAAAADAeDQ4AAAAAAGA8GhwAAAAAAMB4NDgAAAAAAIDxaHAAAAAAAADj0eAAAAAA
AADGo8EBAAAAAACMR4MDAAAAAAAYjwYHAAAAAAAwHg0OAAAAAABgPBocAAAAAADAeDQ4AAAAAACA
8WhwAAAAAAAA49HgAAAAAAAAxqPBAQAAAAAAjEeDAwAAAAAAGI8GBwAAAAAAMB4NDgAAAAAAYDwa
HAAAAAAAwHg0OAAAAAAAgPFocAAAAAAAAOPR4AAAAAAAAMajwQEAAAAAAIxHgwMAAAAAABgv7ncB
AMKvp6dHK1as0IYNG1RZWal58+Zpzpw5fpcFAAAAIERocAAomUwmo+eee07Lly9XJpORlGt27Ny5
U5Zlafbs2bIsy+cqAQBAMfT09GjDhg0aHBz0u5R9lJWVaebMmaqpqfG7FAAlZrmu6/pdBIDwWbt2
rZYtW6Y9e/YM+fOGhgZdccUVNDgAAAiBZcuWacWKFX6XUdCCBQt04okncuwBhBgjOAAUVVtbm5Yu
XaodO3YUvF1nZ6dHFQHwUmdnp7Zu3ar29nZ1d3erp6dHvb29cl1XNTU1qq2tVXV1tZqamjR58mTV
19f7XTKAMXr00UfV0tLidxn79fzzz0sSTQ4gxGhwACiK/v5+PfHEE1q1apWGMzCMwWNAeGzdulWr
Vq3S1q1b1dvbm/d2bW1tamtr2+e/VVdXa9KkSZo7d64mT55c6lIBFFlPT49aWlqM+V5//vnnNX/+
fNXW1vpdCoASoMEBYEwcx1FLS4uefvpppVIpv8sB4KHOzk49/vjjWr9+/ajvo7e3V2vWrNGaNWs0
a9YsLVq0iFEdgEHGkn+/rF+/XgsXLvS7DAAlQIMDwKht2rRJjzzyiLq6uvwuBYCH+vv79dRTT2nV
qlXKZrNFu9/169dr48aNmjt3ro499lhVVFQU7b4BlEbQFhQdDi7IAOFFgwPAiHV1denhhx/W5s2b
/S4FgMcGBgZ01113afv27SW5f8dx9OKLL6qjo0OLFy9WMpksyeMAAIDwocEBYNhSqZSeeeYZtbS0
FPWqLQAzdHd36/bbb/dkkeCtW7fqtttu0+LFi1VXV1fyxwMAAOajwQFgv1zX1csvv6zHH39c/f39
fpcDwAfbt2/XXXfd5elnQHt7u2677Tadf/75Gj9+vGePCwAAzBTzuwAAwbZjxw7deuuteuCBB2hu
ABGVSqX04IMP+vIZ0N/fr6VLlxo5zx8AAHiLBgeAIfX19en+++/Xbbfdpt27d/tdDgCfuK6re+65
Rx0dHb7VsHv3bt17773GbEMJAAD8wRQVAPtwXVctLS166qmnWGUcgFauXBmIBYU3b96slStXat68
eX6XAgAAAooGB4DXbdu2TUuXLvX1Si2A4EilUnr66af9LuN1Tz75pA4++GB2VgEAAEOiwQFAvb29
euyxx7R27Vq/SwEQIM8995z6+vr8LuN1/f39evbZZ7Vo0SK/SwEAAAFEgwOIsGw2q+eff17PPPOM
0um03+UACJCOjg61tLQEbt2LlpYWzZs3T7W1tX6XAgAAAoYGBxBRmzdv1sMPP6yuri6/SwEQQKtX
r1Ymk/G7jLfJZDJ66aWXdPzxx8uyLL/LAQAAAUKDA4iYnp4ePfroo1q/fr3fpQAIsPXr1wdu9MZe
GzZs0PHHH+93GQAAIGBocAARkc1mtXz5cj377LOBvCoLIDg6OjrU2dnpdxl5dXR0qKOjQ42NjX6X
AgAAAoQGBxABGzdu1COPPKLu7m6/SwFggA0bNvhdwn5t2LCBBgcAANgHDQ4gxLq6uvTII49o8+bN
gR1qDiB4WltbA/+Z0dra6ncJAAAgYGhwACH1zDPP6JlnnlE2m/W7FACGCdLWsPmYUCMAAPAWDQ4g
hB5//HE999xzfpcBwFA9PT1+l7Bf/f39fpcAAAACJuZ3AQCKb/Xq1X6XAMBgJoyO2LNnj98lAACA
gKHBAYSQbdt+lwDAYHyGAAAAE9HgAELomGOO8bsEAAarrKz0u4T9qqqq8rsEAAAQMDQ4gBA69NBD
deKJJ3IVFsComNDgqKio8LsEAAAQMDQ4gJBauHChrrjiCk2fPl2WZfldDgCDmNDgMKFGAADgLRoc
QIjV1dXp/PPP1+LFi1VbW+t3OQAM0dzcHPjGaHNzs98lAACAgKHBAUTAjBkzdOWVV+q4445TPM7u
0AAKmzlzpt8l7JcJNQIAAG/R4AAiwrZtHX300bryyis1a9Ysv8sBEGANDQ2qr6/3u4y8Ghoa1NDQ
4HcZAAAgYGhwABFTU1Ojc889V0uWLFFdXZ3f5QAIqGnTpgV2mgqjNwAAwFBocAARNW3aNF1xxRVa
tGiREomE3+UACJj58+cHssERi8U0b968QNYGAAD8RYMDiDDbtnXkkUfqyiuv1EEHHeR3OQACpLa2
VnPnzg1cI2HOnDmqqanxuwwAABBANDgAqLq6Wuecc44uvPBC5rUDeN0xxxwTqIWJ4/G4jj322MA1
XQAAQDDQ4ADwuilTpujyyy/XiSeeqGQy6Xc5AHxWWVmpefPm+V3G6+bPn6/Kykq/ywAAAAFFgwPA
PmKxmBYuXKirrrpKs2fP9rscAD47/vjjNXHiRL/L0IQJE3TMMcf4XQYAAAgwGhwAhlRZWakzzzxT
F198scaNG+d3OQB8Ytu2Fi9e7Ov0tbq6Op133nmBmi4DAACChwYHgIImTpyoSy+9VKeffroqKir8
LgeAD8rLy3Xeeef58hlQUVGhJUuW8PkDAAD2iwYHgP2yLEtz5szRe9/7Xh1xxBGybdvvkgB4rK6u
TpdeeqnGjx/v2WM2Nzfr3e9+t+rq6jx7TAAAYC4aHACGLZlM6oQTTtAVV1yhadOm+V0OAI/V1NTo
oosu0qxZs0r+WDNmzNAll1yi2trakj8WAAAIBxocAEasrq5OS5Ys0fnnn8+VVSBi4vG43vnOd+qM
M84oybSRiooKnXbaaVq8eDFrbgAAgBHhyAHAqE2fPl1Tp05VS0uLnn76aaVSKb9LAuABy7J06KGH
asaMGXriiSe0cuVKua5blPs84YQTVF5eXqRKAZRaWVmZ3yWMWDKZ9LsEACVCgwPAmOzdVnb27Nl6
4okntGrVqjGf6AAwQ3l5uU499VTNnj1bLS0t2rRpk9Lp9IjuI5FIaNq0aVqwYEEgtqMFMDKzZs3S
smXL/C5jRLyYZgfAHzQ4ABTF3mHl8+fP19KlS7Vjxw6/SwLgkYkTJ77enNi4caNeeeUVdXR0KJVK
aXBwUH19fZJy208nk0mVlZWpqalJM2fO1IwZM3ysHMBY1dTUaP78+WppaTHiAseCBQtUU1PjdxkA
SsRyTfgkAmCctWvXatmyZdqzZ8+QP6+qqtL73/9+WZblcWUAAKDYli1bphUrVvhdRkELFizQiSee
yLEHEGI0OACUTDqd1vLly7V8+XJlMpl9fnb88cfryCOP5CADAICQ6Onp0fr16zU4OOh3KfsoKyvT
rFmzGLkBRAANDgAl19PTo8cee0yvvPKKbNvWiSeeqMMOO8zvsgAAAACECA0OAAAAAABgvJjfBQAA
AAAAAIwVDQ4AAAAAAGA8GhwAAAAAAMB4NDgAAAAAAIDxaHAAAAAAAADj0eAAAAAAAADGo8EBAAAA
AACMR4MDAAAAAAAYjwYHAAAAAAAwHg0OAAAAAABgPBocAAAAAADAeDQ4AAAAAACA8WhwAAAAAAAA
49HgAAAAAAAAxqPBAQAAAAAAjEeDAwAAAAAAGI8GBwAAAAAAMB4NDgAAAAAAYDwaHAAAAAAAwHg0
OAAAAAAAgPFocAAAAAAAAOPR4AAAAAAAAMajwQEAAAAAAIxHgwMAAAAAABiPBgcAAMD/b8cOSAAA
AAAE/X/djkBnCADsCQ4AAABgT3AAAAAAe4IDAAAA2BMcAAAAwJ7gAAAAAPYEBwAAALAnOAAAAIA9
wQEAAADsCQ4AAABgT3AAAAAAe4IDAAAA2BMcAAAAwJ7gAAAAAPYEBwAAALAnOAAAAIA9wQEAAADs
CQ4AAABgT3AAAAAAe4IDAAAA2BMcAAAAwJ7gAAAAAPYEBwAAALAXxavKHwRz1UsAAAAASUVORK5C
YII=
" width="800px"&gt;</msg>
<doc>Takes a screenshot of the current page and embeds it into the log.</doc>
<status status="PASS" start="2024-10-26T14:11:46.250222" elapsed="1.880540"/>
</kw>
<msg time="2024-10-26T14:11:48.130762" level="INFO">criteria is com.google.android.calculator:id/result_final</msg>
<msg time="2024-10-26T14:11:48.130762" level="FAIL">The text of element 'id=com.google.android.calculator:id/result_final' should have been '-1' but in fact it was '−1'.</msg>
<arg>${result}</arg>
<arg>${result_expected}</arg>
<doc>Verifies element identified by ``locator`` exactly contains text ``expected``.</doc>
<status status="FAIL" start="2024-10-26T14:11:45.673494" elapsed="2.457268">The text of element 'id=com.google.android.calculator:id/result_final' should have been '-1' but in fact it was '−1'.</status>
</kw>
<arg>4</arg>
<arg>5</arg>
<arg>-1</arg>
<status status="FAIL" start="2024-10-26T14:11:39.814839" elapsed="8.315923">The text of element 'id=com.google.android.calculator:id/result_final' should have been '-1' but in fact it was '−1'.</status>
</kw>
<kw name="Limpar calculadora" owner="capabilities" type="TEARDOWN">
<kw name="Set Variable" owner="BuiltIn">
<msg time="2024-10-26T14:11:48.130762" level="INFO">${clear} = accessibility_id=clear</msg>
<var>${clear}</var>
<arg>accessibility_id=clear</arg>
<doc>Returns the given values which can then be assigned to a variables.</doc>
<status status="PASS" start="2024-10-26T14:11:48.130762" elapsed="0.000000"/>
</kw>
<kw name="Click Element" owner="AppiumLibrary">
<msg time="2024-10-26T14:11:48.130762" level="INFO">Clicking element 'accessibility_id=clear'.</msg>
<arg>${clear}</arg>
<doc>Click element identified by `locator`.</doc>
<status status="PASS" start="2024-10-26T14:11:48.130762" elapsed="1.363464"/>
</kw>
<status status="PASS" start="2024-10-26T14:11:48.130762" elapsed="1.363464"/>
</kw>
<status status="FAIL" start="2024-10-26T14:11:39.814839" elapsed="9.679387">The text of element 'id=com.google.android.calculator:id/result_final' should have been '-1' but in fact it was '−1'.</status>
</test>
<test id="s1-t5" name="TC005" line="16">
<kw name="Subtracao dois numeros - 1 digito">
<kw name="Set Variable" owner="BuiltIn">
<msg time="2024-10-26T14:11:49.494226" level="INFO">${n1} = accessibility_id=6</msg>
<var>${n1}</var>
<arg>accessibility_id=${number_1}</arg>
<doc>Returns the given values which can then be assigned to a variables.</doc>
<status status="PASS" start="2024-10-26T14:11:49.494226" elapsed="0.000000"/>
</kw>
<kw name="Click Element" owner="AppiumLibrary">
<msg time="2024-10-26T14:11:49.494226" level="INFO">Clicking element 'accessibility_id=6'.</msg>
<arg>${n1}</arg>
<doc>Click element identified by `locator`.</doc>
<status status="PASS" start="2024-10-26T14:11:49.494226" elapsed="1.360167"/>
</kw>
<kw name="Set Variable" owner="BuiltIn">
<msg time="2024-10-26T14:11:50.854393" level="INFO">${minus} = accessibility_id=minus</msg>
<var>${minus}</var>
<arg>accessibility_id=minus</arg>
<doc>Returns the given values which can then be assigned to a variables.</doc>
<status status="PASS" start="2024-10-26T14:11:50.854393" elapsed="0.000000"/>
</kw>
<kw name="Click Element" owner="AppiumLibrary">
<msg time="2024-10-26T14:11:50.855380" level="INFO">Clicking element 'accessibility_id=minus'.</msg>
<arg>${minus}</arg>
<doc>Click element identified by `locator`.</doc>
<status status="PASS" start="2024-10-26T14:11:50.854393" elapsed="1.337011"/>
</kw>
<kw name="Set Variable" owner="BuiltIn">
<msg time="2024-10-26T14:11:52.191404" level="INFO">${n2} = accessibility_id=6</msg>
<var>${n2}</var>
<arg>accessibility_id=${number_2}</arg>
<doc>Returns the given values which can then be assigned to a variables.</doc>
<status status="PASS" start="2024-10-26T14:11:52.191404" elapsed="0.000000"/>
</kw>
<kw name="Click Element" owner="AppiumLibrary">
<msg time="2024-10-26T14:11:52.191404" level="INFO">Clicking element 'accessibility_id=6'.</msg>
<arg>${n2}</arg>
<doc>Click element identified by `locator`.</doc>
<status status="PASS" start="2024-10-26T14:11:52.191404" elapsed="1.400909"/>
</kw>
<kw name="Set Variable" owner="BuiltIn">
<msg time="2024-10-26T14:11:53.592313" level="INFO">${equals} = accessibility_id=equals</msg>
<var>${equals}</var>
<arg>accessibility_id=equals</arg>
<doc>Returns the given values which can then be assigned to a variables.</doc>
<status status="PASS" start="2024-10-26T14:11:53.592313" elapsed="0.000000"/>
</kw>
<kw name="Click Element" owner="AppiumLibrary">
<msg time="2024-10-26T14:11:53.592313" level="INFO">Clicking element 'accessibility_id=equals'.</msg>
<arg>${equals}</arg>
<doc>Click element identified by `locator`.</doc>
<status status="PASS" start="2024-10-26T14:11:53.592313" elapsed="1.820706"/>
</kw>
<kw name="Set Variable" owner="BuiltIn">
<msg time="2024-10-26T14:11:55.413019" level="INFO">${result} = id=com.google.android.calculator:id/result_final</msg>
<var>${result}</var>
<arg>id=com.google.android.calculator:id/result_final</arg>
<doc>Returns the given values which can then be assigned to a variables.</doc>
<status status="PASS" start="2024-10-26T14:11:55.413019" elapsed="0.000000"/>
</kw>
<kw name="Element Text Should Be" owner="AppiumLibrary">
<msg time="2024-10-26T14:11:55.413019" level="INFO">Verifying element 'id=com.google.android.calculator:id/result_final' contains exactly text '0'.</msg>
<msg time="2024-10-26T14:11:55.989011" level="INFO">criteria is com.google.android.calculator:id/result_final</msg>
<arg>${result}</arg>
<arg>${result_expected}</arg>
<doc>Verifies element identified by ``locator`` exactly contains text ``expected``.</doc>
<status status="PASS" start="2024-10-26T14:11:55.413019" elapsed="0.575992"/>
</kw>
<arg>6</arg>
<arg>6</arg>
<arg>0</arg>
<status status="PASS" start="2024-10-26T14:11:49.494226" elapsed="6.494785"/>
</kw>
<kw name="Limpar calculadora" owner="capabilities" type="TEARDOWN">
<kw name="Set Variable" owner="BuiltIn">
<msg time="2024-10-26T14:11:55.989011" level="INFO">${clear} = accessibility_id=clear</msg>
<var>${clear}</var>
<arg>accessibility_id=clear</arg>
<doc>Returns the given values which can then be assigned to a variables.</doc>
<status status="PASS" start="2024-10-26T14:11:55.989011" elapsed="0.000000"/>
</kw>
<kw name="Click Element" owner="AppiumLibrary">
<msg time="2024-10-26T14:11:55.989011" level="INFO">Clicking element 'accessibility_id=clear'.</msg>
<arg>${clear}</arg>
<doc>Click element identified by `locator`.</doc>
<status status="PASS" start="2024-10-26T14:11:55.989011" elapsed="1.329893"/>
</kw>
<status status="PASS" start="2024-10-26T14:11:55.989011" elapsed="1.329893"/>
</kw>
<status status="PASS" start="2024-10-26T14:11:49.494226" elapsed="7.825237"/>
</test>
<kw name="Close Application" owner="AppiumLibrary" type="TEARDOWN">
<doc>Closes the current application and also close webdriver session.</doc>
<status status="PASS" start="2024-10-26T14:11:57.319974" elapsed="0.620523"/>
</kw>
<status status="FAIL" start="2024-10-26T14:10:39.057353" elapsed="78.883144"/>
</suite>
<statistics>
<total>
<stat pass="4" fail="1" skip="0">All Tests</stat>
</total>
<tag>
</tag>
<suite>
<stat pass="4" fail="1" skip="0" id="s1" name="Subtracao">Subtracao</stat>
</suite>
</statistics>
<errors>
</errors>
</robot>
